{"C:\\root_lab\\antigravity\\emmas_librarian\\emmas_librarian\\electron\\database\\DatabaseManager.ts": {"path":"C:\\root_lab\\antigravity\\emmas_librarian\\emmas_librarian\\electron\\database\\DatabaseManager.ts","all":false,"statementMap":{"0":{"start":{"line":1,"column":0},"end":{"line":1,"column":38}},"1":{"start":{"line":2,"column":0},"end":{"line":2,"column":20}},"2":{"start":{"line":3,"column":0},"end":{"line":3,"column":24}},"3":{"start":{"line":4,"column":0},"end":{"line":4,"column":39}},"31":{"start":{"line":32,"column":0},"end":{"line":32,"column":30}},"32":{"start":{"line":33,"column":0},"end":{"line":33,"column":32}},"34":{"start":{"line":35,"column":0},"end":{"line":35,"column":31}},"35":{"start":{"line":36,"column":0},"end":{"line":36,"column":35}},"36":{"start":{"line":37,"column":0},"end":{"line":37,"column":41}},"37":{"start":{"line":38,"column":0},"end":{"line":38,"column":40}},"38":{"start":{"line":39,"column":0},"end":{"line":39,"column":22}},"39":{"start":{"line":40,"column":0},"end":{"line":40,"column":3}},"41":{"start":{"line":42,"column":0},"end":{"line":42,"column":24}},"43":{"start":{"line":44,"column":0},"end":{"line":44,"column":27}},"44":{"start":{"line":45,"column":0},"end":{"line":45,"column":110}},"45":{"start":{"line":46,"column":0},"end":{"line":46,"column":131}},"46":{"start":{"line":47,"column":0},"end":{"line":47,"column":96}},"47":{"start":{"line":48,"column":0},"end":{"line":48,"column":6}},"49":{"start":{"line":50,"column":0},"end":{"line":50,"column":23}},"50":{"start":{"line":51,"column":0},"end":{"line":51,"column":22}},"51":{"start":{"line":52,"column":0},"end":{"line":52,"column":36}},"52":{"start":{"line":53,"column":0},"end":{"line":53,"column":29}},"53":{"start":{"line":54,"column":0},"end":{"line":54,"column":48}},"54":{"start":{"line":55,"column":0},"end":{"line":55,"column":21}},"55":{"start":{"line":56,"column":0},"end":{"line":56,"column":14}},"56":{"start":{"line":57,"column":0},"end":{"line":57,"column":7}},"57":{"start":{"line":58,"column":0},"end":{"line":58,"column":5}},"59":{"start":{"line":60,"column":0},"end":{"line":60,"column":99}},"61":{"start":{"line":62,"column":0},"end":{"line":62,"column":28}},"64":{"start":{"line":65,"column":0},"end":{"line":65,"column":24}},"65":{"start":{"line":66,"column":0},"end":{"line":66,"column":58}},"66":{"start":{"line":67,"column":0},"end":{"line":67,"column":54}},"67":{"start":{"line":68,"column":0},"end":{"line":68,"column":61}},"68":{"start":{"line":69,"column":0},"end":{"line":69,"column":60}},"69":{"start":{"line":70,"column":0},"end":{"line":70,"column":53}},"70":{"start":{"line":71,"column":0},"end":{"line":71,"column":52}},"71":{"start":{"line":72,"column":0},"end":{"line":72,"column":51}},"72":{"start":{"line":73,"column":0},"end":{"line":73,"column":51}},"73":{"start":{"line":74,"column":0},"end":{"line":74,"column":58}},"74":{"start":{"line":75,"column":0},"end":{"line":75,"column":61}},"75":{"start":{"line":76,"column":0},"end":{"line":76,"column":59}},"76":{"start":{"line":77,"column":0},"end":{"line":77,"column":50}},"77":{"start":{"line":78,"column":0},"end":{"line":78,"column":63}},"78":{"start":{"line":79,"column":0},"end":{"line":79,"column":107}},"79":{"start":{"line":80,"column":0},"end":{"line":80,"column":56}},"80":{"start":{"line":81,"column":0},"end":{"line":81,"column":6}},"81":{"start":{"line":82,"column":0},"end":{"line":82,"column":35}},"82":{"start":{"line":83,"column":0},"end":{"line":83,"column":74}},"83":{"start":{"line":84,"column":0},"end":{"line":84,"column":5}},"85":{"start":{"line":86,"column":0},"end":{"line":86,"column":9}},"86":{"start":{"line":87,"column":0},"end":{"line":87,"column":20}},"97":{"start":{"line":98,"column":0},"end":{"line":98,"column":9}},"98":{"start":{"line":99,"column":0},"end":{"line":99,"column":17}},"99":{"start":{"line":100,"column":0},"end":{"line":100,"column":61}},"100":{"start":{"line":101,"column":0},"end":{"line":101,"column":5}},"101":{"start":{"line":102,"column":0},"end":{"line":102,"column":9}},"102":{"start":{"line":103,"column":0},"end":{"line":103,"column":20}},"111":{"start":{"line":112,"column":0},"end":{"line":112,"column":9}},"112":{"start":{"line":113,"column":0},"end":{"line":113,"column":17}},"113":{"start":{"line":114,"column":0},"end":{"line":114,"column":65}},"114":{"start":{"line":115,"column":0},"end":{"line":115,"column":5}},"117":{"start":{"line":118,"column":0},"end":{"line":118,"column":9}},"118":{"start":{"line":119,"column":0},"end":{"line":119,"column":83}},"119":{"start":{"line":120,"column":0},"end":{"line":120,"column":59}},"120":{"start":{"line":121,"column":0},"end":{"line":121,"column":95}},"121":{"start":{"line":122,"column":0},"end":{"line":122,"column":7}},"122":{"start":{"line":123,"column":0},"end":{"line":123,"column":55}},"123":{"start":{"line":124,"column":0},"end":{"line":124,"column":91}},"124":{"start":{"line":125,"column":0},"end":{"line":125,"column":7}},"126":{"start":{"line":127,"column":0},"end":{"line":127,"column":71}},"127":{"start":{"line":128,"column":0},"end":{"line":128,"column":61}},"128":{"start":{"line":129,"column":0},"end":{"line":129,"column":85}},"129":{"start":{"line":130,"column":0},"end":{"line":130,"column":7}},"130":{"start":{"line":131,"column":0},"end":{"line":131,"column":17}},"131":{"start":{"line":132,"column":0},"end":{"line":132,"column":50}},"132":{"start":{"line":133,"column":0},"end":{"line":133,"column":5}},"133":{"start":{"line":134,"column":0},"end":{"line":134,"column":3}},"136":{"start":{"line":137,"column":0},"end":{"line":137,"column":40}},"137":{"start":{"line":138,"column":0},"end":{"line":138,"column":90}},"138":{"start":{"line":139,"column":0},"end":{"line":139,"column":58}},"139":{"start":{"line":140,"column":0},"end":{"line":140,"column":68}},"140":{"start":{"line":141,"column":0},"end":{"line":141,"column":3}},"142":{"start":{"line":143,"column":0},"end":{"line":143,"column":47}},"143":{"start":{"line":144,"column":0},"end":{"line":144,"column":72}},"144":{"start":{"line":145,"column":0},"end":{"line":145,"column":47}},"145":{"start":{"line":146,"column":0},"end":{"line":146,"column":3}},"147":{"start":{"line":148,"column":0},"end":{"line":148,"column":49}},"148":{"start":{"line":149,"column":0},"end":{"line":149,"column":79}},"149":{"start":{"line":150,"column":0},"end":{"line":150,"column":3}},"151":{"start":{"line":152,"column":0},"end":{"line":152,"column":35}},"152":{"start":{"line":153,"column":0},"end":{"line":153,"column":65}},"153":{"start":{"line":154,"column":0},"end":{"line":154,"column":3}},"155":{"start":{"line":156,"column":0},"end":{"line":156,"column":31}},"156":{"start":{"line":157,"column":0},"end":{"line":157,"column":84}},"157":{"start":{"line":158,"column":0},"end":{"line":158,"column":35}},"158":{"start":{"line":159,"column":0},"end":{"line":159,"column":3}},"161":{"start":{"line":162,"column":0},"end":{"line":162,"column":62}},"162":{"start":{"line":163,"column":0},"end":{"line":163,"column":34}},"167":{"start":{"line":168,"column":0},"end":{"line":168,"column":7}},"168":{"start":{"line":169,"column":0},"end":{"line":169,"column":27}},"169":{"start":{"line":170,"column":0},"end":{"line":170,"column":28}},"170":{"start":{"line":171,"column":0},"end":{"line":171,"column":28}},"171":{"start":{"line":172,"column":0},"end":{"line":172,"column":24}},"172":{"start":{"line":173,"column":0},"end":{"line":173,"column":36}},"173":{"start":{"line":174,"column":0},"end":{"line":174,"column":30}},"174":{"start":{"line":175,"column":0},"end":{"line":175,"column":38}},"175":{"start":{"line":176,"column":0},"end":{"line":176,"column":46}},"176":{"start":{"line":177,"column":0},"end":{"line":177,"column":30}},"177":{"start":{"line":178,"column":0},"end":{"line":178,"column":38}},"178":{"start":{"line":179,"column":0},"end":{"line":179,"column":52}},"179":{"start":{"line":180,"column":0},"end":{"line":180,"column":50}},"180":{"start":{"line":181,"column":0},"end":{"line":181,"column":36}},"181":{"start":{"line":182,"column":0},"end":{"line":182,"column":34}},"182":{"start":{"line":183,"column":0},"end":{"line":183,"column":32}},"183":{"start":{"line":184,"column":0},"end":{"line":184,"column":32}},"184":{"start":{"line":185,"column":0},"end":{"line":185,"column":46}},"185":{"start":{"line":186,"column":0},"end":{"line":186,"column":52}},"186":{"start":{"line":187,"column":0},"end":{"line":187,"column":48}},"187":{"start":{"line":188,"column":0},"end":{"line":188,"column":30}},"188":{"start":{"line":189,"column":0},"end":{"line":189,"column":50}},"189":{"start":{"line":190,"column":0},"end":{"line":190,"column":40}},"190":{"start":{"line":191,"column":0},"end":{"line":191,"column":7}},"191":{"start":{"line":192,"column":0},"end":{"line":192,"column":42}},"192":{"start":{"line":193,"column":0},"end":{"line":193,"column":3}},"194":{"start":{"line":195,"column":0},"end":{"line":195,"column":47}},"195":{"start":{"line":196,"column":0},"end":{"line":196,"column":72}},"196":{"start":{"line":197,"column":0},"end":{"line":197,"column":47}},"197":{"start":{"line":198,"column":0},"end":{"line":198,"column":3}},"199":{"start":{"line":200,"column":0},"end":{"line":200,"column":54}},"200":{"start":{"line":201,"column":0},"end":{"line":201,"column":80}},"201":{"start":{"line":202,"column":0},"end":{"line":202,"column":44}},"202":{"start":{"line":203,"column":0},"end":{"line":203,"column":3}},"204":{"start":{"line":205,"column":0},"end":{"line":205,"column":71}},"205":{"start":{"line":206,"column":0},"end":{"line":206,"column":89}},"206":{"start":{"line":207,"column":0},"end":{"line":207,"column":30}},"207":{"start":{"line":208,"column":0},"end":{"line":208,"column":3}},"209":{"start":{"line":210,"column":0},"end":{"line":210,"column":107}},"210":{"start":{"line":211,"column":0},"end":{"line":211,"column":98}},"211":{"start":{"line":212,"column":0},"end":{"line":212,"column":53}},"212":{"start":{"line":213,"column":0},"end":{"line":213,"column":3}},"214":{"start":{"line":215,"column":0},"end":{"line":215,"column":79}},"215":{"start":{"line":216,"column":0},"end":{"line":216,"column":32}},"216":{"start":{"line":217,"column":0},"end":{"line":217,"column":29}},"218":{"start":{"line":219,"column":0},"end":{"line":219,"column":85}},"219":{"start":{"line":220,"column":0},"end":{"line":220,"column":40}},"220":{"start":{"line":221,"column":0},"end":{"line":221,"column":60}},"221":{"start":{"line":222,"column":0},"end":{"line":222,"column":36}},"222":{"start":{"line":223,"column":0},"end":{"line":223,"column":63}},"223":{"start":{"line":224,"column":0},"end":{"line":224,"column":7}},"224":{"start":{"line":225,"column":0},"end":{"line":225,"column":5}},"226":{"start":{"line":227,"column":0},"end":{"line":227,"column":36}},"228":{"start":{"line":229,"column":0},"end":{"line":229,"column":27}},"229":{"start":{"line":230,"column":0},"end":{"line":230,"column":90}},"230":{"start":{"line":231,"column":0},"end":{"line":231,"column":24}},"231":{"start":{"line":232,"column":0},"end":{"line":232,"column":3}},"233":{"start":{"line":234,"column":0},"end":{"line":234,"column":68}},"234":{"start":{"line":235,"column":0},"end":{"line":235,"column":84}},"235":{"start":{"line":236,"column":0},"end":{"line":236,"column":33}},"236":{"start":{"line":237,"column":0},"end":{"line":237,"column":3}},"239":{"start":{"line":240,"column":0},"end":{"line":240,"column":62}},"240":{"start":{"line":241,"column":0},"end":{"line":241,"column":105}},"241":{"start":{"line":242,"column":0},"end":{"line":242,"column":46}},"242":{"start":{"line":243,"column":0},"end":{"line":243,"column":42}},"243":{"start":{"line":244,"column":0},"end":{"line":244,"column":3}},"245":{"start":{"line":246,"column":0},"end":{"line":246,"column":51}},"246":{"start":{"line":247,"column":0},"end":{"line":247,"column":108}},"247":{"start":{"line":248,"column":0},"end":{"line":248,"column":47}},"248":{"start":{"line":249,"column":0},"end":{"line":249,"column":3}},"250":{"start":{"line":251,"column":0},"end":{"line":251,"column":55}},"251":{"start":{"line":252,"column":0},"end":{"line":252,"column":93}},"252":{"start":{"line":253,"column":0},"end":{"line":253,"column":26}},"253":{"start":{"line":254,"column":0},"end":{"line":254,"column":3}},"255":{"start":{"line":256,"column":0},"end":{"line":256,"column":38}},"256":{"start":{"line":257,"column":0},"end":{"line":257,"column":73}},"257":{"start":{"line":258,"column":0},"end":{"line":258,"column":17}},"258":{"start":{"line":259,"column":0},"end":{"line":259,"column":3}},"261":{"start":{"line":262,"column":0},"end":{"line":262,"column":132}},"262":{"start":{"line":263,"column":0},"end":{"line":263,"column":34}},"265":{"start":{"line":266,"column":0},"end":{"line":266,"column":7}},"266":{"start":{"line":267,"column":0},"end":{"line":267,"column":93}},"267":{"start":{"line":268,"column":0},"end":{"line":268,"column":42}},"268":{"start":{"line":269,"column":0},"end":{"line":269,"column":3}},"270":{"start":{"line":271,"column":0},"end":{"line":271,"column":60}},"271":{"start":{"line":272,"column":0},"end":{"line":272,"column":34}},"276":{"start":{"line":277,"column":0},"end":{"line":277,"column":7}},"277":{"start":{"line":278,"column":0},"end":{"line":278,"column":57}},"278":{"start":{"line":279,"column":0},"end":{"line":279,"column":3}},"280":{"start":{"line":281,"column":0},"end":{"line":281,"column":37}},"282":{"start":{"line":283,"column":0},"end":{"line":283,"column":89}},"283":{"start":{"line":284,"column":0},"end":{"line":284,"column":80}},"285":{"start":{"line":286,"column":0},"end":{"line":286,"column":72}},"286":{"start":{"line":287,"column":0},"end":{"line":287,"column":17}},"288":{"start":{"line":289,"column":0},"end":{"line":289,"column":35}},"289":{"start":{"line":290,"column":0},"end":{"line":290,"column":53}},"290":{"start":{"line":291,"column":0},"end":{"line":291,"column":5}},"291":{"start":{"line":292,"column":0},"end":{"line":292,"column":3}},"294":{"start":{"line":295,"column":0},"end":{"line":295,"column":128}},"295":{"start":{"line":296,"column":0},"end":{"line":296,"column":34}},"298":{"start":{"line":299,"column":0},"end":{"line":299,"column":7}},"299":{"start":{"line":300,"column":0},"end":{"line":300,"column":82}},"300":{"start":{"line":301,"column":0},"end":{"line":301,"column":42}},"301":{"start":{"line":302,"column":0},"end":{"line":302,"column":3}},"303":{"start":{"line":304,"column":0},"end":{"line":304,"column":50}},"304":{"start":{"line":305,"column":0},"end":{"line":305,"column":90}},"305":{"start":{"line":306,"column":0},"end":{"line":306,"column":31}},"306":{"start":{"line":307,"column":0},"end":{"line":307,"column":3}},"308":{"start":{"line":309,"column":0},"end":{"line":309,"column":44}},"309":{"start":{"line":310,"column":0},"end":{"line":310,"column":80}},"310":{"start":{"line":311,"column":0},"end":{"line":311,"column":17}},"311":{"start":{"line":312,"column":0},"end":{"line":312,"column":3}},"314":{"start":{"line":315,"column":0},"end":{"line":315,"column":134}},"315":{"start":{"line":316,"column":0},"end":{"line":316,"column":34}},"318":{"start":{"line":319,"column":0},"end":{"line":319,"column":7}},"319":{"start":{"line":320,"column":0},"end":{"line":320,"column":112}},"320":{"start":{"line":321,"column":0},"end":{"line":321,"column":42}},"321":{"start":{"line":322,"column":0},"end":{"line":322,"column":3}},"323":{"start":{"line":324,"column":0},"end":{"line":324,"column":54}},"324":{"start":{"line":325,"column":0},"end":{"line":325,"column":119}},"325":{"start":{"line":326,"column":0},"end":{"line":326,"column":31}},"326":{"start":{"line":327,"column":0},"end":{"line":327,"column":3}},"328":{"start":{"line":329,"column":0},"end":{"line":329,"column":17}},"329":{"start":{"line":330,"column":0},"end":{"line":330,"column":20}},"330":{"start":{"line":331,"column":0},"end":{"line":331,"column":3}},"333":{"start":{"line":334,"column":0},"end":{"line":334,"column":49}},"334":{"start":{"line":335,"column":0},"end":{"line":335,"column":92}},"335":{"start":{"line":336,"column":0},"end":{"line":336,"column":26}},"337":{"start":{"line":338,"column":0},"end":{"line":338,"column":37}},"338":{"start":{"line":339,"column":0},"end":{"line":339,"column":11}},"339":{"start":{"line":340,"column":0},"end":{"line":340,"column":50}},"340":{"start":{"line":341,"column":0},"end":{"line":341,"column":58}},"341":{"start":{"line":342,"column":0},"end":{"line":342,"column":51}},"342":{"start":{"line":343,"column":0},"end":{"line":343,"column":9}},"343":{"start":{"line":344,"column":0},"end":{"line":344,"column":21}},"344":{"start":{"line":345,"column":0},"end":{"line":345,"column":64}},"347":{"start":{"line":348,"column":0},"end":{"line":348,"column":25}},"348":{"start":{"line":349,"column":0},"end":{"line":349,"column":7}},"349":{"start":{"line":350,"column":0},"end":{"line":350,"column":5}},"350":{"start":{"line":351,"column":0},"end":{"line":351,"column":21}},"351":{"start":{"line":352,"column":0},"end":{"line":352,"column":3}},"353":{"start":{"line":354,"column":0},"end":{"line":354,"column":55}},"354":{"start":{"line":355,"column":0},"end":{"line":355,"column":27}},"355":{"start":{"line":356,"column":0},"end":{"line":356,"column":46}},"356":{"start":{"line":357,"column":0},"end":{"line":357,"column":48}},"357":{"start":{"line":358,"column":0},"end":{"line":358,"column":59}},"358":{"start":{"line":359,"column":0},"end":{"line":359,"column":50}},"359":{"start":{"line":360,"column":0},"end":{"line":360,"column":7}},"360":{"start":{"line":361,"column":0},"end":{"line":361,"column":5}},"361":{"start":{"line":362,"column":0},"end":{"line":362,"column":103}},"362":{"start":{"line":363,"column":0},"end":{"line":363,"column":3}},"365":{"start":{"line":366,"column":0},"end":{"line":366,"column":174}},"366":{"start":{"line":367,"column":0},"end":{"line":367,"column":34}},"369":{"start":{"line":370,"column":0},"end":{"line":370,"column":7}},"370":{"start":{"line":371,"column":0},"end":{"line":371,"column":26}},"371":{"start":{"line":372,"column":0},"end":{"line":372,"column":17}},"372":{"start":{"line":373,"column":0},"end":{"line":373,"column":20}},"373":{"start":{"line":374,"column":0},"end":{"line":374,"column":41}},"374":{"start":{"line":375,"column":0},"end":{"line":375,"column":20}},"375":{"start":{"line":376,"column":0},"end":{"line":376,"column":32}},"376":{"start":{"line":377,"column":0},"end":{"line":377,"column":30}},"377":{"start":{"line":378,"column":0},"end":{"line":378,"column":6}},"378":{"start":{"line":379,"column":0},"end":{"line":379,"column":42}},"379":{"start":{"line":380,"column":0},"end":{"line":380,"column":3}},"381":{"start":{"line":382,"column":0},"end":{"line":382,"column":53}},"382":{"start":{"line":383,"column":0},"end":{"line":383,"column":111}},"383":{"start":{"line":384,"column":0},"end":{"line":384,"column":31}},"384":{"start":{"line":385,"column":0},"end":{"line":385,"column":3}},"386":{"start":{"line":387,"column":0},"end":{"line":387,"column":47}},"388":{"start":{"line":389,"column":0},"end":{"line":389,"column":105}},"389":{"start":{"line":390,"column":0},"end":{"line":390,"column":94}},"392":{"start":{"line":393,"column":0},"end":{"line":393,"column":37}},"394":{"start":{"line":395,"column":0},"end":{"line":395,"column":85}},"395":{"start":{"line":396,"column":0},"end":{"line":396,"column":86}},"398":{"start":{"line":399,"column":0},"end":{"line":399,"column":36}},"399":{"start":{"line":400,"column":0},"end":{"line":400,"column":13}},"400":{"start":{"line":401,"column":0},"end":{"line":401,"column":55}},"401":{"start":{"line":402,"column":0},"end":{"line":402,"column":51}},"402":{"start":{"line":403,"column":0},"end":{"line":403,"column":11}},"403":{"start":{"line":404,"column":0},"end":{"line":404,"column":23}},"404":{"start":{"line":405,"column":0},"end":{"line":405,"column":89}},"405":{"start":{"line":406,"column":0},"end":{"line":406,"column":9}},"406":{"start":{"line":407,"column":0},"end":{"line":407,"column":7}},"409":{"start":{"line":410,"column":0},"end":{"line":410,"column":75}},"410":{"start":{"line":411,"column":0},"end":{"line":411,"column":5}},"413":{"start":{"line":414,"column":0},"end":{"line":414,"column":77}},"414":{"start":{"line":415,"column":0},"end":{"line":415,"column":3}},"417":{"start":{"line":418,"column":0},"end":{"line":418,"column":86}},"418":{"start":{"line":419,"column":0},"end":{"line":419,"column":21}},"421":{"start":{"line":422,"column":0},"end":{"line":422,"column":42}},"422":{"start":{"line":423,"column":0},"end":{"line":423,"column":3}},"424":{"start":{"line":425,"column":0},"end":{"line":425,"column":59}},"425":{"start":{"line":426,"column":0},"end":{"line":426,"column":135}},"426":{"start":{"line":427,"column":0},"end":{"line":427,"column":3}},"428":{"start":{"line":429,"column":0},"end":{"line":429,"column":86}},"429":{"start":{"line":430,"column":0},"end":{"line":430,"column":150}},"430":{"start":{"line":431,"column":0},"end":{"line":431,"column":3}},"432":{"start":{"line":433,"column":0},"end":{"line":433,"column":71}},"433":{"start":{"line":434,"column":0},"end":{"line":434,"column":115}},"434":{"start":{"line":435,"column":0},"end":{"line":435,"column":3}},"437":{"start":{"line":438,"column":0},"end":{"line":438,"column":110}},"438":{"start":{"line":439,"column":0},"end":{"line":439,"column":34}},"441":{"start":{"line":442,"column":0},"end":{"line":442,"column":7}},"442":{"start":{"line":443,"column":0},"end":{"line":443,"column":80}},"443":{"start":{"line":444,"column":0},"end":{"line":444,"column":42}},"444":{"start":{"line":445,"column":0},"end":{"line":445,"column":3}},"446":{"start":{"line":447,"column":0},"end":{"line":447,"column":68}},"447":{"start":{"line":448,"column":0},"end":{"line":448,"column":114}},"448":{"start":{"line":449,"column":0},"end":{"line":449,"column":52}},"449":{"start":{"line":450,"column":0},"end":{"line":450,"column":3}},"451":{"start":{"line":452,"column":0},"end":{"line":452,"column":50}},"452":{"start":{"line":453,"column":0},"end":{"line":453,"column":98}},"453":{"start":{"line":454,"column":0},"end":{"line":454,"column":76}},"455":{"start":{"line":456,"column":0},"end":{"line":456,"column":31}},"456":{"start":{"line":457,"column":0},"end":{"line":457,"column":11}},"457":{"start":{"line":458,"column":0},"end":{"line":458,"column":49}},"458":{"start":{"line":459,"column":0},"end":{"line":459,"column":45}},"459":{"start":{"line":460,"column":0},"end":{"line":460,"column":9}},"460":{"start":{"line":461,"column":0},"end":{"line":461,"column":21}},"461":{"start":{"line":462,"column":0},"end":{"line":462,"column":89}},"462":{"start":{"line":463,"column":0},"end":{"line":463,"column":7}},"463":{"start":{"line":464,"column":0},"end":{"line":464,"column":5}},"465":{"start":{"line":466,"column":0},"end":{"line":466,"column":79}},"466":{"start":{"line":467,"column":0},"end":{"line":467,"column":17}},"467":{"start":{"line":468,"column":0},"end":{"line":468,"column":3}},"468":{"start":{"line":469,"column":0},"end":{"line":469,"column":1}}},"s":{"0":1,"1":1,"2":1,"3":1,"31":1,"32":1,"34":1,"35":5,"36":5,"37":5,"38":5,"39":5,"41":1,"43":5,"44":5,"45":5,"46":5,"47":5,"49":5,"50":5,"51":5,"52":5,"53":5,"54":5,"55":5,"56":5,"57":5,"59":5,"61":5,"64":5,"65":5,"66":5,"67":5,"68":5,"69":5,"70":5,"71":5,"72":5,"73":5,"74":5,"75":5,"76":5,"77":5,"78":5,"79":5,"80":5,"81":5,"82":75,"83":75,"85":5,"86":5,"97":5,"98":5,"99":0,"100":0,"101":5,"102":5,"111":5,"112":5,"113":0,"114":0,"117":5,"118":5,"119":5,"120":0,"121":0,"122":5,"123":0,"124":0,"126":5,"127":5,"128":0,"129":0,"130":5,"131":0,"132":0,"133":5,"136":1,"137":5,"138":5,"139":5,"140":5,"142":1,"143":6,"144":6,"145":6,"147":1,"148":0,"149":0,"151":1,"152":0,"153":0,"155":1,"156":1,"157":1,"158":1,"161":1,"162":4,"167":4,"168":4,"169":4,"170":4,"171":4,"172":4,"173":4,"174":4,"175":4,"176":4,"177":4,"178":4,"179":4,"180":4,"181":4,"182":4,"183":4,"184":4,"185":4,"186":4,"187":4,"188":4,"189":4,"190":4,"191":4,"192":4,"194":1,"195":4,"196":4,"197":4,"199":1,"200":3,"201":3,"202":3,"204":1,"205":1,"206":1,"207":1,"209":1,"210":0,"211":0,"212":0,"214":1,"215":0,"216":0,"218":0,"219":0,"220":0,"221":0,"222":0,"223":0,"224":0,"226":0,"228":0,"229":0,"230":0,"231":0,"233":1,"234":0,"235":0,"236":0,"239":1,"240":1,"241":1,"242":1,"243":1,"245":1,"246":1,"247":1,"248":1,"250":1,"251":0,"252":0,"253":0,"255":1,"256":0,"257":0,"258":0,"261":1,"262":1,"265":1,"266":1,"267":1,"268":1,"270":1,"271":1,"276":1,"277":1,"278":1,"280":1,"282":0,"283":0,"285":0,"286":0,"288":0,"289":0,"290":0,"291":0,"294":1,"295":0,"298":0,"299":0,"300":0,"301":0,"303":1,"304":0,"305":0,"306":0,"308":1,"309":0,"310":0,"311":0,"314":1,"315":0,"318":0,"319":0,"320":0,"321":0,"323":1,"324":0,"325":0,"326":0,"328":1,"329":4,"330":4,"333":1,"334":2,"335":2,"337":0,"338":0,"339":0,"340":0,"341":0,"342":0,"343":0,"344":0,"347":0,"348":0,"349":0,"350":0,"351":2,"353":1,"354":0,"355":0,"356":0,"357":0,"358":0,"359":0,"360":0,"361":0,"362":0,"365":1,"366":2,"369":2,"370":2,"371":2,"372":2,"373":2,"374":2,"375":2,"376":2,"377":2,"378":2,"379":2,"381":1,"382":1,"383":1,"384":1,"386":1,"388":1,"389":1,"392":1,"394":1,"395":1,"398":1,"399":0,"400":0,"401":0,"402":0,"403":0,"404":0,"405":0,"406":0,"409":1,"410":1,"413":1,"414":1,"417":1,"418":0,"421":0,"422":0,"424":1,"425":0,"426":0,"428":1,"429":0,"430":0,"432":1,"433":0,"434":0,"437":1,"438":0,"441":0,"442":0,"443":0,"444":0,"446":1,"447":0,"448":0,"449":0,"451":1,"452":0,"453":0,"455":0,"456":0,"457":0,"458":0,"459":0,"460":0,"461":0,"462":0,"463":0,"465":0,"466":0,"467":0,"468":1},"branchMap":{"0":{"type":"branch","line":33,"loc":{"start":{"line":33,"column":10},"end":{"line":33,"column":32}},"locations":[{"start":{"line":33,"column":10},"end":{"line":33,"column":32}}]},"1":{"type":"branch","line":35,"loc":{"start":{"line":35,"column":2},"end":{"line":40,"column":3}},"locations":[{"start":{"line":35,"column":2},"end":{"line":40,"column":3}}]},"2":{"type":"branch","line":42,"loc":{"start":{"line":42,"column":10},"end":{"line":134,"column":3}},"locations":[{"start":{"line":42,"column":10},"end":{"line":134,"column":3}}]},"3":{"type":"branch","line":60,"loc":{"start":{"line":60,"column":16},"end":{"line":60,"column":99}},"locations":[{"start":{"line":60,"column":16},"end":{"line":60,"column":99}}]},"4":{"type":"branch","line":82,"loc":{"start":{"line":82,"column":34},"end":{"line":84,"column":5}},"locations":[{"start":{"line":82,"column":34},"end":{"line":84,"column":5}}]},"5":{"type":"branch","line":83,"loc":{"start":{"line":83,"column":31},"end":{"line":83,"column":74}},"locations":[{"start":{"line":83,"column":31},"end":{"line":83,"column":74}}]},"6":{"type":"branch","line":99,"loc":{"start":{"line":99,"column":4},"end":{"line":101,"column":5}},"locations":[{"start":{"line":99,"column":4},"end":{"line":101,"column":5}}]},"7":{"type":"branch","line":113,"loc":{"start":{"line":113,"column":4},"end":{"line":115,"column":5}},"locations":[{"start":{"line":113,"column":4},"end":{"line":115,"column":5}}]},"8":{"type":"branch","line":120,"loc":{"start":{"line":120,"column":58},"end":{"line":122,"column":7}},"locations":[{"start":{"line":120,"column":58},"end":{"line":122,"column":7}}]},"9":{"type":"branch","line":123,"loc":{"start":{"line":123,"column":54},"end":{"line":125,"column":7}},"locations":[{"start":{"line":123,"column":54},"end":{"line":125,"column":7}}]},"10":{"type":"branch","line":128,"loc":{"start":{"line":128,"column":60},"end":{"line":130,"column":7}},"locations":[{"start":{"line":128,"column":60},"end":{"line":130,"column":7}}]},"11":{"type":"branch","line":131,"loc":{"start":{"line":131,"column":4},"end":{"line":133,"column":5}},"locations":[{"start":{"line":131,"column":4},"end":{"line":133,"column":5}}]},"12":{"type":"branch","line":120,"loc":{"start":{"line":120,"column":23},"end":{"line":120,"column":55}},"locations":[{"start":{"line":120,"column":23},"end":{"line":120,"column":55}}]},"13":{"type":"branch","line":123,"loc":{"start":{"line":123,"column":23},"end":{"line":123,"column":51}},"locations":[{"start":{"line":123,"column":23},"end":{"line":123,"column":51}}]},"14":{"type":"branch","line":128,"loc":{"start":{"line":128,"column":23},"end":{"line":128,"column":57}},"locations":[{"start":{"line":128,"column":23},"end":{"line":128,"column":57}}]},"15":{"type":"branch","line":137,"loc":{"start":{"line":137,"column":2},"end":{"line":141,"column":3}},"locations":[{"start":{"line":137,"column":2},"end":{"line":141,"column":3}}]},"16":{"type":"branch","line":143,"loc":{"start":{"line":143,"column":2},"end":{"line":146,"column":3}},"locations":[{"start":{"line":143,"column":2},"end":{"line":146,"column":3}}]},"17":{"type":"branch","line":156,"loc":{"start":{"line":156,"column":2},"end":{"line":159,"column":3}},"locations":[{"start":{"line":156,"column":2},"end":{"line":159,"column":3}}]},"18":{"type":"branch","line":162,"loc":{"start":{"line":162,"column":2},"end":{"line":193,"column":3}},"locations":[{"start":{"line":162,"column":2},"end":{"line":193,"column":3}}]},"19":{"type":"branch","line":171,"loc":{"start":{"line":171,"column":16},"end":{"line":171,"column":28}},"locations":[{"start":{"line":171,"column":16},"end":{"line":171,"column":28}}]},"20":{"type":"branch","line":190,"loc":{"start":{"line":190,"column":22},"end":{"line":190,"column":40}},"locations":[{"start":{"line":190,"column":22},"end":{"line":190,"column":40}}]},"21":{"type":"branch","line":195,"loc":{"start":{"line":195,"column":2},"end":{"line":198,"column":3}},"locations":[{"start":{"line":195,"column":2},"end":{"line":198,"column":3}}]},"22":{"type":"branch","line":200,"loc":{"start":{"line":200,"column":2},"end":{"line":203,"column":3}},"locations":[{"start":{"line":200,"column":2},"end":{"line":203,"column":3}}]},"23":{"type":"branch","line":205,"loc":{"start":{"line":205,"column":2},"end":{"line":208,"column":3}},"locations":[{"start":{"line":205,"column":2},"end":{"line":208,"column":3}}]},"24":{"type":"branch","line":240,"loc":{"start":{"line":240,"column":2},"end":{"line":244,"column":3}},"locations":[{"start":{"line":240,"column":2},"end":{"line":244,"column":3}}]},"25":{"type":"branch","line":246,"loc":{"start":{"line":246,"column":2},"end":{"line":249,"column":3}},"locations":[{"start":{"line":246,"column":2},"end":{"line":249,"column":3}}]},"26":{"type":"branch","line":262,"loc":{"start":{"line":262,"column":2},"end":{"line":269,"column":3}},"locations":[{"start":{"line":262,"column":2},"end":{"line":269,"column":3}}]},"27":{"type":"branch","line":267,"loc":{"start":{"line":267,"column":71},"end":{"line":267,"column":91}},"locations":[{"start":{"line":267,"column":71},"end":{"line":267,"column":91}}]},"28":{"type":"branch","line":271,"loc":{"start":{"line":271,"column":2},"end":{"line":279,"column":3}},"locations":[{"start":{"line":271,"column":2},"end":{"line":279,"column":3}}]},"29":{"type":"branch","line":329,"loc":{"start":{"line":329,"column":2},"end":{"line":331,"column":3}},"locations":[{"start":{"line":329,"column":2},"end":{"line":331,"column":3}}]},"30":{"type":"branch","line":334,"loc":{"start":{"line":334,"column":9},"end":{"line":352,"column":3}},"locations":[{"start":{"line":334,"column":9},"end":{"line":352,"column":3}}]},"31":{"type":"branch","line":336,"loc":{"start":{"line":336,"column":21},"end":{"line":351,"column":21}},"locations":[{"start":{"line":336,"column":21},"end":{"line":351,"column":21}}]},"32":{"type":"branch","line":366,"loc":{"start":{"line":366,"column":9},"end":{"line":380,"column":3}},"locations":[{"start":{"line":366,"column":9},"end":{"line":380,"column":3}}]},"33":{"type":"branch","line":382,"loc":{"start":{"line":382,"column":9},"end":{"line":385,"column":3}},"locations":[{"start":{"line":382,"column":9},"end":{"line":385,"column":3}}]},"34":{"type":"branch","line":387,"loc":{"start":{"line":387,"column":9},"end":{"line":415,"column":3}},"locations":[{"start":{"line":387,"column":9},"end":{"line":415,"column":3}}]},"35":{"type":"branch","line":399,"loc":{"start":{"line":399,"column":35},"end":{"line":407,"column":7}},"locations":[{"start":{"line":399,"column":35},"end":{"line":407,"column":7}}]}},"b":{"0":[5],"1":[5],"2":[5],"3":[0],"4":[75],"5":[5],"6":[0],"7":[0],"8":[0],"9":[0],"10":[0],"11":[0],"12":[25],"13":[30],"14":[25],"15":[5],"16":[6],"17":[1],"18":[4],"19":[3],"20":[2],"21":[4],"22":[3],"23":[1],"24":[1],"25":[1],"26":[1],"27":[0],"28":[1],"29":[4],"30":[2],"31":[0],"32":[2],"33":[1],"34":[1],"35":[0]},"fnMap":{"0":{"name":"<instance_members_initializer>","decl":{"start":{"line":33,"column":10},"end":{"line":33,"column":32}},"loc":{"start":{"line":33,"column":10},"end":{"line":33,"column":32}},"line":33},"1":{"name":"DatabaseManager","decl":{"start":{"line":35,"column":2},"end":{"line":40,"column":3}},"loc":{"start":{"line":35,"column":2},"end":{"line":40,"column":3}},"line":35},"2":{"name":"initSchema","decl":{"start":{"line":42,"column":10},"end":{"line":134,"column":3}},"loc":{"start":{"line":42,"column":10},"end":{"line":134,"column":3}},"line":42},"3":{"name":"createProject","decl":{"start":{"line":137,"column":2},"end":{"line":141,"column":3}},"loc":{"start":{"line":137,"column":2},"end":{"line":141,"column":3}},"line":137},"4":{"name":"getProject","decl":{"start":{"line":143,"column":2},"end":{"line":146,"column":3}},"loc":{"start":{"line":143,"column":2},"end":{"line":146,"column":3}},"line":143},"5":{"name":"updateProject","decl":{"start":{"line":148,"column":2},"end":{"line":150,"column":3}},"loc":{"start":{"line":148,"column":2},"end":{"line":150,"column":3}},"line":148},"6":{"name":"deleteProject","decl":{"start":{"line":152,"column":2},"end":{"line":154,"column":3}},"loc":{"start":{"line":152,"column":2},"end":{"line":154,"column":3}},"line":152},"7":{"name":"getAllProjects","decl":{"start":{"line":156,"column":2},"end":{"line":159,"column":3}},"loc":{"start":{"line":156,"column":2},"end":{"line":159,"column":3}},"line":156},"8":{"name":"saveArticle","decl":{"start":{"line":162,"column":2},"end":{"line":193,"column":3}},"loc":{"start":{"line":162,"column":2},"end":{"line":193,"column":3}},"line":162},"9":{"name":"getArticle","decl":{"start":{"line":195,"column":2},"end":{"line":198,"column":3}},"loc":{"start":{"line":195,"column":2},"end":{"line":198,"column":3}},"line":195},"10":{"name":"getArticlesByProject","decl":{"start":{"line":200,"column":2},"end":{"line":203,"column":3}},"loc":{"start":{"line":200,"column":2},"end":{"line":203,"column":3}},"line":200},"11":{"name":"updateArticleFilePath","decl":{"start":{"line":205,"column":2},"end":{"line":208,"column":3}},"loc":{"start":{"line":205,"column":2},"end":{"line":208,"column":3}},"line":205},"12":{"name":"updateArticleStatus","decl":{"start":{"line":210,"column":2},"end":{"line":213,"column":3}},"loc":{"start":{"line":210,"column":2},"end":{"line":213,"column":3}},"line":210},"13":{"name":"updateArticleMetadata","decl":{"start":{"line":215,"column":2},"end":{"line":232,"column":3}},"loc":{"start":{"line":215,"column":2},"end":{"line":232,"column":3}},"line":215},"14":{"name":"updateArticleAiSummary","decl":{"start":{"line":234,"column":2},"end":{"line":237,"column":3}},"loc":{"start":{"line":234,"column":2},"end":{"line":237,"column":3}},"line":234},"15":{"name":"saveAnnotation","decl":{"start":{"line":240,"column":2},"end":{"line":244,"column":3}},"loc":{"start":{"line":240,"column":2},"end":{"line":244,"column":3}},"line":240},"16":{"name":"getAnnotations","decl":{"start":{"line":246,"column":2},"end":{"line":249,"column":3}},"loc":{"start":{"line":246,"column":2},"end":{"line":249,"column":3}},"line":246},"17":{"name":"updateAnnotation","decl":{"start":{"line":251,"column":2},"end":{"line":254,"column":3}},"loc":{"start":{"line":251,"column":2},"end":{"line":254,"column":3}},"line":251},"18":{"name":"deleteAnnotation","decl":{"start":{"line":256,"column":2},"end":{"line":259,"column":3}},"loc":{"start":{"line":256,"column":2},"end":{"line":259,"column":3}},"line":256},"19":{"name":"saveHighlight","decl":{"start":{"line":262,"column":2},"end":{"line":269,"column":3}},"loc":{"start":{"line":262,"column":2},"end":{"line":269,"column":3}},"line":262},"20":{"name":"getHighlights","decl":{"start":{"line":271,"column":2},"end":{"line":279,"column":3}},"loc":{"start":{"line":271,"column":2},"end":{"line":279,"column":3}},"line":271},"21":{"name":"deleteHighlight","decl":{"start":{"line":281,"column":2},"end":{"line":292,"column":3}},"loc":{"start":{"line":281,"column":2},"end":{"line":292,"column":3}},"line":281},"22":{"name":"savePendingHighlight","decl":{"start":{"line":295,"column":2},"end":{"line":302,"column":3}},"loc":{"start":{"line":295,"column":2},"end":{"line":302,"column":3}},"line":295},"23":{"name":"getPendingHighlights","decl":{"start":{"line":304,"column":2},"end":{"line":307,"column":3}},"loc":{"start":{"line":304,"column":2},"end":{"line":307,"column":3}},"line":304},"24":{"name":"deletePendingHighlight","decl":{"start":{"line":309,"column":2},"end":{"line":312,"column":3}},"loc":{"start":{"line":309,"column":2},"end":{"line":312,"column":3}},"line":309},"25":{"name":"saveMassiveInvestigation","decl":{"start":{"line":315,"column":2},"end":{"line":322,"column":3}},"loc":{"start":{"line":315,"column":2},"end":{"line":322,"column":3}},"line":315},"26":{"name":"getMassiveInvestigations","decl":{"start":{"line":324,"column":2},"end":{"line":327,"column":3}},"loc":{"start":{"line":324,"column":2},"end":{"line":327,"column":3}},"line":324},"27":{"name":"close","decl":{"start":{"line":329,"column":2},"end":{"line":331,"column":3}},"loc":{"start":{"line":329,"column":2},"end":{"line":331,"column":3}},"line":329},"28":{"name":"getSetting","decl":{"start":{"line":334,"column":9},"end":{"line":352,"column":3}},"loc":{"start":{"line":334,"column":9},"end":{"line":352,"column":3}},"line":334},"29":{"name":"setSetting","decl":{"start":{"line":354,"column":9},"end":{"line":363,"column":3}},"loc":{"start":{"line":354,"column":9},"end":{"line":363,"column":3}},"line":354},"30":{"name":"saveSearchHistory","decl":{"start":{"line":366,"column":9},"end":{"line":380,"column":3}},"loc":{"start":{"line":366,"column":9},"end":{"line":380,"column":3}},"line":366},"31":{"name":"getSearchHistory","decl":{"start":{"line":382,"column":9},"end":{"line":385,"column":3}},"loc":{"start":{"line":382,"column":9},"end":{"line":385,"column":3}},"line":382},"32":{"name":"revertSearch","decl":{"start":{"line":387,"column":9},"end":{"line":415,"column":3}},"loc":{"start":{"line":387,"column":9},"end":{"line":415,"column":3}},"line":387},"33":{"name":"saveDiaryEntry","decl":{"start":{"line":418,"column":9},"end":{"line":423,"column":3}},"loc":{"start":{"line":418,"column":9},"end":{"line":423,"column":3}},"line":418},"34":{"name":"getDiaryEntries","decl":{"start":{"line":425,"column":9},"end":{"line":427,"column":3}},"loc":{"start":{"line":425,"column":9},"end":{"line":427,"column":3}},"line":425},"35":{"name":"getDiaryEntry","decl":{"start":{"line":429,"column":9},"end":{"line":431,"column":3}},"loc":{"start":{"line":429,"column":9},"end":{"line":431,"column":3}},"line":429},"36":{"name":"deleteDiaryEntry","decl":{"start":{"line":433,"column":9},"end":{"line":435,"column":3}},"loc":{"start":{"line":433,"column":9},"end":{"line":435,"column":3}},"line":433},"37":{"name":"saveProjectDocument","decl":{"start":{"line":438,"column":9},"end":{"line":445,"column":3}},"loc":{"start":{"line":438,"column":9},"end":{"line":445,"column":3}},"line":438},"38":{"name":"getProjectDocuments","decl":{"start":{"line":447,"column":9},"end":{"line":450,"column":3}},"loc":{"start":{"line":447,"column":9},"end":{"line":450,"column":3}},"line":447},"39":{"name":"deleteProjectDocument","decl":{"start":{"line":452,"column":9},"end":{"line":468,"column":3}},"loc":{"start":{"line":452,"column":9},"end":{"line":468,"column":3}},"line":452}},"f":{"0":5,"1":5,"2":5,"3":5,"4":6,"5":0,"6":0,"7":1,"8":4,"9":4,"10":3,"11":1,"12":0,"13":0,"14":0,"15":1,"16":1,"17":0,"18":0,"19":1,"20":1,"21":0,"22":0,"23":0,"24":0,"25":0,"26":0,"27":4,"28":2,"29":0,"30":2,"31":1,"32":1,"33":0,"34":0,"35":0,"36":0,"37":0,"38":0,"39":0}}
,"C:\\root_lab\\antigravity\\emmas_librarian\\emmas_librarian\\electron\\ipc\\handlers.ts": {"path":"C:\\root_lab\\antigravity\\emmas_librarian\\emmas_librarian\\electron\\ipc\\handlers.ts","all":true,"statementMap":{"0":{"start":{"line":1,"column":0},"end":{"line":1,"column":70}},"1":{"start":{"line":2,"column":0},"end":{"line":2,"column":20}},"2":{"start":{"line":3,"column":0},"end":{"line":3,"column":24}},"3":{"start":{"line":4,"column":0},"end":{"line":4,"column":62}},"4":{"start":{"line":5,"column":0},"end":{"line":5,"column":68}},"5":{"start":{"line":6,"column":0},"end":{"line":6,"column":79}},"6":{"start":{"line":7,"column":0},"end":{"line":7,"column":58}},"7":{"start":{"line":8,"column":0},"end":{"line":8,"column":58}},"8":{"start":{"line":9,"column":0},"end":{"line":9,"column":50}},"9":{"start":{"line":10,"column":0},"end":{"line":10,"column":38}},"12":{"start":{"line":13,"column":0},"end":{"line":13,"column":36}},"13":{"start":{"line":14,"column":0},"end":{"line":14,"column":63}},"14":{"start":{"line":15,"column":0},"end":{"line":15,"column":41}},"15":{"start":{"line":16,"column":0},"end":{"line":16,"column":43}},"16":{"start":{"line":17,"column":0},"end":{"line":17,"column":34}},"17":{"start":{"line":18,"column":0},"end":{"line":18,"column":67}},"18":{"start":{"line":19,"column":0},"end":{"line":19,"column":44}},"19":{"start":{"line":20,"column":0},"end":{"line":20,"column":38}},"22":{"start":{"line":23,"column":0},"end":{"line":23,"column":74}},"23":{"start":{"line":24,"column":0},"end":{"line":24,"column":60}},"24":{"start":{"line":25,"column":0},"end":{"line":25,"column":14}},"25":{"start":{"line":26,"column":0},"end":{"line":26,"column":30}},"26":{"start":{"line":27,"column":0},"end":{"line":27,"column":56}},"27":{"start":{"line":28,"column":0},"end":{"line":28,"column":61}},"28":{"start":{"line":29,"column":0},"end":{"line":29,"column":9}},"29":{"start":{"line":30,"column":0},"end":{"line":30,"column":5}},"30":{"start":{"line":31,"column":0},"end":{"line":31,"column":5}},"33":{"start":{"line":34,"column":0},"end":{"line":34,"column":53}},"34":{"start":{"line":35,"column":0},"end":{"line":35,"column":31}},"35":{"start":{"line":36,"column":0},"end":{"line":36,"column":5}},"37":{"start":{"line":38,"column":0},"end":{"line":38,"column":71}},"38":{"start":{"line":39,"column":0},"end":{"line":39,"column":34}},"39":{"start":{"line":40,"column":0},"end":{"line":40,"column":5}},"41":{"start":{"line":42,"column":0},"end":{"line":42,"column":83}},"42":{"start":{"line":43,"column":0},"end":{"line":43,"column":36}},"43":{"start":{"line":44,"column":0},"end":{"line":44,"column":5}},"45":{"start":{"line":46,"column":0},"end":{"line":46,"column":94}},"46":{"start":{"line":47,"column":0},"end":{"line":47,"column":42}},"47":{"start":{"line":48,"column":0},"end":{"line":48,"column":5}},"49":{"start":{"line":50,"column":0},"end":{"line":50,"column":89}},"50":{"start":{"line":51,"column":0},"end":{"line":51,"column":38}},"51":{"start":{"line":52,"column":0},"end":{"line":52,"column":5}},"53":{"start":{"line":54,"column":0},"end":{"line":54,"column":75}},"54":{"start":{"line":55,"column":0},"end":{"line":55,"column":32}},"55":{"start":{"line":56,"column":0},"end":{"line":56,"column":5}},"58":{"start":{"line":59,"column":0},"end":{"line":59,"column":168}},"59":{"start":{"line":60,"column":0},"end":{"line":60,"column":98}},"60":{"start":{"line":61,"column":0},"end":{"line":61,"column":5}},"62":{"start":{"line":63,"column":0},"end":{"line":63,"column":74}},"63":{"start":{"line":64,"column":0},"end":{"line":64,"column":42}},"64":{"start":{"line":65,"column":0},"end":{"line":65,"column":5}},"66":{"start":{"line":67,"column":0},"end":{"line":67,"column":79}},"67":{"start":{"line":68,"column":0},"end":{"line":68,"column":37}},"68":{"start":{"line":69,"column":0},"end":{"line":69,"column":5}},"71":{"start":{"line":72,"column":0},"end":{"line":72,"column":84}},"72":{"start":{"line":73,"column":0},"end":{"line":73,"column":46}},"73":{"start":{"line":74,"column":0},"end":{"line":74,"column":5}},"75":{"start":{"line":76,"column":0},"end":{"line":76,"column":70}},"76":{"start":{"line":77,"column":0},"end":{"line":77,"column":29}},"77":{"start":{"line":78,"column":0},"end":{"line":78,"column":5}},"79":{"start":{"line":80,"column":0},"end":{"line":80,"column":128}},"80":{"start":{"line":81,"column":0},"end":{"line":81,"column":52}},"81":{"start":{"line":82,"column":0},"end":{"line":82,"column":5}},"83":{"start":{"line":84,"column":0},"end":{"line":84,"column":89}},"84":{"start":{"line":85,"column":0},"end":{"line":85,"column":46}},"85":{"start":{"line":86,"column":0},"end":{"line":86,"column":5}},"88":{"start":{"line":89,"column":0},"end":{"line":89,"column":67}},"89":{"start":{"line":90,"column":0},"end":{"line":90,"column":30}},"90":{"start":{"line":91,"column":0},"end":{"line":91,"column":5}},"92":{"start":{"line":93,"column":0},"end":{"line":93,"column":82}},"93":{"start":{"line":94,"column":0},"end":{"line":94,"column":37}},"94":{"start":{"line":95,"column":0},"end":{"line":95,"column":5}},"97":{"start":{"line":98,"column":0},"end":{"line":98,"column":76}},"98":{"start":{"line":99,"column":0},"end":{"line":99,"column":40}},"99":{"start":{"line":100,"column":0},"end":{"line":100,"column":5}},"101":{"start":{"line":102,"column":0},"end":{"line":102,"column":96}},"102":{"start":{"line":103,"column":0},"end":{"line":103,"column":49}},"103":{"start":{"line":104,"column":0},"end":{"line":104,"column":5}},"105":{"start":{"line":106,"column":0},"end":{"line":106,"column":89}},"106":{"start":{"line":107,"column":0},"end":{"line":107,"column":44}},"107":{"start":{"line":108,"column":0},"end":{"line":108,"column":5}},"109":{"start":{"line":110,"column":0},"end":{"line":110,"column":72}},"110":{"start":{"line":111,"column":0},"end":{"line":111,"column":35}},"111":{"start":{"line":112,"column":0},"end":{"line":112,"column":5}},"114":{"start":{"line":115,"column":0},"end":{"line":115,"column":75}},"115":{"start":{"line":116,"column":0},"end":{"line":116,"column":39}},"116":{"start":{"line":117,"column":0},"end":{"line":117,"column":5}},"118":{"start":{"line":119,"column":0},"end":{"line":119,"column":161}},"119":{"start":{"line":120,"column":0},"end":{"line":120,"column":14}},"120":{"start":{"line":121,"column":0},"end":{"line":121,"column":18}},"121":{"start":{"line":122,"column":0},"end":{"line":122,"column":52}},"122":{"start":{"line":123,"column":0},"end":{"line":123,"column":5}},"123":{"start":{"line":124,"column":0},"end":{"line":124,"column":80}},"124":{"start":{"line":125,"column":0},"end":{"line":125,"column":5}},"126":{"start":{"line":127,"column":0},"end":{"line":127,"column":71}},"127":{"start":{"line":128,"column":0},"end":{"line":128,"column":34}},"128":{"start":{"line":129,"column":0},"end":{"line":129,"column":5}},"131":{"start":{"line":132,"column":0},"end":{"line":132,"column":101}},"132":{"start":{"line":133,"column":0},"end":{"line":133,"column":74}},"133":{"start":{"line":134,"column":0},"end":{"line":134,"column":34}},"134":{"start":{"line":135,"column":0},"end":{"line":135,"column":49}},"135":{"start":{"line":136,"column":0},"end":{"line":136,"column":5}},"136":{"start":{"line":137,"column":0},"end":{"line":137,"column":74}},"137":{"start":{"line":138,"column":0},"end":{"line":138,"column":46}},"138":{"start":{"line":139,"column":0},"end":{"line":139,"column":50}},"139":{"start":{"line":140,"column":0},"end":{"line":140,"column":20}},"140":{"start":{"line":141,"column":0},"end":{"line":141,"column":5}},"142":{"start":{"line":143,"column":0},"end":{"line":143,"column":74}},"143":{"start":{"line":144,"column":0},"end":{"line":144,"column":45}},"144":{"start":{"line":145,"column":0},"end":{"line":145,"column":90}},"145":{"start":{"line":146,"column":0},"end":{"line":146,"column":39}},"146":{"start":{"line":147,"column":0},"end":{"line":147,"column":5}},"147":{"start":{"line":148,"column":0},"end":{"line":148,"column":60}},"148":{"start":{"line":149,"column":0},"end":{"line":149,"column":18}},"149":{"start":{"line":150,"column":0},"end":{"line":150,"column":5}},"151":{"start":{"line":152,"column":0},"end":{"line":152,"column":77}},"152":{"start":{"line":153,"column":0},"end":{"line":153,"column":45}},"153":{"start":{"line":154,"column":0},"end":{"line":154,"column":45}},"154":{"start":{"line":155,"column":0},"end":{"line":155,"column":11}},"155":{"start":{"line":156,"column":0},"end":{"line":156,"column":53}},"156":{"start":{"line":157,"column":0},"end":{"line":157,"column":49}},"157":{"start":{"line":158,"column":0},"end":{"line":158,"column":9}},"158":{"start":{"line":159,"column":0},"end":{"line":159,"column":21}},"159":{"start":{"line":160,"column":0},"end":{"line":160,"column":66}},"160":{"start":{"line":161,"column":0},"end":{"line":161,"column":7}},"161":{"start":{"line":162,"column":0},"end":{"line":162,"column":48}},"162":{"start":{"line":163,"column":0},"end":{"line":163,"column":5}},"163":{"start":{"line":164,"column":0},"end":{"line":164,"column":5}},"165":{"start":{"line":166,"column":0},"end":{"line":166,"column":125}},"166":{"start":{"line":167,"column":0},"end":{"line":167,"column":49}},"167":{"start":{"line":168,"column":0},"end":{"line":168,"column":24}},"168":{"start":{"line":169,"column":0},"end":{"line":169,"column":34}},"169":{"start":{"line":170,"column":0},"end":{"line":170,"column":56}},"170":{"start":{"line":171,"column":0},"end":{"line":171,"column":33}},"171":{"start":{"line":172,"column":0},"end":{"line":172,"column":43}},"172":{"start":{"line":173,"column":0},"end":{"line":173,"column":41}},"173":{"start":{"line":174,"column":0},"end":{"line":174,"column":36}},"174":{"start":{"line":175,"column":0},"end":{"line":175,"column":51}},"175":{"start":{"line":176,"column":0},"end":{"line":176,"column":35}},"176":{"start":{"line":177,"column":0},"end":{"line":177,"column":7}},"178":{"start":{"line":179,"column":0},"end":{"line":179,"column":25}},"179":{"start":{"line":180,"column":0},"end":{"line":180,"column":11}},"180":{"start":{"line":181,"column":0},"end":{"line":181,"column":78}},"181":{"start":{"line":182,"column":0},"end":{"line":182,"column":38}},"182":{"start":{"line":183,"column":0},"end":{"line":183,"column":53}},"183":{"start":{"line":184,"column":0},"end":{"line":184,"column":9}},"184":{"start":{"line":185,"column":0},"end":{"line":185,"column":78}},"185":{"start":{"line":186,"column":0},"end":{"line":186,"column":50}},"186":{"start":{"line":187,"column":0},"end":{"line":187,"column":54}},"187":{"start":{"line":188,"column":0},"end":{"line":188,"column":21}},"188":{"start":{"line":189,"column":0},"end":{"line":189,"column":74}},"189":{"start":{"line":190,"column":0},"end":{"line":190,"column":7}},"190":{"start":{"line":191,"column":0},"end":{"line":191,"column":5}},"192":{"start":{"line":193,"column":0},"end":{"line":193,"column":9}},"193":{"start":{"line":194,"column":0},"end":{"line":194,"column":27}},"194":{"start":{"line":195,"column":0},"end":{"line":195,"column":18}},"195":{"start":{"line":196,"column":0},"end":{"line":196,"column":56}},"196":{"start":{"line":197,"column":0},"end":{"line":197,"column":11}},"197":{"start":{"line":198,"column":0},"end":{"line":198,"column":10}},"198":{"start":{"line":199,"column":0},"end":{"line":199,"column":36}},"199":{"start":{"line":200,"column":0},"end":{"line":200,"column":8}},"200":{"start":{"line":201,"column":0},"end":{"line":201,"column":19}},"201":{"start":{"line":202,"column":0},"end":{"line":202,"column":85}},"202":{"start":{"line":203,"column":0},"end":{"line":203,"column":5}},"204":{"start":{"line":205,"column":0},"end":{"line":205,"column":21}},"205":{"start":{"line":206,"column":0},"end":{"line":206,"column":5}},"207":{"start":{"line":208,"column":0},"end":{"line":208,"column":113}},"208":{"start":{"line":209,"column":0},"end":{"line":209,"column":23}},"209":{"start":{"line":210,"column":0},"end":{"line":210,"column":74}},"210":{"start":{"line":211,"column":0},"end":{"line":211,"column":34}},"211":{"start":{"line":212,"column":0},"end":{"line":212,"column":49}},"212":{"start":{"line":213,"column":0},"end":{"line":213,"column":5}},"214":{"start":{"line":215,"column":0},"end":{"line":215,"column":45}},"215":{"start":{"line":216,"column":0},"end":{"line":216,"column":11}},"216":{"start":{"line":217,"column":0},"end":{"line":217,"column":63}},"219":{"start":{"line":220,"column":0},"end":{"line":220,"column":53}},"220":{"start":{"line":221,"column":0},"end":{"line":221,"column":26}},"221":{"start":{"line":222,"column":0},"end":{"line":222,"column":22}},"222":{"start":{"line":223,"column":0},"end":{"line":223,"column":45}},"223":{"start":{"line":224,"column":0},"end":{"line":224,"column":55}},"224":{"start":{"line":225,"column":0},"end":{"line":225,"column":39}},"225":{"start":{"line":226,"column":0},"end":{"line":226,"column":11}},"228":{"start":{"line":229,"column":0},"end":{"line":229,"column":78}},"229":{"start":{"line":230,"column":0},"end":{"line":230,"column":50}},"230":{"start":{"line":231,"column":0},"end":{"line":231,"column":54}},"232":{"start":{"line":233,"column":0},"end":{"line":233,"column":21}},"233":{"start":{"line":234,"column":0},"end":{"line":234,"column":21}},"234":{"start":{"line":235,"column":0},"end":{"line":235,"column":72}},"235":{"start":{"line":236,"column":0},"end":{"line":236,"column":7}},"236":{"start":{"line":237,"column":0},"end":{"line":237,"column":5}},"238":{"start":{"line":239,"column":0},"end":{"line":239,"column":25}},"239":{"start":{"line":240,"column":0},"end":{"line":240,"column":11}},"240":{"start":{"line":241,"column":0},"end":{"line":241,"column":29}},"241":{"start":{"line":242,"column":0},"end":{"line":242,"column":20}},"242":{"start":{"line":243,"column":0},"end":{"line":243,"column":53}},"243":{"start":{"line":244,"column":0},"end":{"line":244,"column":13}},"244":{"start":{"line":245,"column":0},"end":{"line":245,"column":21}},"245":{"start":{"line":246,"column":0},"end":{"line":246,"column":47}},"246":{"start":{"line":247,"column":0},"end":{"line":247,"column":10}},"247":{"start":{"line":248,"column":0},"end":{"line":248,"column":21}},"248":{"start":{"line":249,"column":0},"end":{"line":249,"column":76}},"249":{"start":{"line":250,"column":0},"end":{"line":250,"column":7}},"250":{"start":{"line":251,"column":0},"end":{"line":251,"column":5}},"252":{"start":{"line":253,"column":0},"end":{"line":253,"column":22}},"253":{"start":{"line":254,"column":0},"end":{"line":254,"column":5}},"256":{"start":{"line":257,"column":0},"end":{"line":257,"column":77}},"257":{"start":{"line":258,"column":0},"end":{"line":258,"column":45}},"258":{"start":{"line":259,"column":0},"end":{"line":259,"column":56}},"260":{"start":{"line":261,"column":0},"end":{"line":261,"column":55}},"262":{"start":{"line":263,"column":0},"end":{"line":263,"column":59}},"264":{"start":{"line":265,"column":0},"end":{"line":265,"column":64}},"265":{"start":{"line":266,"column":0},"end":{"line":266,"column":35}},"266":{"start":{"line":267,"column":0},"end":{"line":267,"column":53}},"267":{"start":{"line":268,"column":0},"end":{"line":268,"column":59}},"268":{"start":{"line":269,"column":0},"end":{"line":269,"column":7}},"270":{"start":{"line":271,"column":0},"end":{"line":271,"column":32}},"271":{"start":{"line":272,"column":0},"end":{"line":272,"column":45}},"272":{"start":{"line":273,"column":0},"end":{"line":273,"column":22}},"273":{"start":{"line":274,"column":0},"end":{"line":274,"column":5}},"274":{"start":{"line":275,"column":0},"end":{"line":275,"column":16}},"275":{"start":{"line":276,"column":0},"end":{"line":276,"column":5}},"278":{"start":{"line":279,"column":0},"end":{"line":279,"column":64}},"279":{"start":{"line":280,"column":0},"end":{"line":280,"column":65}},"280":{"start":{"line":281,"column":0},"end":{"line":281,"column":31}},"281":{"start":{"line":282,"column":0},"end":{"line":282,"column":59}},"282":{"start":{"line":283,"column":0},"end":{"line":283,"column":7}},"283":{"start":{"line":284,"column":0},"end":{"line":284,"column":44}},"284":{"start":{"line":285,"column":0},"end":{"line":285,"column":26}},"285":{"start":{"line":286,"column":0},"end":{"line":286,"column":5}},"286":{"start":{"line":287,"column":0},"end":{"line":287,"column":16}},"287":{"start":{"line":288,"column":0},"end":{"line":288,"column":5}},"289":{"start":{"line":290,"column":0},"end":{"line":290,"column":74}},"290":{"start":{"line":291,"column":0},"end":{"line":291,"column":65}},"291":{"start":{"line":292,"column":0},"end":{"line":292,"column":50}},"292":{"start":{"line":293,"column":0},"end":{"line":293,"column":59}},"293":{"start":{"line":294,"column":0},"end":{"line":294,"column":7}},"294":{"start":{"line":295,"column":0},"end":{"line":295,"column":44}},"295":{"start":{"line":296,"column":0},"end":{"line":296,"column":23}},"296":{"start":{"line":297,"column":0},"end":{"line":297,"column":5}},"297":{"start":{"line":298,"column":0},"end":{"line":298,"column":14}},"298":{"start":{"line":299,"column":0},"end":{"line":299,"column":5}},"301":{"start":{"line":302,"column":0},"end":{"line":302,"column":74}},"302":{"start":{"line":303,"column":0},"end":{"line":303,"column":41}},"303":{"start":{"line":304,"column":0},"end":{"line":304,"column":5}},"305":{"start":{"line":306,"column":0},"end":{"line":306,"column":93}},"306":{"start":{"line":307,"column":0},"end":{"line":307,"column":50}},"307":{"start":{"line":308,"column":0},"end":{"line":308,"column":5}},"309":{"start":{"line":310,"column":0},"end":{"line":310,"column":107}},"310":{"start":{"line":311,"column":0},"end":{"line":311,"column":60}},"311":{"start":{"line":312,"column":0},"end":{"line":312,"column":5}},"313":{"start":{"line":314,"column":0},"end":{"line":314,"column":92}},"314":{"start":{"line":315,"column":0},"end":{"line":315,"column":53}},"315":{"start":{"line":316,"column":0},"end":{"line":316,"column":5}},"318":{"start":{"line":319,"column":0},"end":{"line":319,"column":85}},"319":{"start":{"line":320,"column":0},"end":{"line":320,"column":45}},"320":{"start":{"line":321,"column":0},"end":{"line":321,"column":56}},"322":{"start":{"line":323,"column":0},"end":{"line":323,"column":55}},"324":{"start":{"line":325,"column":0},"end":{"line":325,"column":67}},"326":{"start":{"line":327,"column":0},"end":{"line":327,"column":64}},"327":{"start":{"line":328,"column":0},"end":{"line":328,"column":41}},"328":{"start":{"line":329,"column":0},"end":{"line":329,"column":53}},"329":{"start":{"line":330,"column":0},"end":{"line":330,"column":59}},"330":{"start":{"line":331,"column":0},"end":{"line":331,"column":7}},"332":{"start":{"line":333,"column":0},"end":{"line":333,"column":32}},"333":{"start":{"line":334,"column":0},"end":{"line":334,"column":54}},"334":{"start":{"line":335,"column":0},"end":{"line":335,"column":22}},"335":{"start":{"line":336,"column":0},"end":{"line":336,"column":5}},"336":{"start":{"line":337,"column":0},"end":{"line":337,"column":16}},"337":{"start":{"line":338,"column":0},"end":{"line":338,"column":5}},"340":{"start":{"line":341,"column":0},"end":{"line":341,"column":52}},"341":{"start":{"line":342,"column":0},"end":{"line":342,"column":28}},"342":{"start":{"line":343,"column":0},"end":{"line":343,"column":5}},"345":{"start":{"line":346,"column":0},"end":{"line":346,"column":86}},"346":{"start":{"line":347,"column":0},"end":{"line":347,"column":45}},"347":{"start":{"line":348,"column":0},"end":{"line":348,"column":90}},"348":{"start":{"line":349,"column":0},"end":{"line":349,"column":57}},"349":{"start":{"line":350,"column":0},"end":{"line":350,"column":5}},"350":{"start":{"line":351,"column":0},"end":{"line":351,"column":73}},"351":{"start":{"line":352,"column":0},"end":{"line":352,"column":5}},"353":{"start":{"line":354,"column":0},"end":{"line":354,"column":109}},"354":{"start":{"line":355,"column":0},"end":{"line":355,"column":45}},"355":{"start":{"line":356,"column":0},"end":{"line":356,"column":90}},"356":{"start":{"line":357,"column":0},"end":{"line":357,"column":57}},"357":{"start":{"line":358,"column":0},"end":{"line":358,"column":5}},"358":{"start":{"line":359,"column":0},"end":{"line":359,"column":86}},"359":{"start":{"line":360,"column":0},"end":{"line":360,"column":5}},"361":{"start":{"line":362,"column":0},"end":{"line":362,"column":86}},"362":{"start":{"line":363,"column":0},"end":{"line":363,"column":45}},"363":{"start":{"line":364,"column":0},"end":{"line":364,"column":90}},"364":{"start":{"line":365,"column":0},"end":{"line":365,"column":57}},"365":{"start":{"line":366,"column":0},"end":{"line":366,"column":5}},"366":{"start":{"line":367,"column":0},"end":{"line":367,"column":80}},"367":{"start":{"line":368,"column":0},"end":{"line":368,"column":5}},"370":{"start":{"line":371,"column":0},"end":{"line":371,"column":83}},"371":{"start":{"line":372,"column":0},"end":{"line":372,"column":46}},"372":{"start":{"line":373,"column":0},"end":{"line":373,"column":5}},"374":{"start":{"line":375,"column":0},"end":{"line":375,"column":79}},"375":{"start":{"line":376,"column":0},"end":{"line":376,"column":41}},"376":{"start":{"line":377,"column":0},"end":{"line":377,"column":5}},"379":{"start":{"line":380,"column":0},"end":{"line":380,"column":82}},"380":{"start":{"line":381,"column":0},"end":{"line":381,"column":45}},"381":{"start":{"line":382,"column":0},"end":{"line":382,"column":5}},"383":{"start":{"line":384,"column":0},"end":{"line":384,"column":145}},"384":{"start":{"line":385,"column":0},"end":{"line":385,"column":37}},"385":{"start":{"line":386,"column":0},"end":{"line":386,"column":25}},"386":{"start":{"line":387,"column":0},"end":{"line":387,"column":11}},"387":{"start":{"line":388,"column":0},"end":{"line":388,"column":91}},"388":{"start":{"line":389,"column":0},"end":{"line":389,"column":38}},"389":{"start":{"line":390,"column":0},"end":{"line":390,"column":53}},"390":{"start":{"line":391,"column":0},"end":{"line":391,"column":9}},"391":{"start":{"line":392,"column":0},"end":{"line":392,"column":76}},"392":{"start":{"line":393,"column":0},"end":{"line":393,"column":50}},"393":{"start":{"line":394,"column":0},"end":{"line":394,"column":21}},"394":{"start":{"line":395,"column":0},"end":{"line":395,"column":76}},"395":{"start":{"line":396,"column":0},"end":{"line":396,"column":7}},"396":{"start":{"line":397,"column":0},"end":{"line":397,"column":5}},"397":{"start":{"line":398,"column":0},"end":{"line":398,"column":67}},"398":{"start":{"line":399,"column":0},"end":{"line":399,"column":5}},"400":{"start":{"line":401,"column":0},"end":{"line":401,"column":78}},"401":{"start":{"line":402,"column":0},"end":{"line":402,"column":40}},"402":{"start":{"line":403,"column":0},"end":{"line":403,"column":5}},"404":{"start":{"line":405,"column":0},"end":{"line":405,"column":111}},"405":{"start":{"line":406,"column":0},"end":{"line":406,"column":46}},"406":{"start":{"line":407,"column":0},"end":{"line":407,"column":37}},"407":{"start":{"line":408,"column":0},"end":{"line":408,"column":21}},"408":{"start":{"line":409,"column":0},"end":{"line":409,"column":36}},"409":{"start":{"line":410,"column":0},"end":{"line":410,"column":5}},"410":{"start":{"line":411,"column":0},"end":{"line":411,"column":5}},"413":{"start":{"line":414,"column":0},"end":{"line":414,"column":87}},"414":{"start":{"line":415,"column":0},"end":{"line":415,"column":50}},"415":{"start":{"line":416,"column":0},"end":{"line":416,"column":5}},"417":{"start":{"line":418,"column":0},"end":{"line":418,"column":167}},"418":{"start":{"line":419,"column":0},"end":{"line":419,"column":93}},"419":{"start":{"line":420,"column":0},"end":{"line":420,"column":5}},"420":{"start":{"line":421,"column":0},"end":{"line":421,"column":1}}},"s":{"0":0,"1":0,"2":0,"3":0,"4":0,"5":0,"6":0,"7":0,"8":0,"9":0,"12":0,"13":0,"14":0,"15":0,"16":0,"17":0,"18":0,"19":0,"22":0,"23":0,"24":0,"25":0,"26":0,"27":0,"28":0,"29":0,"30":0,"33":0,"34":0,"35":0,"37":0,"38":0,"39":0,"41":0,"42":0,"43":0,"45":0,"46":0,"47":0,"49":0,"50":0,"51":0,"53":0,"54":0,"55":0,"58":0,"59":0,"60":0,"62":0,"63":0,"64":0,"66":0,"67":0,"68":0,"71":0,"72":0,"73":0,"75":0,"76":0,"77":0,"79":0,"80":0,"81":0,"83":0,"84":0,"85":0,"88":0,"89":0,"90":0,"92":0,"93":0,"94":0,"97":0,"98":0,"99":0,"101":0,"102":0,"103":0,"105":0,"106":0,"107":0,"109":0,"110":0,"111":0,"114":0,"115":0,"116":0,"118":0,"119":0,"120":0,"121":0,"122":0,"123":0,"124":0,"126":0,"127":0,"128":0,"131":0,"132":0,"133":0,"134":0,"135":0,"136":0,"137":0,"138":0,"139":0,"140":0,"142":0,"143":0,"144":0,"145":0,"146":0,"147":0,"148":0,"149":0,"151":0,"152":0,"153":0,"154":0,"155":0,"156":0,"157":0,"158":0,"159":0,"160":0,"161":0,"162":0,"163":0,"165":0,"166":0,"167":0,"168":0,"169":0,"170":0,"171":0,"172":0,"173":0,"174":0,"175":0,"176":0,"178":0,"179":0,"180":0,"181":0,"182":0,"183":0,"184":0,"185":0,"186":0,"187":0,"188":0,"189":0,"190":0,"192":0,"193":0,"194":0,"195":0,"196":0,"197":0,"198":0,"199":0,"200":0,"201":0,"202":0,"204":0,"205":0,"207":0,"208":0,"209":0,"210":0,"211":0,"212":0,"214":0,"215":0,"216":0,"219":0,"220":0,"221":0,"222":0,"223":0,"224":0,"225":0,"228":0,"229":0,"230":0,"232":0,"233":0,"234":0,"235":0,"236":0,"238":0,"239":0,"240":0,"241":0,"242":0,"243":0,"244":0,"245":0,"246":0,"247":0,"248":0,"249":0,"250":0,"252":0,"253":0,"256":0,"257":0,"258":0,"260":0,"262":0,"264":0,"265":0,"266":0,"267":0,"268":0,"270":0,"271":0,"272":0,"273":0,"274":0,"275":0,"278":0,"279":0,"280":0,"281":0,"282":0,"283":0,"284":0,"285":0,"286":0,"287":0,"289":0,"290":0,"291":0,"292":0,"293":0,"294":0,"295":0,"296":0,"297":0,"298":0,"301":0,"302":0,"303":0,"305":0,"306":0,"307":0,"309":0,"310":0,"311":0,"313":0,"314":0,"315":0,"318":0,"319":0,"320":0,"322":0,"324":0,"326":0,"327":0,"328":0,"329":0,"330":0,"332":0,"333":0,"334":0,"335":0,"336":0,"337":0,"340":0,"341":0,"342":0,"345":0,"346":0,"347":0,"348":0,"349":0,"350":0,"351":0,"353":0,"354":0,"355":0,"356":0,"357":0,"358":0,"359":0,"361":0,"362":0,"363":0,"364":0,"365":0,"366":0,"367":0,"370":0,"371":0,"372":0,"374":0,"375":0,"376":0,"379":0,"380":0,"381":0,"383":0,"384":0,"385":0,"386":0,"387":0,"388":0,"389":0,"390":0,"391":0,"392":0,"393":0,"394":0,"395":0,"396":0,"397":0,"398":0,"400":0,"401":0,"402":0,"404":0,"405":0,"406":0,"407":0,"408":0,"409":0,"410":0,"413":0,"414":0,"415":0,"417":0,"418":0,"419":0,"420":0},"branchMap":{"0":{"type":"branch","line":1,"loc":{"start":{"line":1,"column":15226},"end":{"line":421,"column":1}},"locations":[{"start":{"line":1,"column":15226},"end":{"line":421,"column":1}}]}},"b":{"0":[0]},"fnMap":{"0":{"name":"(empty-report)","decl":{"start":{"line":1,"column":15226},"end":{"line":421,"column":1}},"loc":{"start":{"line":1,"column":15226},"end":{"line":421,"column":1}},"line":1}},"f":{"0":0}}
,"C:\\root_lab\\antigravity\\emmas_librarian\\emmas_librarian\\electron\\services\\AIService.ts": {"path":"C:\\root_lab\\antigravity\\emmas_librarian\\emmas_librarian\\electron\\services\\AIService.ts","all":false,"statementMap":{"0":{"start":{"line":1,"column":0},"end":{"line":1,"column":20}},"2":{"start":{"line":3,"column":0},"end":{"line":3,"column":37}},"4":{"start":{"line":5,"column":0},"end":{"line":5,"column":24}},"5":{"start":{"line":6,"column":0},"end":{"line":6,"column":30}},"7":{"start":{"line":8,"column":0},"end":{"line":8,"column":36}},"8":{"start":{"line":9,"column":0},"end":{"line":9,"column":17}},"9":{"start":{"line":10,"column":0},"end":{"line":10,"column":3}},"12":{"start":{"line":13,"column":0},"end":{"line":13,"column":69}},"13":{"start":{"line":14,"column":0},"end":{"line":14,"column":34}},"14":{"start":{"line":15,"column":0},"end":{"line":15,"column":56}},"15":{"start":{"line":16,"column":0},"end":{"line":16,"column":5}},"17":{"start":{"line":18,"column":0},"end":{"line":18,"column":48}},"18":{"start":{"line":19,"column":0},"end":{"line":19,"column":9}},"19":{"start":{"line":20,"column":0},"end":{"line":20,"column":56}},"20":{"start":{"line":21,"column":0},"end":{"line":21,"column":44}},"21":{"start":{"line":22,"column":0},"end":{"line":22,"column":25}},"22":{"start":{"line":23,"column":0},"end":{"line":23,"column":19}},"23":{"start":{"line":24,"column":0},"end":{"line":24,"column":47}},"24":{"start":{"line":25,"column":0},"end":{"line":25,"column":50}},"25":{"start":{"line":26,"column":0},"end":{"line":26,"column":5}},"26":{"start":{"line":27,"column":0},"end":{"line":27,"column":3}},"30":{"start":{"line":31,"column":0},"end":{"line":31,"column":20}},"31":{"start":{"line":32,"column":0},"end":{"line":32,"column":12}},"32":{"start":{"line":33,"column":0},"end":{"line":33,"column":51}},"33":{"start":{"line":34,"column":0},"end":{"line":34,"column":51}},"34":{"start":{"line":35,"column":0},"end":{"line":35,"column":57}},"35":{"start":{"line":36,"column":0},"end":{"line":36,"column":51}},"36":{"start":{"line":37,"column":0},"end":{"line":37,"column":54}},"37":{"start":{"line":38,"column":0},"end":{"line":38,"column":6}},"38":{"start":{"line":39,"column":0},"end":{"line":39,"column":3}},"40":{"start":{"line":41,"column":0},"end":{"line":41,"column":77}},"41":{"start":{"line":42,"column":0},"end":{"line":42,"column":80}},"42":{"start":{"line":43,"column":0},"end":{"line":43,"column":21}},"43":{"start":{"line":44,"column":0},"end":{"line":44,"column":16}},"44":{"start":{"line":45,"column":0},"end":{"line":45,"column":43}},"45":{"start":{"line":46,"column":0},"end":{"line":46,"column":44}},"46":{"start":{"line":47,"column":0},"end":{"line":47,"column":8}},"47":{"start":{"line":48,"column":0},"end":{"line":48,"column":28}},"48":{"start":{"line":49,"column":0},"end":{"line":49,"column":29}},"49":{"start":{"line":50,"column":0},"end":{"line":50,"column":54}},"50":{"start":{"line":51,"column":0},"end":{"line":51,"column":25}},"51":{"start":{"line":52,"column":0},"end":{"line":52,"column":9}},"52":{"start":{"line":53,"column":0},"end":{"line":53,"column":7}},"54":{"start":{"line":55,"column":0},"end":{"line":55,"column":23}},"55":{"start":{"line":56,"column":0},"end":{"line":56,"column":36}},"56":{"start":{"line":57,"column":0},"end":{"line":57,"column":42}},"57":{"start":{"line":58,"column":0},"end":{"line":58,"column":7}},"58":{"start":{"line":59,"column":0},"end":{"line":59,"column":40}},"59":{"start":{"line":60,"column":0},"end":{"line":60,"column":50}},"60":{"start":{"line":61,"column":0},"end":{"line":61,"column":5}},"62":{"start":{"line":63,"column":0},"end":{"line":63,"column":39}},"63":{"start":{"line":64,"column":0},"end":{"line":64,"column":43}},"64":{"start":{"line":65,"column":0},"end":{"line":65,"column":3}},"66":{"start":{"line":67,"column":0},"end":{"line":67,"column":77}},"67":{"start":{"line":68,"column":0},"end":{"line":68,"column":140}},"68":{"start":{"line":69,"column":0},"end":{"line":69,"column":21}},"69":{"start":{"line":70,"column":0},"end":{"line":70,"column":54}},"70":{"start":{"line":71,"column":0},"end":{"line":71,"column":28}},"71":{"start":{"line":72,"column":0},"end":{"line":72,"column":49}},"72":{"start":{"line":73,"column":0},"end":{"line":73,"column":9}},"73":{"start":{"line":74,"column":0},"end":{"line":74,"column":7}},"75":{"start":{"line":76,"column":0},"end":{"line":76,"column":23}},"76":{"start":{"line":77,"column":0},"end":{"line":77,"column":36}},"77":{"start":{"line":78,"column":0},"end":{"line":78,"column":42}},"78":{"start":{"line":79,"column":0},"end":{"line":79,"column":7}},"79":{"start":{"line":80,"column":0},"end":{"line":80,"column":40}},"80":{"start":{"line":81,"column":0},"end":{"line":81,"column":50}},"81":{"start":{"line":82,"column":0},"end":{"line":82,"column":5}},"83":{"start":{"line":84,"column":0},"end":{"line":84,"column":39}},"84":{"start":{"line":85,"column":0},"end":{"line":85,"column":52}},"85":{"start":{"line":86,"column":0},"end":{"line":86,"column":3}},"87":{"start":{"line":88,"column":0},"end":{"line":88,"column":93}},"89":{"start":{"line":90,"column":0},"end":{"line":90,"column":29}},"90":{"start":{"line":91,"column":0},"end":{"line":91,"column":50}},"93":{"start":{"line":94,"column":0},"end":{"line":94,"column":61}},"94":{"start":{"line":95,"column":0},"end":{"line":95,"column":21}},"95":{"start":{"line":96,"column":0},"end":{"line":96,"column":54}},"96":{"start":{"line":97,"column":0},"end":{"line":97,"column":28}},"97":{"start":{"line":98,"column":0},"end":{"line":98,"column":62}},"98":{"start":{"line":99,"column":0},"end":{"line":99,"column":54}},"99":{"start":{"line":100,"column":0},"end":{"line":100,"column":25}},"100":{"start":{"line":101,"column":0},"end":{"line":101,"column":9}},"101":{"start":{"line":102,"column":0},"end":{"line":102,"column":7}},"103":{"start":{"line":104,"column":0},"end":{"line":104,"column":23}},"104":{"start":{"line":105,"column":0},"end":{"line":105,"column":40}},"105":{"start":{"line":106,"column":0},"end":{"line":106,"column":56}},"106":{"start":{"line":107,"column":0},"end":{"line":107,"column":5}},"108":{"start":{"line":109,"column":0},"end":{"line":109,"column":39}},"109":{"start":{"line":110,"column":0},"end":{"line":110,"column":43}},"110":{"start":{"line":111,"column":0},"end":{"line":111,"column":3}},"113":{"start":{"line":114,"column":0},"end":{"line":114,"column":69}},"114":{"start":{"line":115,"column":0},"end":{"line":115,"column":32}},"117":{"start":{"line":118,"column":0},"end":{"line":118,"column":22}},"118":{"start":{"line":119,"column":0},"end":{"line":119,"column":50}},"119":{"start":{"line":120,"column":0},"end":{"line":120,"column":29}},"120":{"start":{"line":121,"column":0},"end":{"line":121,"column":50}},"121":{"start":{"line":122,"column":0},"end":{"line":122,"column":29}},"122":{"start":{"line":123,"column":0},"end":{"line":123,"column":80}},"123":{"start":{"line":124,"column":0},"end":{"line":124,"column":12}},"124":{"start":{"line":125,"column":0},"end":{"line":125,"column":107}},"125":{"start":{"line":126,"column":0},"end":{"line":126,"column":5}},"126":{"start":{"line":127,"column":0},"end":{"line":127,"column":3}},"130":{"start":{"line":131,"column":0},"end":{"line":131,"column":129}},"131":{"start":{"line":132,"column":0},"end":{"line":132,"column":50}},"132":{"start":{"line":133,"column":0},"end":{"line":133,"column":30}},"133":{"start":{"line":134,"column":0},"end":{"line":134,"column":11}},"134":{"start":{"line":135,"column":0},"end":{"line":135,"column":46}},"135":{"start":{"line":136,"column":0},"end":{"line":136,"column":19}},"137":{"start":{"line":138,"column":0},"end":{"line":138,"column":7}},"138":{"start":{"line":139,"column":0},"end":{"line":139,"column":5}},"140":{"start":{"line":141,"column":0},"end":{"line":141,"column":56}},"143":{"start":{"line":144,"column":0},"end":{"line":144,"column":51}},"145":{"start":{"line":146,"column":0},"end":{"line":146,"column":136}},"156":{"start":{"line":157,"column":0},"end":{"line":157,"column":16}},"159":{"start":{"line":160,"column":0},"end":{"line":160,"column":55}},"161":{"start":{"line":162,"column":0},"end":{"line":162,"column":71}},"163":{"start":{"line":164,"column":0},"end":{"line":164,"column":9}},"164":{"start":{"line":165,"column":0},"end":{"line":165,"column":40}},"165":{"start":{"line":166,"column":0},"end":{"line":166,"column":72}},"166":{"start":{"line":167,"column":0},"end":{"line":167,"column":20}},"167":{"start":{"line":168,"column":0},"end":{"line":168,"column":19}},"168":{"start":{"line":169,"column":0},"end":{"line":169,"column":57}},"169":{"start":{"line":170,"column":0},"end":{"line":170,"column":67}},"170":{"start":{"line":171,"column":0},"end":{"line":171,"column":5}},"171":{"start":{"line":172,"column":0},"end":{"line":172,"column":3}},"173":{"start":{"line":174,"column":0},"end":{"line":174,"column":226}},"174":{"start":{"line":175,"column":0},"end":{"line":175,"column":56}},"175":{"start":{"line":176,"column":0},"end":{"line":176,"column":51}},"177":{"start":{"line":178,"column":0},"end":{"line":178,"column":79}},"179":{"start":{"line":180,"column":0},"end":{"line":180,"column":131}},"195":{"start":{"line":196,"column":0},"end":{"line":196,"column":16}},"198":{"start":{"line":199,"column":0},"end":{"line":199,"column":16}},"201":{"start":{"line":202,"column":0},"end":{"line":202,"column":55}},"202":{"start":{"line":203,"column":0},"end":{"line":203,"column":71}},"204":{"start":{"line":205,"column":0},"end":{"line":205,"column":9}},"205":{"start":{"line":206,"column":0},"end":{"line":206,"column":40}},"208":{"start":{"line":209,"column":0},"end":{"line":209,"column":34}},"209":{"start":{"line":210,"column":0},"end":{"line":210,"column":25}},"210":{"start":{"line":211,"column":0},"end":{"line":211,"column":15}},"211":{"start":{"line":212,"column":0},"end":{"line":212,"column":41}},"212":{"start":{"line":213,"column":0},"end":{"line":213,"column":25}},"213":{"start":{"line":214,"column":0},"end":{"line":214,"column":26}},"214":{"start":{"line":215,"column":0},"end":{"line":215,"column":40}},"215":{"start":{"line":216,"column":0},"end":{"line":216,"column":39}},"216":{"start":{"line":217,"column":0},"end":{"line":217,"column":36}},"217":{"start":{"line":218,"column":0},"end":{"line":218,"column":14}},"218":{"start":{"line":219,"column":0},"end":{"line":219,"column":23}},"219":{"start":{"line":220,"column":0},"end":{"line":220,"column":65}},"220":{"start":{"line":221,"column":0},"end":{"line":221,"column":11}},"221":{"start":{"line":222,"column":0},"end":{"line":222,"column":9}},"222":{"start":{"line":223,"column":0},"end":{"line":223,"column":7}},"224":{"start":{"line":225,"column":0},"end":{"line":225,"column":20}},"225":{"start":{"line":226,"column":0},"end":{"line":226,"column":19}},"226":{"start":{"line":227,"column":0},"end":{"line":227,"column":80}},"227":{"start":{"line":228,"column":0},"end":{"line":228,"column":81}},"228":{"start":{"line":229,"column":0},"end":{"line":229,"column":5}},"229":{"start":{"line":230,"column":0},"end":{"line":230,"column":3}},"231":{"start":{"line":232,"column":0},"end":{"line":232,"column":89}},"232":{"start":{"line":233,"column":0},"end":{"line":233,"column":56}},"233":{"start":{"line":234,"column":0},"end":{"line":234,"column":106}},"235":{"start":{"line":236,"column":0},"end":{"line":236,"column":139}},"248":{"start":{"line":249,"column":0},"end":{"line":249,"column":16}},"251":{"start":{"line":252,"column":0},"end":{"line":252,"column":55}},"252":{"start":{"line":253,"column":0},"end":{"line":253,"column":71}},"254":{"start":{"line":255,"column":0},"end":{"line":255,"column":9}},"255":{"start":{"line":256,"column":0},"end":{"line":256,"column":40}},"256":{"start":{"line":257,"column":0},"end":{"line":257,"column":20}},"257":{"start":{"line":258,"column":0},"end":{"line":258,"column":19}},"258":{"start":{"line":259,"column":0},"end":{"line":259,"column":70}},"259":{"start":{"line":260,"column":0},"end":{"line":260,"column":85}},"260":{"start":{"line":261,"column":0},"end":{"line":261,"column":5}},"261":{"start":{"line":262,"column":0},"end":{"line":262,"column":3}},"262":{"start":{"line":263,"column":0},"end":{"line":263,"column":1}}},"s":{"0":1,"2":1,"4":1,"5":1,"7":1,"8":6,"9":6,"12":1,"13":5,"14":1,"15":1,"17":4,"18":4,"19":4,"20":4,"21":4,"22":5,"23":0,"24":0,"25":0,"26":5,"30":1,"31":4,"32":4,"33":4,"34":4,"35":4,"36":4,"37":4,"38":4,"40":1,"41":2,"42":2,"43":2,"44":2,"45":2,"46":2,"47":2,"48":2,"49":2,"50":2,"51":2,"52":2,"54":2,"55":0,"56":0,"57":0,"58":0,"59":0,"60":0,"62":2,"63":2,"64":2,"66":1,"67":0,"68":0,"69":0,"70":0,"71":0,"72":0,"73":0,"75":0,"76":0,"77":0,"78":0,"79":0,"80":0,"81":0,"83":0,"84":0,"85":0,"87":1,"89":0,"90":0,"93":0,"94":0,"95":0,"96":0,"97":0,"98":0,"99":0,"100":0,"101":0,"103":0,"104":0,"105":0,"106":0,"108":0,"109":0,"110":0,"113":1,"114":3,"117":3,"118":2,"119":3,"120":0,"121":1,"122":0,"123":1,"124":1,"125":1,"126":3,"130":1,"131":2,"132":2,"133":0,"134":0,"135":0,"137":0,"138":0,"140":2,"143":2,"145":2,"156":2,"159":2,"161":1,"163":1,"164":1,"165":1,"166":1,"167":2,"168":0,"169":0,"170":0,"171":2,"173":1,"174":1,"175":1,"177":1,
[...]
tart":{"line":24,"column":10},"end":{"line":54,"column":3}}]},"4":{"type":"branch","line":25,"loc":{"start":{"line":25,"column":30},"end":{"line":39,"column":11}},"locations":[{"start":{"line":25,"column":30},"end":{"line":39,"column":11}}]},"5":{"type":"branch","line":33,"loc":{"start":{"line":33,"column":36},"end":{"line":33,"column":66}},"locations":[{"start":{"line":33,"column":36},"end":{"line":33,"column":66}}]},"6":{"type":"branch","line":34,"loc":{"start":{"line":34,"column":44},"end":{"line":37,"column":7}},"locations":[{"start":{"line":34,"column":44},"end":{"line":37,"column":7}}]},"7":{"type":"branch","line":39,"loc":{"start":{"line":39,"column":4},"end":{"line":53,"column":5}},"locations":[{"start":{"line":39,"column":4},"end":{"line":53,"column":5}}]},"8":{"type":"branch","line":41,"loc":{"start":{"line":41,"column":43},"end":{"line":41,"column":53}},"locations":[{"start":{"line":41,"column":43},"end":{"line":41,"column":53}}]},"9":{"type":"branch","line":43,"loc":{"start":{"line":43,"column":43},"end":{"line":51,"column":7}},"locations":[{"start":{"line":43,"column":43},"end":{"line":51,"column":7}}]},"10":{"type":"branch","line":45,"loc":{"start":{"line":45,"column":72},"end":{"line":49,"column":9}},"locations":[{"start":{"line":45,"column":72},"end":{"line":49,"column":9}}]},"11":{"type":"branch","line":63,"loc":{"start":{"line":63,"column":10},"end":{"line":70,"column":3}},"locations":[{"start":{"line":63,"column":10},"end":{"line":70,"column":3}}]},"12":{"type":"branch","line":67,"loc":{"start":{"line":67,"column":4},"end":{"line":69,"column":5}},"locations":[{"start":{"line":67,"column":4},"end":{"line":69,"column":5}}]},"13":{"type":"branch","line":72,"loc":{"start":{"line":72,"column":10},"end":{"line":92,"column":3}},"locations":[{"start":{"line":72,"column":10},"end":{"line":92,"column":3}}]},"14":{"type":"branch","line":73,"loc":{"start":{"line":73,"column":30},"end":{"line":86,"column":11}},"locations":[{"start":{"line":73,"column":30},"end":{"line":86,"column":11}}]},"15":{"type":"branch","line":82,"loc":{"start":{"line":82,"column":44},"end":{"line":84,"column":7}},"locations":[{"start":{"line":82,"column":44},"end":{"line":84,"column":7}}]},"16":{"type":"branch","line":86,"loc":{"start":{"line":86,"column":4},"end":{"line":91,"column":5}},"locations":[{"start":{"line":86,"column":4},"end":{"line":91,"column":5}}]},"17":{"type":"branch","line":88,"loc":{"start":{"line":88,"column":43},"end":{"line":88,"column":53}},"locations":[{"start":{"line":88,"column":43},"end":{"line":88,"column":53}}]},"18":{"type":"branch","line":89,"loc":{"start":{"line":89,"column":43},"end":{"line":89,"column":79}},"locations":[{"start":{"line":89,"column":43},"end":{"line":89,"column":79}}]},"19":{"type":"branch","line":96,"loc":{"start":{"line":96,"column":10},"end":{"line":103,"column":3}},"locations":[{"start":{"line":96,"column":10},"end":{"line":103,"column":3}}]},"20":{"type":"branch","line":100,"loc":{"start":{"line":100,"column":4},"end":{"line":102,"column":5}},"locations":[{"start":{"line":100,"column":4},"end":{"line":102,"column":5}}]},"21":{"type":"branch","line":105,"loc":{"start":{"line":105,"column":10},"end":{"line":151,"column":3}},"locations":[{"start":{"line":105,"column":10},"end":{"line":151,"column":3}}]},"22":{"type":"branch","line":106,"loc":{"start":{"line":106,"column":30},"end":{"line":119,"column":11}},"locations":[{"start":{"line":106,"column":30},"end":{"line":119,"column":11}}]},"23":{"type":"branch","line":115,"loc":{"start":{"line":115,"column":44},"end":{"line":117,"column":7}},"locations":[{"start":{"line":115,"column":44},"end":{"line":117,"column":7}}]},"24":{"type":"branch","line":119,"loc":{"start":{"line":119,"column":4},"end":{"line":150,"column":5}},"locations":[{"start":{"line":119,"column":4},"end":{"line":150,"column":5}}]},"25":{"type":"branch","line":121,"loc":{"start":{"line":121,"column":43},"end":{"line":121,"column":53}},"locations":[{"start":{"line":121,"column":43},"end":{"line":121,"column":53}}]},"26":{"type":"branch","line":123,"loc":{"start":{"line":123,"column":47},"end":{"line":149,"column":7}},"locations":[{"start":{"line":123,"column":47},"end":{"line":149,"column":7}}]},"27":{"type":"branch","line":131,"loc":{"start":{"line":131,"column":25},"end":{"line":133,"column":9}},"locations":[{"start":{"line":131,"column":25},"end":{"line":133,"column":9}}]},"28":{"type":"branch","line":141,"loc":{"start":{"line":141,"column":8},"end":{"line":149,"column":7}},"locations":[{"start":{"line":141,"column":8},"end":{"line":149,"column":7}}]},"29":{"type":"branch","line":125,"loc":{"start":{"line":125,"column":45},"end":{"line":125,"column":79}},"locations":[{"start":{"line":125,"column":45},"end":{"line":125,"column":79}}]},"30":{"type":"branch","line":130,"loc":{"start":{"line":130,"column":52},"end":{"line":130,"column":74}},"locations":[{"start":{"line":130,"column":52},"end":{"line":130,"column":74}}]},"31":{"type":"branch","line":137,"loc":{"start":{"line":137,"column":38},"end":{"line":137,"column":65}},"locations":[{"start":{"line":137,"column":38},"end":{"line":137,"column":65}}]},"32":{"type":"branch","line":155,"loc":{"start":{"line":155,"column":10},"end":{"line":162,"column":3}},"locations":[{"start":{"line":155,"column":10},"end":{"line":162,"column":3}}]},"33":{"type":"branch","line":159,"loc":{"start":{"line":159,"column":4},"end":{"line":161,"column":5}},"locations":[{"start":{"line":159,"column":4},"end":{"line":161,"column":5}}]},"34":{"type":"branch","line":164,"loc":{"start":{"line":164,"column":10},"end":{"line":171,"column":3}},"locations":[{"start":{"line":164,"column":10},"end":{"line":171,"column":3}}]},"35":{"type":"branch","line":167,"loc":{"start":{"line":167,"column":56},"end":{"line":170,"column":27}},"locations":[{"start":{"line":167,"column":56},"end":{"line":170,"column":27}}]},"36":{"type":"branch","line":173,"loc":{"start":{"line":173,"column":10},"end":{"line":205,"column":3}},"locations":[{"start":{"line":173,"column":10},"end":{"line":205,"column":3}}]},"37":{"type":"branch","line":176,"loc":{"start":{"line":176,"column":30},"end":{"line":190,"column":11}},"locations":[{"start":{"line":176,"column":30},"end":{"line":190,"column":11}}]},"38":{"type":"branch","line":184,"loc":{"start":{"line":184,"column":44},"end":{"line":186,"column":7}},"locations":[{"start":{"line":184,"column":44},"end":{"line":186,"column":7}}]},"39":{"type":"branch","line":190,"loc":{"start":{"line":190,"column":4},"end":{"line":204,"column":18}},"locations":[{"start":{"line":190,"column":4},"end":{"line":204,"column":18}}]},"40":{"type":"branch","line":192,"loc":{"start":{"line":192,"column":46},"end":{"line":203,"column":5}},"locations":[{"start":{"line":192,"column":46},"end":{"line":203,"column":5}}]}},"b":{"0":[2],"1":[2],"2":[0],"3":[5],"4":[3],"5":[0],"6":[0],"7":[2],"8":[0],"9":[3],"10":[0],"11":[2],"12":[0],"13":[5],"14":[3],"15":[0],"16":[2],"17":[0],"18":[3],"19":[2],"20":[1],"21":[3],"22":[1],"23":[0],"24":[2],"25":[0],"26":[1],"27":[0],"28":[0],"29":[1],"30":[2],"31":[2],"32":[2],"33":[1],"34":[2],"35":[1],"36":[3],"37":[1],"38":[0],"39":[2],"40":[1]},"fnMap":{"0":{"name":"translate","decl":{"start":{"line":5,"column":9},"end":{"line":12,"column":3}},"loc":{"start":{"line":5,"column":9},"end":{"line":12,"column":3}},"line":5},"1":{"name":"translateToScopus","decl":{"start":{"line":15,"column":10},"end":{"line":22,"column":3}},"loc":{"start":{"line":15,"column":10},"end":{"line":22,"column":3}},"line":15},"2":{"name":"scopusVisit","decl":{"start":{"line":24,"column":10},"end":{"line":54,"column":3}},"loc":{"start":{"line":24,"column":10},"end":{"line":54,"column":3}},"line":24},"3":{"name":"scopusRuleWithoutNot","decl":{"start":{"line":56,"column":10},"end":{"line":60,"column":3}},"loc":{"start":{"line":56,"column":10},"end":{"line":60,"column":3}},"line":56},"4":{"name":"translateToWoS","decl":{"start":{"line":63,"column":10},"end":{"line":70,"column":3}},"loc":{"start":{"line":63,"column":10},"end":{"line":70,"column":3}},"line":63},"5":{"name":"wosVisit","decl":{"start":{"line":72,"column":10},"end":{"line":92,"column":3}},"loc":{"start":{"line":72,"column":10},"end":{"line":92,"column":3}},"line":72},"6":{"name":"translateToOpenAlex","decl":{"start":{"line":96,"column":10},"end":{"line":103,"column":3}},"loc":{"start":{"line":96,"column":10},"end":{"line":103,"column":3}},"line":96},"7":{"name":"openalexVisit","decl":{"start":{"line":105,"column":10},"end":{"line":151,"column":3}},"loc":{"start":{"line":105,"column":10},"end":{"line":151,"column":3}},"line":105},"8":{"name":"translateToCrossref","decl":{"start":{"line":155,"column":10},"end":{"line":162,"column":3}},"loc":{"start":{"line":155,"column":10},"end":{"line":162,"column":3}},"line":155},"9":{"name":"crossrefVisit","decl":{"start":{"line":164,"column":10},"end":{"line":171,"column":3}},"loc":{"start":{"line":164,"column":10},"end":{"line":171,"column":3}},"line":164},"10":{"name":"crossrefCollect","decl":{"start":{"line":173,"column":10},"end":{"line":205,"column":3}},"loc":{"start":{"line":173,"column":10},"end":{"line":205,"column":3}},"line":173}},"f":{"0":2,"1":2,"2":5,"3":0,"4":2,"5":5,"6":2,"7":3,"8":2,"9":2,"10":3}}
,"C:\\root_lab\\antigravity\\emmas_librarian\\emmas_librarian\\electron\\services\\SearchOrchestrator.ts": {"path":"C:\\root_lab\\antigravity\\emmas_librarian\\emmas_librarian\\electron\\services\\SearchOrchestrator.ts","all":false,"statementMap":{"6":{"start":{"line":7,"column":0},"end":{"line":7,"column":33}},"7":{"start":{"line":8,"column":0},"end":{"line":8,"column":14}},"8":{"start":{"line":9,"column":0},"end":{"line":9,"column":32}},"9":{"start":{"line":10,"column":0},"end":{"line":10,"column":40}},"10":{"start":{"line":11,"column":0},"end":{"line":11,"column":30}},"11":{"start":{"line":12,"column":0},"end":{"line":12,"column":6}},"13":{"start":{"line":14,"column":0},"end":{"line":14,"column":283}},"15":{"start":{"line":16,"column":0},"end":{"line":16,"column":65}},"16":{"start":{"line":17,"column":0},"end":{"line":17,"column":59}},"18":{"start":{"line":19,"column":0},"end":{"line":19,"column":92}},"23":{"start":{"line":24,"column":0},"end":{"line":24,"column":140}},"24":{"start":{"line":25,"column":0},"end":{"line":25,"column":140}},"25":{"start":{"line":26,"column":0},"end":{"line":26,"column":143}},"26":{"start":{"line":27,"column":0},"end":{"line":27,"column":128}},"28":{"start":{"line":29,"column":0},"end":{"line":29,"column":76}},"29":{"start":{"line":30,"column":0},"end":{"line":30,"column":71}},"30":{"start":{"line":31,"column":0},"end":{"line":31,"column":16}},"31":{"start":{"line":32,"column":0},"end":{"line":32,"column":22}},"32":{"start":{"line":33,"column":0},"end":{"line":33,"column":53}},"33":{"start":{"line":34,"column":0},"end":{"line":34,"column":21}},"34":{"start":{"line":35,"column":0},"end":{"line":35,"column":10}},"35":{"start":{"line":36,"column":0},"end":{"line":36,"column":23}},"36":{"start":{"line":37,"column":0},"end":{"line":37,"column":87}},"37":{"start":{"line":38,"column":0},"end":{"line":38,"column":20}},"38":{"start":{"line":39,"column":0},"end":{"line":39,"column":10}},"39":{"start":{"line":40,"column":0},"end":{"line":40,"column":7}},"41":{"start":{"line":42,"column":0},"end":{"line":42,"column":48}},"43":{"start":{"line":44,"column":0},"end":{"line":44,"column":59}},"46":{"start":{"line":47,"column":0},"end":{"line":47,"column":47}},"47":{"start":{"line":48,"column":0},"end":{"line":48,"column":17}},"48":{"start":{"line":49,"column":0},"end":{"line":49,"column":20}},"49":{"start":{"line":50,"column":0},"end":{"line":50,"column":16}},"50":{"start":{"line":51,"column":0},"end":{"line":51,"column":27}},"51":{"start":{"line":52,"column":0},"end":{"line":52,"column":15}},"52":{"start":{"line":53,"column":0},"end":{"line":53,"column":6}},"54":{"start":{"line":55,"column":0},"end":{"line":55,"column":23}},"55":{"start":{"line":56,"column":0},"end":{"line":56,"column":41}},"56":{"start":{"line":57,"column":0},"end":{"line":57,"column":38}},"57":{"start":{"line":58,"column":0},"end":{"line":58,"column":25}},"58":{"start":{"line":59,"column":0},"end":{"line":59,"column":29}},"59":{"start":{"line":60,"column":0},"end":{"line":60,"column":33}},"60":{"start":{"line":61,"column":0},"end":{"line":61,"column":27}},"61":{"start":{"line":62,"column":0},"end":{"line":62,"column":35}},"62":{"start":{"line":63,"column":0},"end":{"line":63,"column":48}},"63":{"start":{"line":64,"column":0},"end":{"line":64,"column":46}},"64":{"start":{"line":65,"column":0},"end":{"line":65,"column":33}},"65":{"start":{"line":66,"column":0},"end":{"line":66,"column":31}},"66":{"start":{"line":67,"column":0},"end":{"line":67,"column":29}},"67":{"start":{"line":68,"column":0},"end":{"line":68,"column":29}},"68":{"start":{"line":69,"column":0},"end":{"line":69,"column":43}},"69":{"start":{"line":70,"column":0},"end":{"line":70,"column":44}},"70":{"start":{"line":71,"column":0},"end":{"line":71,"column":44}},"71":{"start":{"line":72,"column":0},"end":{"line":72,"column":27}},"72":{"start":{"line":73,"column":0},"end":{"line":73,"column":46}},"73":{"start":{"line":74,"column":0},"end":{"line":74,"column":47}},"74":{"start":{"line":75,"column":0},"end":{"line":75,"column":67}},"75":{"start":{"line":76,"column":0},"end":{"line":76,"column":51}},"76":{"start":{"line":77,"column":0},"end":{"line":77,"column":27}},"77":{"start":{"line":78,"column":0},"end":{"line":78,"column":9}},"78":{"start":{"line":79,"column":0},"end":{"line":79,"column":19}},"79":{"start":{"line":80,"column":0},"end":{"line":80,"column":5}},"81":{"start":{"line":82,"column":0},"end":{"line":82,"column":68}},"82":{"start":{"line":83,"column":0},"end":{"line":83,"column":64}},"83":{"start":{"line":84,"column":0},"end":{"line":84,"column":3}},"85":{"start":{"line":86,"column":0},"end":{"line":86,"column":74}},"86":{"start":{"line":87,"column":0},"end":{"line":87,"column":46}},"87":{"start":{"line":88,"column":0},"end":{"line":88,"column":48}},"88":{"start":{"line":89,"column":0},"end":{"line":89,"column":49}},"90":{"start":{"line":91,"column":0},"end":{"line":91,"column":33}},"91":{"start":{"line":92,"column":0},"end":{"line":92,"column":27}},"92":{"start":{"line":93,"column":0},"end":{"line":93,"column":60}},"94":{"start":{"line":95,"column":0},"end":{"line":95,"column":42}},"96":{"start":{"line":97,"column":0},"end":{"line":97,"column":36}},"97":{"start":{"line":98,"column":0},"end":{"line":98,"column":39}},"98":{"start":{"line":99,"column":0},"end":{"line":99,"column":49}},"99":{"start":{"line":100,"column":0},"end":{"line":100,"column":43}},"100":{"start":{"line":101,"column":0},"end":{"line":101,"column":7}},"102":{"start":{"line":103,"column":0},"end":{"line":103,"column":38}},"103":{"start":{"line":104,"column":0},"end":{"line":104,"column":51}},"104":{"start":{"line":105,"column":0},"end":{"line":105,"column":51}},"105":{"start":{"line":106,"column":0},"end":{"line":106,"column":61}},"106":{"start":{"line":107,"column":0},"end":{"line":107,"column":52}},"107":{"start":{"line":108,"column":0},"end":{"line":108,"column":9}},"108":{"start":{"line":109,"column":0},"end":{"line":109,"column":14}},"109":{"start":{"line":110,"column":0},"end":{"line":110,"column":40}},"110":{"start":{"line":111,"column":0},"end":{"line":111,"column":32}},"111":{"start":{"line":112,"column":0},"end":{"line":112,"column":39}},"112":{"start":{"line":113,"column":0},"end":{"line":113,"column":45}},"113":{"start":{"line":114,"column":0},"end":{"line":114,"column":7}},"114":{"start":{"line":115,"column":0},"end":{"line":115,"column":5}},"116":{"start":{"line":117,"column":0},"end":{"line":117,"column":24}},"117":{"start":{"line":118,"column":0},"end":{"line":118,"column":3}},"118":{"start":{"line":119,"column":0},"end":{"line":119,"column":1}}},"s":{"6":1,"7":1,"8":1,"9":1,"10":1,"11":1,"13":1,"15":1,"16":1,"18":1,"23":1,"24":1,"25":1,"26":1,"28":1,"29":1,"30":2,"31":2,"32":2,"33":2,"34":2,"35":2,"36":0,"37":0,"38":2,"39":1,"41":1,"43":1,"46":1,"47":1,"48":1,"49":1,"50":1,"51":1,"52":1,"54":1,"55":1,"56":1,"57":1,"58":1,"59":1,"60":1,"61":1,"62":1,"63":1,"64":1,"65":1,"66":1,"67":1,"68":1,"69":1,"70":1,"71":1,"72":1,"73":1,"74":1,"75":1,"76":1,"77":1,"78":1,"79":1,"81":1,"82":1,"83":1,"85":1,"86":1,"87":1,"88":1,"90":1,"91":2,"92":2,"94":2,"96":2,"97":1,"98":1,"99":0,"100":0,"102":2,"103":1,"104":1,"105":1,"106":1,"107":1,"108":1,"109":1,"110":1,"111":1,"112":1,"113":1,"114":2,"116":1,"117":1,"118":1},"branchMap":{"0":{"type":"branch","line":8,"loc":{"start":{"line":8,"column":2},"end":{"line":12,"column":6}},"locations":[{"start":{"line":8,"column":2},"end":{"line":12,"column":6}}]},"1":{"type":"branch","line":14,"loc":{"start":{"line":14,"column":2},"end":{"line":84,"column":3}},"locations":[{"start":{"line":14,"column":2},"end":{"line":84,"column":3}}]},"2":{"type":"branch","line":26,"loc":{"start":{"line":26,"column":25},"end":{"line":26,"column":143}},"locations":[{"start":{"line":26,"column":25},"end":{"line":26,"column":143}}]},"3":{"type":"branch","line":27,"loc":{"start":{"line":27,"column":22},"end":{"line":27,"column":128}},"locations":[{"start":{"line":27,"column":22},"end":{"line":27,"column":128}}]},"4":{"type":"branch","line":30,"loc":{"start":{"line":30,"column":65},"end":{"line":39,"column":10}},"locations":[{"start":{"line":30,"column":65},"end":{"line":39,"column":10}}]},"5":{"type":"branch","line":32,"loc":{"start":{"line":32,"column":14},"end":{"line":35,"column":9}},"locations":[{"start":{"line":32,"column":14},"end":{"line":35,"column":9}}]},"6":{"type":"branch","line":86,"loc":{"start":{"line":86,"column":10},"end":{"line":118,"column":3}},"locations":[{"start":{"line":86,"column":10},"end":{"line":118,"column":3}}]},"7":{"type":"branch","line":91,"loc":{"start":{"line":91,"column":32},"end":{"line":115,"column":5}},"locations":[{"start":{"line":91,"column":32},"end":{"line":115,"column":5}}]},"8":{"type":"branch","line":93,"loc":{"start":{"line":93,"column":26},"end":{"line":93,"column":39}},"locations":[{"start":{"line":93,"column":26},"end":{"line":93,"column":39}}]},"9":{"type":"branch","line":97,"loc":{"start":{"line":97,"column":35},"end":{"line":101,"column":7}},"locations":[{"start":{"line":97,"column":35},"end":{"line":101,"column":7}}]},"10":{"type":"branch","line":99,"loc":{"start":{"line":99,"column":48},"end":{"line":101,"column":7}},"locations":[{"start":{"line":99,"column":48},"end":{"line":101,"column":7}}]},"11":{"type":"branch","line":103,"loc":{"start":{"line":103,"column":37},"end":{"line":114,"column":7}},"locations":[{"start":{"line":103,"column":37},"end":{"line":114,"column":7}}]}},"b":{"0":[1],"1":[1],"2":[0],"3":[0],"4":[2],"5":[2],"6":[1],"7":[2],"8":[0],"9":[1],"10":[0],"11":[1]},"fnMap":{"0":{"name":"SearchOrchestrator","decl":{"start":{"line":8,"column":2},"end":{"line":12,"column":6}},"loc":{"start":{"line":8,"column":2},"end":{"line":12,"column":6}},"line":8},"1":{"name":"searchAndPersist","decl":{"start":{"line":14,"column":2},"end":{"line":84,"column":3}},"loc":{"start":{"line":14,"column":2},"end":{"line":84,"column":3}},"line":14},"2":{"name":"deduplicate","decl":{"start":{"line":86,"column":10},"end":{"line":118,"column":3}},"loc":{"start":{"line":86,"column":10},"end":{"line":118,"column":3}},"line":86}},"f":{"0":1,"1":1,"2":1}}
,"C:\\root_lab\\antigravity\\emmas_librarian\\emmas_librarian\\electron\\services\\types.ts": {"path":"C:\\root_lab\\antigravity\\emmas_librarian\\emmas_librarian\\electron\\services\\types.ts","all":true,"statementMap":{},"s":{},"branchMap":{"0":{"type":"branch","line":1,"loc":{"start":{"line":1,"column":573},"end":{"line":27,"column":1}},"locations":[{"start":{"line":1,"column":573},"end":{"line":27,"column":1}}]}},"b":{"0":[1]},"fnMap":{"0":{"name":"(empty-report)","decl":{"start":{"line":1,"column":573},"end":{"line":27,"column":1}},"loc":{"start":{"line":1,"column":573},"end":{"line":27,"column":1}},"line":1}},"f":{"0":1}}
}
