{"C:\\root_lab\\antigravity\\emmas_librarian\\frontend\\electron\\database\\DatabaseManager.ts": {"path":"C:\\root_lab\\antigravity\\emmas_librarian\\frontend\\electron\\database\\DatabaseManager.ts","all":false,"statementMap":{"0":{"start":{"line":1,"column":0},"end":{"line":1,"column":38}},"1":{"start":{"line":2,"column":0},"end":{"line":2,"column":20}},"2":{"start":{"line":3,"column":0},"end":{"line":3,"column":24}},"30":{"start":{"line":31,"column":0},"end":{"line":31,"column":30}},"31":{"start":{"line":32,"column":0},"end":{"line":32,"column":32}},"33":{"start":{"line":34,"column":0},"end":{"line":34,"column":31}},"34":{"start":{"line":35,"column":0},"end":{"line":35,"column":35}},"35":{"start":{"line":36,"column":0},"end":{"line":36,"column":41}},"36":{"start":{"line":37,"column":0},"end":{"line":37,"column":40}},"37":{"start":{"line":38,"column":0},"end":{"line":38,"column":22}},"38":{"start":{"line":39,"column":0},"end":{"line":39,"column":3}},"40":{"start":{"line":41,"column":0},"end":{"line":41,"column":24}},"42":{"start":{"line":43,"column":0},"end":{"line":43,"column":27}},"43":{"start":{"line":44,"column":0},"end":{"line":44,"column":110}},"44":{"start":{"line":45,"column":0},"end":{"line":45,"column":131}},"45":{"start":{"line":46,"column":0},"end":{"line":46,"column":96}},"46":{"start":{"line":47,"column":0},"end":{"line":47,"column":6}},"48":{"start":{"line":49,"column":0},"end":{"line":49,"column":23}},"49":{"start":{"line":50,"column":0},"end":{"line":50,"column":22}},"50":{"start":{"line":51,"column":0},"end":{"line":51,"column":36}},"51":{"start":{"line":52,"column":0},"end":{"line":52,"column":29}},"52":{"start":{"line":53,"column":0},"end":{"line":53,"column":48}},"53":{"start":{"line":54,"column":0},"end":{"line":54,"column":21}},"54":{"start":{"line":55,"column":0},"end":{"line":55,"column":14}},"55":{"start":{"line":56,"column":0},"end":{"line":56,"column":7}},"56":{"start":{"line":57,"column":0},"end":{"line":57,"column":5}},"58":{"start":{"line":59,"column":0},"end":{"line":59,"column":99}},"60":{"start":{"line":61,"column":0},"end":{"line":61,"column":28}},"63":{"start":{"line":64,"column":0},"end":{"line":64,"column":24}},"64":{"start":{"line":65,"column":0},"end":{"line":65,"column":58}},"65":{"start":{"line":66,"column":0},"end":{"line":66,"column":54}},"66":{"start":{"line":67,"column":0},"end":{"line":67,"column":61}},"67":{"start":{"line":68,"column":0},"end":{"line":68,"column":60}},"68":{"start":{"line":69,"column":0},"end":{"line":69,"column":53}},"69":{"start":{"line":70,"column":0},"end":{"line":70,"column":52}},"70":{"start":{"line":71,"column":0},"end":{"line":71,"column":51}},"71":{"start":{"line":72,"column":0},"end":{"line":72,"column":51}},"72":{"start":{"line":73,"column":0},"end":{"line":73,"column":58}},"73":{"start":{"line":74,"column":0},"end":{"line":74,"column":61}},"74":{"start":{"line":75,"column":0},"end":{"line":75,"column":59}},"75":{"start":{"line":76,"column":0},"end":{"line":76,"column":50}},"76":{"start":{"line":77,"column":0},"end":{"line":77,"column":63}},"77":{"start":{"line":78,"column":0},"end":{"line":78,"column":107}},"78":{"start":{"line":79,"column":0},"end":{"line":79,"column":6}},"79":{"start":{"line":80,"column":0},"end":{"line":80,"column":35}},"80":{"start":{"line":81,"column":0},"end":{"line":81,"column":74}},"81":{"start":{"line":82,"column":0},"end":{"line":82,"column":5}},"82":{"start":{"line":83,"column":0},"end":{"line":83,"column":3}},"85":{"start":{"line":86,"column":0},"end":{"line":86,"column":40}},"86":{"start":{"line":87,"column":0},"end":{"line":87,"column":90}},"87":{"start":{"line":88,"column":0},"end":{"line":88,"column":58}},"88":{"start":{"line":89,"column":0},"end":{"line":89,"column":68}},"89":{"start":{"line":90,"column":0},"end":{"line":90,"column":3}},"91":{"start":{"line":92,"column":0},"end":{"line":92,"column":47}},"92":{"start":{"line":93,"column":0},"end":{"line":93,"column":72}},"93":{"start":{"line":94,"column":0},"end":{"line":94,"column":47}},"94":{"start":{"line":95,"column":0},"end":{"line":95,"column":3}},"96":{"start":{"line":97,"column":0},"end":{"line":97,"column":49}},"97":{"start":{"line":98,"column":0},"end":{"line":98,"column":79}},"98":{"start":{"line":99,"column":0},"end":{"line":99,"column":3}},"100":{"start":{"line":101,"column":0},"end":{"line":101,"column":35}},"101":{"start":{"line":102,"column":0},"end":{"line":102,"column":65}},"102":{"start":{"line":103,"column":0},"end":{"line":103,"column":3}},"104":{"start":{"line":105,"column":0},"end":{"line":105,"column":31}},"105":{"start":{"line":106,"column":0},"end":{"line":106,"column":84}},"106":{"start":{"line":107,"column":0},"end":{"line":107,"column":35}},"107":{"start":{"line":108,"column":0},"end":{"line":108,"column":3}},"110":{"start":{"line":111,"column":0},"end":{"line":111,"column":62}},"111":{"start":{"line":112,"column":0},"end":{"line":112,"column":34}},"116":{"start":{"line":117,"column":0},"end":{"line":117,"column":7}},"117":{"start":{"line":118,"column":0},"end":{"line":118,"column":27}},"118":{"start":{"line":119,"column":0},"end":{"line":119,"column":28}},"119":{"start":{"line":120,"column":0},"end":{"line":120,"column":28}},"120":{"start":{"line":121,"column":0},"end":{"line":121,"column":24}},"121":{"start":{"line":122,"column":0},"end":{"line":122,"column":36}},"122":{"start":{"line":123,"column":0},"end":{"line":123,"column":30}},"123":{"start":{"line":124,"column":0},"end":{"line":124,"column":38}},"124":{"start":{"line":125,"column":0},"end":{"line":125,"column":46}},"125":{"start":{"line":126,"column":0},"end":{"line":126,"column":30}},"126":{"start":{"line":127,"column":0},"end":{"line":127,"column":38}},"127":{"start":{"line":128,"column":0},"end":{"line":128,"column":52}},"128":{"start":{"line":129,"column":0},"end":{"line":129,"column":50}},"129":{"start":{"line":130,"column":0},"end":{"line":130,"column":36}},"130":{"start":{"line":131,"column":0},"end":{"line":131,"column":34}},"131":{"start":{"line":132,"column":0},"end":{"line":132,"column":32}},"132":{"start":{"line":133,"column":0},"end":{"line":133,"column":32}},"133":{"start":{"line":134,"column":0},"end":{"line":134,"column":46}},"134":{"start":{"line":135,"column":0},"end":{"line":135,"column":52}},"135":{"start":{"line":136,"column":0},"end":{"line":136,"column":48}},"136":{"start":{"line":137,"column":0},"end":{"line":137,"column":30}},"137":{"start":{"line":138,"column":0},"end":{"line":138,"column":50}},"138":{"start":{"line":139,"column":0},"end":{"line":139,"column":40}},"139":{"start":{"line":140,"column":0},"end":{"line":140,"column":7}},"140":{"start":{"line":141,"column":0},"end":{"line":141,"column":42}},"141":{"start":{"line":142,"column":0},"end":{"line":142,"column":3}},"143":{"start":{"line":144,"column":0},"end":{"line":144,"column":47}},"144":{"start":{"line":145,"column":0},"end":{"line":145,"column":72}},"145":{"start":{"line":146,"column":0},"end":{"line":146,"column":47}},"146":{"start":{"line":147,"column":0},"end":{"line":147,"column":3}},"148":{"start":{"line":149,"column":0},"end":{"line":149,"column":54}},"149":{"start":{"line":150,"column":0},"end":{"line":150,"column":80}},"150":{"start":{"line":151,"column":0},"end":{"line":151,"column":44}},"151":{"start":{"line":152,"column":0},"end":{"line":152,"column":3}},"153":{"start":{"line":154,"column":0},"end":{"line":154,"column":71}},"154":{"start":{"line":155,"column":0},"end":{"line":155,"column":89}},"155":{"start":{"line":156,"column":0},"end":{"line":156,"column":30}},"156":{"start":{"line":157,"column":0},"end":{"line":157,"column":3}},"158":{"start":{"line":159,"column":0},"end":{"line":159,"column":107}},"159":{"start":{"line":160,"column":0},"end":{"line":160,"column":98}},"160":{"start":{"line":161,"column":0},"end":{"line":161,"column":53}},"161":{"start":{"line":162,"column":0},"end":{"line":162,"column":3}},"164":{"start":{"line":165,"column":0},"end":{"line":165,"column":62}},"165":{"start":{"line":166,"column":0},"end":{"line":166,"column":105}},"166":{"start":{"line":167,"column":0},"end":{"line":167,"column":46}},"167":{"start":{"line":168,"column":0},"end":{"line":168,"column":42}},"168":{"start":{"line":169,"column":0},"end":{"line":169,"column":3}},"170":{"start":{"line":171,"column":0},"end":{"line":171,"column":51}},"171":{"start":{"line":172,"column":0},"end":{"line":172,"column":108}},"172":{"start":{"line":173,"column":0},"end":{"line":173,"column":47}},"173":{"start":{"line":174,"column":0},"end":{"line":174,"column":3}},"175":{"start":{"line":176,"column":0},"end":{"line":176,"column":55}},"176":{"start":{"line":177,"column":0},"end":{"line":177,"column":93}},"177":{"start":{"line":178,"column":0},"end":{"line":178,"column":26}},"178":{"start":{"line":179,"column":0},"end":{"line":179,"column":3}},"180":{"start":{"line":181,"column":0},"end":{"line":181,"column":38}},"181":{"start":{"line":182,"column":0},"end":{"line":182,"column":73}},"182":{"start":{"line":183,"column":0},"end":{"line":183,"column":17}},"183":{"start":{"line":184,"column":0},"end":{"line":184,"column":3}},"186":{"start":{"line":187,"column":0},"end":{"line":187,"column":104}},"187":{"start":{"line":188,"column":0},"end":{"line":188,"column":34}},"190":{"start":{"line":191,"column":0},"end":{"line":191,"column":7}},"191":{"start":{"line":192,"column":0},"end":{"line":192,"column":80}},"192":{"start":{"line":193,"column":0},"end":{"line":193,"column":42}},"193":{"start":{"line":194,"column":0},"end":{"line":194,"column":3}},"195":{"start":{"line":196,"column":0},"end":{"line":196,"column":60}},"196":{"start":{"line":197,"column":0},"end":{"line":197,"column":34}},"201":{"start":{"line":202,"column":0},"end":{"line":202,"column":7}},"202":{"start":{"line":203,"column":0},"end":{"line":203,"column":57}},"203":{"start":{"line":204,"column":0},"end":{"line":204,"column":3}},"205":{"start":{"line":206,"column":0},"end":{"line":206,"column":37}},"207":{"start":{"line":208,"column":0},"end":{"line":208,"column":89}},"208":{"start":{"line":209,"column":0},"end":{"line":209,"column":80}},"210":{"start":{"line":211,"column":0},"end":{"line":211,"column":72}},"211":{"start":{"line":212,"column":0},"end":{"line":212,"column":17}},"213":{"start":{"line":214,"column":0},"end":{"line":214,"column":35}},"214":{"start":{"line":215,"column":0},"end":{"line":215,"column":53}},"215":{"start":{"line":216,"column":0},"end":{"line":216,"column":5}},"216":{"start":{"line":217,"column":0},"end":{"line":217,"column":3}},"218":{"start":{"line":219,"column":0},"end":{"line":219,"column":17}},"219":{"start":{"line":220,"column":0},"end":{"line":220,"column":20}},"220":{"start":{"line":221,"column":0},"end":{"line":221,"column":3}},"223":{"start":{"line":224,"column":0},"end":{"line":224,"column":49}},"224":{"start":{"line":225,"column":0},"end":{"line":225,"column":92}},"225":{"start":{"line":226,"column":0},"end":{"line":226,"column":34}},"226":{"start":{"line":227,"column":0},"end":{"line":227,"column":3}},"228":{"start":{"line":229,"column":0},"end":{"line":229,"column":55}},"229":{"start":{"line":230,"column":0},"end":{"line":230,"column":98}},"230":{"start":{"line":231,"column":0},"end":{"line":231,"column":3}},"233":{"start":{"line":234,"column":0},"end":{"line":234,"column":174}},"234":{"start":{"line":235,"column":0},"end":{"line":235,"column":34}},"237":{"start":{"line":238,"column":0},"end":{"line":238,"column":7}},"238":{"start":{"line":239,"column":0},"end":{"line":239,"column":26}},"239":{"start":{"line":240,"column":0},"end":{"line":240,"column":17}},"240":{"start":{"line":241,"column":0},"end":{"line":241,"column":20}},"241":{"start":{"line":242,"column":0},"end":{"line":242,"column":41}},"242":{"start":{"line":243,"column":0},"end":{"line":243,"column":20}},"243":{"start":{"line":244,"column":0},"end":{"line":244,"column":32}},"244":{"start":{"line":245,"column":0},"end":{"line":245,"column":30}},"245":{"start":{"line":246,"column":0},"end":{"line":246,"column":6}},"246":{"start":{"line":247,"column":0},"end":{"line":247,"column":42}},"247":{"start":{"line":248,"column":0},"end":{"line":248,"column":3}},"249":{"start":{"line":250,"column":0},"end":{"line":250,"column":53}},"250":{"start":{"line":251,"column":0},"end":{"line":251,"column":111}},"251":{"start":{"line":252,"column":0},"end":{"line":252,"column":31}},"252":{"start":{"line":253,"column":0},"end":{"line":253,"column":3}},"254":{"start":{"line":255,"column":0},"end":{"line":255,"column":47}},"256":{"start":{"line":257,"column":0},"end":{"line":257,"column":105}},"257":{"start":{"line":258,"column":0},"end":{"line":258,"column":94}},"260":{"start":{"line":261,"column":0},"end":{"line":261,"column":37}},"262":{"start":{"line":263,"column":0},"end":{"line":263,"column":85}},"263":{"start":{"line":264,"column":0},"end":{"line":264,"column":86}},"266":{"start":{"line":267,"column":0},"end":{"line":267,"column":36}},"267":{"start":{"line":268,"column":0},"end":{"line":268,"column":13}},"268":{"start":{"line":269,"column":0},"end":{"line":269,"column":55}},"269":{"start":{"line":270,"column":0},"end":{"line":270,"column":51}},"270":{"start":{"line":271,"column":0},"end":{"line":271,"column":11}},"271":{"start":{"line":272,"column":0},"end":{"line":272,"column":23}},"272":{"start":{"line":273,"column":0},"end":{"line":273,"column":89}},"273":{"start":{"line":274,"column":0},"end":{"line":274,"column":9}},"274":{"start":{"line":275,"column":0},"end":{"line":275,"column":7}},"277":{"start":{"line":278,"column":0},"end":{"line":278,"column":75}},"278":{"start":{"line":279,"column":0},"end":{"line":279,"column":5}},"281":{"start":{"line":282,"column":0},"end":{"line":282,"column":77}},"282":{"start":{"line":283,"column":0},"end":{"line":283,"column":3}},"285":{"start":{"line":286,"column":0},"end":{"line":286,"column":86}},"286":{"start":{"line":287,"column":0},"end":{"line":287,"column":21}},"289":{"start":{"line":290,"column":0},"end":{"line":290,"column":42}},"290":{"start":{"line":291,"column":0},"end":{"line":291,"column":3}},"292":{"start":{"line":293,"column":0},"end":{"line":293,"column":59}},"293":{"start":{"line":294,"column":0},"end":{"line":294,"column":135}},"294":{"start":{"line":295,"column":0},"end":{"line":295,"column":3}},"296":{"start":{"line":297,"column":0},"end":{"line":297,"column":86}},"297":{"start":{"line":298,"column":0},"end":{"line":298,"column":150}},"298":{"start":{"line":299,"column":0},"end":{"line":299,"column":3}},"300":{"start":{"line":301,"column":0},"end":{"line":301,"column":71}},"301":{"start":{"line":302,"column":0},"end":{"line":302,"column":115}},"302":{"start":{"line":303,"column":0},"end":{"line":303,"column":3}},"303":{"start":{"line":304,"column":0},"end":{"line":304,"column":1}}},"s":{"0":1,"1":1,"2":1,"30":1,"31":1,"33":1,"34":5,"35":5,"36":5,"37":5,"38":5,"40":1,"42":5,"43":5,"44":5,"45":5,"46":5,"48":5,"49":5,"50":5,"51":5,"52":5,"53":5,"54":5,"55":5,"56":5,"58":5,"60":5,"63":5,"64":5,"65":5,"66":5,"67":5,"68":5,"69":5,"70":5,"71":5,"72":5,"73":5,"74":5,"75":5,"76":5,"77":5,"78":5,"79":5,"80":70,"81":70,"82":5,"85":1,"86":5,"87":5,"88":5,"89":5,"91":1,"92":6,"93":6,"94":6,"96":1,"97":0,"98":0,"100":1,"101":0,"102":0,"104":1,"105":1,"106":1,"107":1,"110":1,"111":4,"116":4,"117":4,"118":4,"119":4,"120":4,"121":4,"122":4,"123":4,"124":4,"125":4,"126":4,"127":4,"128":4,"129":4,"130":4,"131":4,"132":4,"133":4,"134":4,"135":4,"136":4,"137":4,"138":4,"139":4,"140":4,"141":4,"143":1,"144":4,"145":4,"146":4,"148":1,"149":3,"150":3,"151":3,"153":1,"154":1,"155":1,"156":1,"158":1,"159":0,"160":0,"161":0,"164":1,"165":1,"166":1,"167":1,"168":1,"170":1,"171":1,"172":1,"173":1,"175":1,"176":0,"177":0,"178":0,"180":1,"181":0,"182":0,"183":0,"186":1,"187":1,"190":1,"191":1,"192":1,"193":1,"195":1,"196":1,"201":1,"202":1,"203":1,"205":1,"207":0,"208":0,"210":0,"211":0,"213":0,"214":0,"215":0,"216":0,"218":1,"219":4,"220":4,"223":1,"224":2,"225":2,"226":2,"228":1,"229":0,"230":0,"233":1,"234":2,"237":2,"238":2,"239":2,"240":2,"241":2,"242":2,"243":2,"244":2,"245":2,"246":2,"247":2,"249":1,"250":1,"251":1,"252":1,"254":1,"256":1,"257":1,"260":1,"262":1,"263":1,"266":1,"267":0,"268":0,"269":0,"270":0,"271":0,"272":0,"273":0,"274":0,"277":1,"278":1,"281":1,"282":1,"285":1,"286":0,"289":0,"290":0,"292":1,"293":0,"294":0,"296":1,"297":0,"298":0,"300":1,"301":0,"302":0,"303":1},"branchMap":{"0":{"type":"branch","line":32,"loc":{"start":{"line":32,"column":10},"end":{"line":32,"column":32}},"locations":[{"start":{"line":32,"column":10},"end":{"line":32,"column":32}}]},"1":{"type":"branch","line":34,"loc":{"start":{"line":34,"column":2},"end":{"line":39,"column":3}},"locations":[{"start":{"line":34,"column":2},"end":{"line":39,"column":3}}]},"2":{"type":"branch","line":41,"loc":{"start":{"line":41,"column":10},"end":{"line":83,"column":3}},"locations":[{"start":{"line":41,"column":10},"end":{"line":83,"column":3}}]},"3":{"type":"branch","line":59,"loc":{"start":{"line":59,"column":16},"end":{"line":59,"column":99}},"locations":[{"start":{"line":59,"column":16},"end":{"line":59,"column":99}}]},"4":{"type":"branch","line":80,"loc":{"start":{"line":80,"column":34},"end":{"line":82,"column":5}},"locations":[{"start":{"line":80,"column":34},"end":{"line":82,"column":5}}]},"5":{"type":"branch","line":81,"loc":{"start":{"line":81,"column":31},"end":{"line":81,"column":74}},"locations":[{"start":{"line":81,"column":31},"end":{"line":81,"column":74}}]},"6":{"type":"branch","line":86,"loc":{"start":{"line":86,"column":2},"end":{"line":90,"column":3}},"locations":[{"start":{"line":86,"column":2},"end":{"line":90,"column":3}}]},"7":{"type":"branch","line":92,"loc":{"start":{"line":92,"column":2},"end":{"line":95,"column":3}},"locations":[{"start":{"line":92,"column":2},"end":{"line":95,"column":3}}]},"8":{"type":"branch","line":105,"loc":{"start":{"line":105,"column":2},"end":{"line":108,"column":3}},"locations":[{"start":{"line":105,"column":2},"end":{"line":108,"column":3}}]},"9":{"type":"branch","line":111,"loc":{"start":{"line":111,"column":2},"end":{"line":142,"column":3}},"locations":[{"start":{"line":111,"column":2},"end":{"line":142,"column":3}}]},"10":{"type":"branch","line":120,"loc":{"start":{"line":120,"column":16},"end":{"line":120,"column":28}},"locations":[{"start":{"line":120,"column":16},"end":{"line":120,"column":28}}]},"11":{"type":"branch","line":139,"loc":{"start":{"line":139,"column":22},"end":{"line":139,"column":40}},"locations":[{"start":{"line":139,"column":22},"end":{"line":139,"column":40}}]},"12":{"type":"branch","line":144,"loc":{"start":{"line":144,"column":2},"end":{"line":147,"column":3}},"locations":[{"start":{"line":144,"column":2},"end":{"line":147,"column":3}}]},"13":{"type":"branch","line":149,"loc":{"start":{"line":149,"column":2},"end":{"line":152,"column":3}},"locations":[{"start":{"line":149,"column":2},"end":{"line":152,"column":3}}]},"14":{"type":"branch","line":154,"loc":{"start":{"line":154,"column":2},"end":{"line":157,"column":3}},"locations":[{"start":{"line":154,"column":2},"end":{"line":157,"column":3}}]},"15":{"type":"branch","line":165,"loc":{"start":{"line":165,"column":2},"end":{"line":169,"column":3}},"locations":[{"start":{"line":165,"column":2},"end":{"line":169,"column":3}}]},"16":{"type":"branch","line":171,"loc":{"start":{"line":171,"column":2},"end":{"line":174,"column":3}},"locations":[{"start":{"line":171,"column":2},"end":{"line":174,"column":3}}]},"17":{"type":"branch","line":187,"loc":{"start":{"line":187,"column":2},"end":{"line":194,"column":3}},"locations":[{"start":{"line":187,"column":2},"end":{"line":194,"column":3}}]},"18":{"type":"branch","line":192,"loc":{"start":{"line":192,"column":58},"end":{"line":192,"column":78}},"locations":[{"start":{"line":192,"column":58},"end":{"line":192,"column":78}}]},"19":{"type":"branch","line":196,"loc":{"start":{"line":196,"column":2},"end":{"line":204,"column":3}},"locations":[{"start":{"line":196,"column":2},"end":{"line":204,"column":3}}]},"20":{"type":"branch","line":219,"loc":{"start":{"line":219,"column":2},"end":{"line":221,"column":3}},"locations":[{"start":{"line":219,"column":2},"end":{"line":221,"column":3}}]},"21":{"type":"branch","line":224,"loc":{"start":{"line":224,"column":9},"end":{"line":227,"column":3}},"locations":[{"start":{"line":224,"column":9},"end":{"line":227,"column":3}}]},"22":{"type":"branch","line":226,"loc":{"start":{"line":226,"column":11},"end":{"line":226,"column":29}},"locations":[{"start":{"line":226,"column":11},"end":{"line":226,"column":29}}]},"23":{"type":"branch","line":234,"loc":{"start":{"line":234,"column":9},"end":{"line":248,"column":3}},"locations":[{"start":{"line":234,"column":9},"end":{"line":248,"column":3}}]},"24":{"type":"branch","line":250,"loc":{"start":{"line":250,"column":9},"end":{"line":253,"column":3}},"locations":[{"start":{"line":250,"column":9},"end":{"line":253,"column":3}}]},"25":{"type":"branch","line":255,"loc":{"start":{"line":255,"column":9},"end":{"line":283,"column":3}},"locations":[{"start":{"line":255,"column":9},"end":{"line":283,"column":3}}]},"26":{"type":"branch","line":267,"loc":{"start":{"line":267,"column":35},"end":{"line":275,"column":7}},"locations":[{"start":{"line":267,"column":35},"end":{"line":275,"column":7}}]}},"b":{"0":[5],"1":[5],"2":[5],"3":[0],"4":[70],"5":[5],"6":[5],"7":[6],"8":[1],"9":[4],"10":[3],"11":[2],"12":[4],"13":[3],"14":[1],"15":[1],"16":[1],"17":[1],"18":[0],"19":[1],"20":[4],"21":[2],"22":[0],"23":[2],"24":[1],"25":[1],"26":[0]},"fnMap":{"0":{"name":"<instance_members_initializer>","decl":{"start":{"line":32,"column":10},"end":{"line":32,"column":32}},"loc":{"start":{"line":32,"column":10},"end":{"line":32,"column":32}},"line":32},"1":{"name":"DatabaseManager","decl":{"start":{"line":34,"column":2},"end":{"line":39,"column":3}},"loc":{"start":{"line":34,"column":2},"end":{"line":39,"column":3}},"line":34},"2":{"name":"initSchema","decl":{"start":{"line":41,"column":10},"end":{"line":83,"column":3}},"loc":{"start":{"line":41,"column":10},"end":{"line":83,"column":3}},"line":41},"3":{"name":"createProject","decl":{"start":{"line":86,"column":2},"end":{"line":90,"column":3}},"loc":{"start":{"line":86,"column":2},"end":{"line":90,"column":3}},"line":86},"4":{"name":"getProject","decl":{"start":{"line":92,"column":2},"end":{"line":95,"column":3}},"loc":{"start":{"line":92,"column":2},"end":{"line":95,"column":3}},"line":92},"5":{"name":"updateProject","decl":{"start":{"line":97,"column":2},"end":{"line":99,"column":3}},"loc":{"start":{"line":97,"column":2},"end":{"line":99,"column":3}},"line":97},"6":{"name":"deleteProject","decl":{"start":{"line":101,"column":2},"end":{"line":103,"column":3}},"loc":{"start":{"line":101,"column":2},"end":{"line":103,"column":3}},"line":101},"7":{"name":"getAllProjects","decl":{"start":{"line":105,"column":2},"end":{"line":108,"column":3}},"loc":{"start":{"line":105,"column":2},"end":{"line":108,"column":3}},"line":105},"8":{"name":"saveArticle","decl":{"start":{"line":111,"column":2},"end":{"line":142,"column":3}},"loc":{"start":{"line":111,"column":2},"end":{"line":142,"column":3}},"line":111},"9":{"name":"getArticle","decl":{"start":{"line":144,"column":2},"end":{"line":147,"column":3}},"loc":{"start":{"line":144,"column":2},"end":{"line":147,"column":3}},"line":144},"10":{"name":"getArticlesByProject","decl":{"start":{"line":149,"column":2},"end":{"line":152,"column":3}},"loc":{"start":{"line":149,"column":2},"end":{"line":152,"column":3}},"line":149},"11":{"name":"updateArticleFilePath","decl":{"start":{"line":154,"column":2},"end":{"line":157,"column":3}},"loc":{"start":{"line":154,"column":2},"end":{"line":157,"column":3}},"line":154},"12":{"name":"updateArticleStatus","decl":{"start":{"line":159,"column":2},"end":{"line":162,"column":3}},"loc":{"start":{"line":159,"column":2},"end":{"line":162,"column":3}},"line":159},"13":{"name":"saveAnnotation","decl":{"start":{"line":165,"column":2},"end":{"line":169,"column":3}},"loc":{"start":{"line":165,"column":2},"end":{"line":169,"column":3}},"line":165},"14":{"name":"getAnnotations","decl":{"start":{"line":171,"column":2},"end":{"line":174,"column":3}},"loc":{"start":{"line":171,"column":2},"end":{"line":174,"column":3}},"line":171},"15":{"name":"updateAnnotation","decl":{"start":{"line":176,"column":2},"end":{"line":179,"column":3}},"loc":{"start":{"line":176,"column":2},"end":{"line":179,"column":3}},"line":176},"16":{"name":"deleteAnnotation","decl":{"start":{"line":181,"column":2},"end":{"line":184,"column":3}},"loc":{"start":{"line":181,"column":2},"end":{"line":184,"column":3}},"line":181},"17":{"name":"saveHighlight","decl":{"start":{"line":187,"column":2},"end":{"line":194,"column":3}},"loc":{"start":{"line":187,"column":2},"end":{"line":194,"column":3}},"line":187},"18":{"name":"getHighlights","decl":{"start":{"line":196,"column":2},"end":{"line":204,"column":3}},"loc":{"start":{"line":196,"column":2},"end":{"line":204,"column":3}},"line":196},"19":{"name":"deleteHighlight","decl":{"start":{"line":206,"column":2},"end":{"line":217,"column":3}},"loc":{"start":{"line":206,"column":2},"end":{"line":217,"column":3}},"line":206},"20":{"name":"close","decl":{"start":{"line":219,"column":2},"end":{"line":221,"column":3}},"loc":{"start":{"line":219,"column":2},"end":{"line":221,"column":3}},"line":219},"21":{"name":"getSetting","decl":{"start":{"line":224,"column":9},"end":{"line":227,"column":3}},"loc":{"start":{"line":224,"column":9},"end":{"line":227,"column":3}},"line":224},"22":{"name":"setSetting","decl":{"start":{"line":229,"column":9},"end":{"line":231,"column":3}},"loc":{"start":{"line":229,"column":9},"end":{"line":231,"column":3}},"line":229},"23":{"name":"saveSearchHistory","decl":{"start":{"line":234,"column":9},"end":{"line":248,"column":3}},"loc":{"start":{"line":234,"column":9},"end":{"line":248,"column":3}},"line":234},"24":{"name":"getSearchHistory","decl":{"start":{"line":250,"column":9},"end":{"line":253,"column":3}},"loc":{"start":{"line":250,"column":9},"end":{"line":253,"column":3}},"line":250},"25":{"name":"revertSearch","decl":{"start":{"line":255,"column":9},"end":{"line":283,"column":3}},"loc":{"start":{"line":255,"column":9},"end":{"line":283,"column":3}},"line":255},"26":{"name":"saveDiaryEntry","decl":{"start":{"line":286,"column":9},"end":{"line":291,"column":3}},"loc":{"start":{"line":286,"column":9},"end":{"line":291,"column":3}},"line":286},"27":{"name":"getDiaryEntries","decl":{"start":{"line":293,"column":9},"end":{"line":295,"column":3}},"loc":{"start":{"line":293,"column":9},"end":{"line":295,"column":3}},"line":293},"28":{"name":"getDiaryEntry","decl":{"start":{"line":297,"column":9},"end":{"line":299,"column":3}},"loc":{"start":{"line":297,"column":9},"end":{"line":299,"column":3}},"line":297},"29":{"name":"deleteDiaryEntry","decl":{"start":{"line":301,"column":9},"end":{"line":303,"column":3}},"loc":{"start":{"line":301,"column":9},"end":{"line":303,"column":3}},"line":301}},"f":{"0":5,"1":5,"2":5,"3":5,"4":6,"5":0,"6":0,"7":1,"8":4,"9":4,"10":3,"11":1,"12":0,"13":1,"14":1,"15":0,"16":0,"17":1,"18":1,"19":0,"20":4,"21":2,"22":0,"23":2,"24":1,"25":1,"26":0,"27":0,"28":0,"29":0}}
,"C:\\root_lab\\antigravity\\emmas_librarian\\frontend\\electron\\ipc\\handlers.ts": {"path":"C:\\root_lab\\antigravity\\emmas_librarian\\frontend\\electron\\ipc\\handlers.ts","all":true,"statementMap":{"0":{"start":{"line":1,"column":0},"end":{"line":1,"column":48}},"1":{"start":{"line":2,"column":0},"end":{"line":2,"column":20}},"2":{"start":{"line":3,"column":0},"end":{"line":3,"column":24}},"3":{"start":{"line":4,"column":0},"end":{"line":4,"column":62}},"4":{"start":{"line":5,"column":0},"end":{"line":5,"column":68}},"5":{"start":{"line":6,"column":0},"end":{"line":6,"column":79}},"6":{"start":{"line":7,"column":0},"end":{"line":7,"column":58}},"7":{"start":{"line":8,"column":0},"end":{"line":8,"column":58}},"8":{"start":{"line":9,"column":0},"end":{"line":9,"column":38}},"11":{"start":{"line":12,"column":0},"end":{"line":12,"column":36}},"12":{"start":{"line":13,"column":0},"end":{"line":13,"column":63}},"13":{"start":{"line":14,"column":0},"end":{"line":14,"column":41}},"14":{"start":{"line":15,"column":0},"end":{"line":15,"column":43}},"15":{"start":{"line":16,"column":0},"end":{"line":16,"column":34}},"16":{"start":{"line":17,"column":0},"end":{"line":17,"column":67}},"17":{"start":{"line":18,"column":0},"end":{"line":18,"column":44}},"20":{"start":{"line":21,"column":0},"end":{"line":21,"column":53}},"21":{"start":{"line":22,"column":0},"end":{"line":22,"column":31}},"22":{"start":{"line":23,"column":0},"end":{"line":23,"column":5}},"24":{"start":{"line":25,"column":0},"end":{"line":25,"column":71}},"25":{"start":{"line":26,"column":0},"end":{"line":26,"column":34}},"26":{"start":{"line":27,"column":0},"end":{"line":27,"column":5}},"28":{"start":{"line":29,"column":0},"end":{"line":29,"column":83}},"29":{"start":{"line":30,"column":0},"end":{"line":30,"column":36}},"30":{"start":{"line":31,"column":0},"end":{"line":31,"column":5}},"32":{"start":{"line":33,"column":0},"end":{"line":33,"column":94}},"33":{"start":{"line":34,"column":0},"end":{"line":34,"column":42}},"34":{"start":{"line":35,"column":0},"end":{"line":35,"column":5}},"36":{"start":{"line":37,"column":0},"end":{"line":37,"column":89}},"37":{"start":{"line":38,"column":0},"end":{"line":38,"column":38}},"38":{"start":{"line":39,"column":0},"end":{"line":39,"column":5}},"40":{"start":{"line":41,"column":0},"end":{"line":41,"column":75}},"41":{"start":{"line":42,"column":0},"end":{"line":42,"column":32}},"42":{"start":{"line":43,"column":0},"end":{"line":43,"column":5}},"45":{"start":{"line":46,"column":0},"end":{"line":46,"column":168}},"46":{"start":{"line":47,"column":0},"end":{"line":47,"column":98}},"47":{"start":{"line":48,"column":0},"end":{"line":48,"column":5}},"49":{"start":{"line":50,"column":0},"end":{"line":50,"column":74}},"50":{"start":{"line":51,"column":0},"end":{"line":51,"column":42}},"51":{"start":{"line":52,"column":0},"end":{"line":52,"column":5}},"53":{"start":{"line":54,"column":0},"end":{"line":54,"column":79}},"54":{"start":{"line":55,"column":0},"end":{"line":55,"column":37}},"55":{"start":{"line":56,"column":0},"end":{"line":56,"column":5}},"58":{"start":{"line":59,"column":0},"end":{"line":59,"column":84}},"59":{"start":{"line":60,"column":0},"end":{"line":60,"column":46}},"60":{"start":{"line":61,"column":0},"end":{"line":61,"column":5}},"62":{"start":{"line":63,"column":0},"end":{"line":63,"column":70}},"63":{"start":{"line":64,"column":0},"end":{"line":64,"column":29}},"64":{"start":{"line":65,"column":0},"end":{"line":65,"column":5}},"66":{"start":{"line":67,"column":0},"end":{"line":67,"column":128}},"67":{"start":{"line":68,"column":0},"end":{"line":68,"column":52}},"68":{"start":{"line":69,"column":0},"end":{"line":69,"column":5}},"71":{"start":{"line":72,"column":0},"end":{"line":72,"column":67}},"72":{"start":{"line":73,"column":0},"end":{"line":73,"column":30}},"73":{"start":{"line":74,"column":0},"end":{"line":74,"column":5}},"75":{"start":{"line":76,"column":0},"end":{"line":76,"column":82}},"76":{"start":{"line":77,"column":0},"end":{"line":77,"column":37}},"77":{"start":{"line":78,"column":0},"end":{"line":78,"column":5}},"80":{"start":{"line":81,"column":0},"end":{"line":81,"column":76}},"81":{"start":{"line":82,"column":0},"end":{"line":82,"column":40}},"82":{"start":{"line":83,"column":0},"end":{"line":83,"column":5}},"84":{"start":{"line":85,"column":0},"end":{"line":85,"column":96}},"85":{"start":{"line":86,"column":0},"end":{"line":86,"column":49}},"86":{"start":{"line":87,"column":0},"end":{"line":87,"column":5}},"88":{"start":{"line":89,"column":0},"end":{"line":89,"column":89}},"89":{"start":{"line":90,"column":0},"end":{"line":90,"column":44}},"90":{"start":{"line":91,"column":0},"end":{"line":91,"column":5}},"92":{"start":{"line":93,"column":0},"end":{"line":93,"column":72}},"93":{"start":{"line":94,"column":0},"end":{"line":94,"column":35}},"94":{"start":{"line":95,"column":0},"end":{"line":95,"column":5}},"97":{"start":{"line":98,"column":0},"end":{"line":98,"column":75}},"98":{"start":{"line":99,"column":0},"end":{"line":99,"column":39}},"99":{"start":{"line":100,"column":0},"end":{"line":100,"column":5}},"101":{"start":{"line":102,"column":0},"end":{"line":102,"column":133}},"102":{"start":{"line":103,"column":0},"end":{"line":103,"column":14}},"103":{"start":{"line":104,"column":0},"end":{"line":104,"column":18}},"104":{"start":{"line":105,"column":0},"end":{"line":105,"column":52}},"105":{"start":{"line":106,"column":0},"end":{"line":106,"column":5}},"106":{"start":{"line":107,"column":0},"end":{"line":107,"column":67}},"107":{"start":{"line":108,"column":0},"end":{"line":108,"column":5}},"109":{"start":{"line":110,"column":0},"end":{"line":110,"column":71}},"110":{"start":{"line":111,"column":0},"end":{"line":111,"column":34}},"111":{"start":{"line":112,"column":0},"end":{"line":112,"column":5}},"114":{"start":{"line":115,"column":0},"end":{"line":115,"column":101}},"115":{"start":{"line":116,"column":0},"end":{"line":116,"column":74}},"116":{"start":{"line":117,"column":0},"end":{"line":117,"column":34}},"117":{"start":{"line":118,"column":0},"end":{"line":118,"column":49}},"118":{"start":{"line":119,"column":0},"end":{"line":119,"column":5}},"119":{"start":{"line":120,"column":0},"end":{"line":120,"column":74}},"120":{"start":{"line":121,"column":0},"end":{"line":121,"column":46}},"121":{"start":{"line":122,"column":0},"end":{"line":122,"column":50}},"122":{"start":{"line":123,"column":0},"end":{"line":123,"column":20}},"123":{"start":{"line":124,"column":0},"end":{"line":124,"column":5}},"125":{"start":{"line":126,"column":0},"end":{"line":126,"column":74}},"126":{"start":{"line":127,"column":0},"end":{"line":127,"column":45}},"127":{"start":{"line":128,"column":0},"end":{"line":128,"column":90}},"128":{"start":{"line":129,"column":0},"end":{"line":129,"column":39}},"129":{"start":{"line":130,"column":0},"end":{"line":130,"column":5}},"130":{"start":{"line":131,"column":0},"end":{"line":131,"column":60}},"131":{"start":{"line":132,"column":0},"end":{"line":132,"column":18}},"132":{"start":{"line":133,"column":0},"end":{"line":133,"column":5}},"134":{"start":{"line":135,"column":0},"end":{"line":135,"column":77}},"135":{"start":{"line":136,"column":0},"end":{"line":136,"column":45}},"136":{"start":{"line":137,"column":0},"end":{"line":137,"column":45}},"137":{"start":{"line":138,"column":0},"end":{"line":138,"column":11}},"138":{"start":{"line":139,"column":0},"end":{"line":139,"column":53}},"139":{"start":{"line":140,"column":0},"end":{"line":140,"column":49}},"140":{"start":{"line":141,"column":0},"end":{"line":141,"column":9}},"141":{"start":{"line":142,"column":0},"end":{"line":142,"column":21}},"142":{"start":{"line":143,"column":0},"end":{"line":143,"column":66}},"143":{"start":{"line":144,"column":0},"end":{"line":144,"column":7}},"144":{"start":{"line":145,"column":0},"end":{"line":145,"column":48}},"145":{"start":{"line":146,"column":0},"end":{"line":146,"column":5}},"146":{"start":{"line":147,"column":0},"end":{"line":147,"column":5}},"148":{"start":{"line":149,"column":0},"end":{"line":149,"column":125}},"149":{"start":{"line":150,"column":0},"end":{"line":150,"column":49}},"150":{"start":{"line":151,"column":0},"end":{"line":151,"column":24}},"151":{"start":{"line":152,"column":0},"end":{"line":152,"column":34}},"152":{"start":{"line":153,"column":0},"end":{"line":153,"column":56}},"153":{"start":{"line":154,"column":0},"end":{"line":154,"column":33}},"154":{"start":{"line":155,"column":0},"end":{"line":155,"column":43}},"155":{"start":{"line":156,"column":0},"end":{"line":156,"column":41}},"156":{"start":{"line":157,"column":0},"end":{"line":157,"column":36}},"157":{"start":{"line":158,"column":0},"end":{"line":158,"column":51}},"158":{"start":{"line":159,"column":0},"end":{"line":159,"column":35}},"159":{"start":{"line":160,"column":0},"end":{"line":160,"column":7}},"161":{"start":{"line":162,"column":0},"end":{"line":162,"column":25}},"162":{"start":{"line":163,"column":0},"end":{"line":163,"column":11}},"163":{"start":{"line":164,"column":0},"end":{"line":164,"column":78}},"164":{"start":{"line":165,"column":0},"end":{"line":165,"column":38}},"165":{"start":{"line":166,"column":0},"end":{"line":166,"column":53}},"166":{"start":{"line":167,"column":0},"end":{"line":167,"column":9}},"167":{"start":{"line":168,"column":0},"end":{"line":168,"column":78}},"168":{"start":{"line":169,"column":0},"end":{"line":169,"column":50}},"169":{"start":{"line":170,"column":0},"end":{"line":170,"column":54}},"170":{"start":{"line":171,"column":0},"end":{"line":171,"column":21}},"171":{"start":{"line":172,"column":0},"end":{"line":172,"column":74}},"172":{"start":{"line":173,"column":0},"end":{"line":173,"column":7}},"173":{"start":{"line":174,"column":0},"end":{"line":174,"column":5}},"175":{"start":{"line":176,"column":0},"end":{"line":176,"column":9}},"176":{"start":{"line":177,"column":0},"end":{"line":177,"column":27}},"177":{"start":{"line":178,"column":0},"end":{"line":178,"column":18}},"178":{"start":{"line":179,"column":0},"end":{"line":179,"column":56}},"179":{"start":{"line":180,"column":0},"end":{"line":180,"column":11}},"180":{"start":{"line":181,"column":0},"end":{"line":181,"column":10}},"181":{"start":{"line":182,"column":0},"end":{"line":182,"column":36}},"182":{"start":{"line":183,"column":0},"end":{"line":183,"column":8}},"183":{"start":{"line":184,"column":0},"end":{"line":184,"column":19}},"184":{"start":{"line":185,"column":0},"end":{"line":185,"column":85}},"185":{"start":{"line":186,"column":0},"end":{"line":186,"column":5}},"187":{"start":{"line":188,"column":0},"end":{"line":188,"column":21}},"188":{"start":{"line":189,"column":0},"end":{"line":189,"column":5}},"191":{"start":{"line":192,"column":0},"end":{"line":192,"column":77}},"192":{"start":{"line":193,"column":0},"end":{"line":193,"column":45}},"193":{"start":{"line":194,"column":0},"end":{"line":194,"column":56}},"195":{"start":{"line":196,"column":0},"end":{"line":196,"column":55}},"197":{"start":{"line":198,"column":0},"end":{"line":198,"column":59}},"199":{"start":{"line":200,"column":0},"end":{"line":200,"column":64}},"200":{"start":{"line":201,"column":0},"end":{"line":201,"column":35}},"201":{"start":{"line":202,"column":0},"end":{"line":202,"column":53}},"202":{"start":{"line":203,"column":0},"end":{"line":203,"column":59}},"203":{"start":{"line":204,"column":0},"end":{"line":204,"column":7}},"205":{"start":{"line":206,"column":0},"end":{"line":206,"column":32}},"206":{"start":{"line":207,"column":0},"end":{"line":207,"column":45}},"207":{"start":{"line":208,"column":0},"end":{"line":208,"column":22}},"208":{"start":{"line":209,"column":0},"end":{"line":209,"column":5}},"209":{"start":{"line":210,"column":0},"end":{"line":210,"column":16}},"210":{"start":{"line":211,"column":0},"end":{"line":211,"column":5}},"213":{"start":{"line":214,"column":0},"end":{"line":214,"column":64}},"214":{"start":{"line":215,"column":0},"end":{"line":215,"column":65}},"215":{"start":{"line":216,"column":0},"end":{"line":216,"column":31}},"216":{"start":{"line":217,"column":0},"end":{"line":217,"column":59}},"217":{"start":{"line":218,"column":0},"end":{"line":218,"column":7}},"218":{"start":{"line":219,"column":0},"end":{"line":219,"column":44}},"219":{"start":{"line":220,"column":0},"end":{"line":220,"column":26}},"220":{"start":{"line":221,"column":0},"end":{"line":221,"column":5}},"221":{"start":{"line":222,"column":0},"end":{"line":222,"column":16}},"222":{"start":{"line":223,"column":0},"end":{"line":223,"column":5}},"225":{"start":{"line":226,"column":0},"end":{"line":226,"column":74}},"226":{"start":{"line":227,"column":0},"end":{"line":227,"column":41}},"227":{"start":{"line":228,"column":0},"end":{"line":228,"column":5}},"229":{"start":{"line":230,"column":0},"end":{"line":230,"column":93}},"230":{"start":{"line":231,"column":0},"end":{"line":231,"column":50}},"231":{"start":{"line":232,"column":0},"end":{"line":232,"column":5}},"233":{"start":{"line":234,"column":0},"end":{"line":234,"column":107}},"234":{"start":{"line":235,"column":0},"end":{"line":235,"column":60}},"235":{"start":{"line":236,"column":0},"end":{"line":236,"column":5}},"237":{"start":{"line":238,"column":0},"end":{"line":238,"column":92}},"238":{"start":{"line":239,"column":0},"end":{"line":239,"column":53}},"239":{"start":{"line":240,"column":0},"end":{"line":240,"column":5}},"242":{"start":{"line":243,"column":0},"end":{"line":243,"column":85}},"243":{"start":{"line":244,"column":0},"end":{"line":244,"column":45}},"244":{"start":{"line":245,"column":0},"end":{"line":245,"column":56}},"246":{"start":{"line":247,"column":0},"end":{"line":247,"column":55}},"248":{"start":{"line":249,"column":0},"end":{"line":249,"column":67}},"250":{"start":{"line":251,"column":0},"end":{"line":251,"column":64}},"251":{"start":{"line":252,"column":0},"end":{"line":252,"column":41}},"252":{"start":{"line":253,"column":0},"end":{"line":253,"column":53}},"253":{"start":{"line":254,"column":0},"end":{"line":254,"column":59}},"254":{"start":{"line":255,"column":0},"end":{"line":255,"column":7}},"256":{"start":{"line":257,"column":0},"end":{"line":257,"column":32}},"257":{"start":{"line":258,"column":0},"end":{"line":258,"column":54}},"258":{"start":{"line":259,"column":0},"end":{"line":259,"column":22}},"259":{"start":{"line":260,"column":0},"end":{"line":260,"column":5}},"260":{"start":{"line":261,"column":0},"end":{"line":261,"column":16}},"261":{"start":{"line":262,"column":0},"end":{"line":262,"column":5}},"262":{"start":{"line":263,"column":0},"end":{"line":263,"column":1}}},"s":{"0":0,"1":0,"2":0,"3":0,"4":0,"5":0,"6":0,"7":0,"8":0,"11":0,"12":0,"13":0,"14":0,"15":0,"16":0,"17":0,"20":0,"21":0,"22":0,"24":0,"25":0,"26":0,"28":0,"29":0,"30":0,"32":0,"33":0,"34":0,"36":0,"37":0,"38":0,"40":0,"41":0,"42":0,"45":0,"46":0,"47":0,"49":0,"50":0,"51":0,"53":0,"54":0,"55":0,"58":0,"59":0,"60":0,"62":0,"63":0,"64":0,"66":0,"67":0,"68":0,"71":0,"72":0,"73":0,"75":0,"76":0,"77":0,"80":0,"81":0,"82":0,"84":0,"85":0,"86":0,"88":0,"89":0,"90":0,"92":0,"93":0,"94":0,"97":0,"98":0,"99":0,"101":0,"102":0,"103":0,"104":0,"105":0,"106":0,"107":0,"109":0,"110":0,"111":0,"114":0,"115":0,"116":0,"117":0,"118":0,"119":0,"120":0,"121":0,"122":0,"123":0,"125":0,"126":0,"127":0,"128":0,"129":0,"130":0,"131":0,"132":0,"134":0,"135":0,"136":0,"137":0,"138":0,"139":0,"140":0,"141":0,"142":0,"143":0,"144":0,"145":0,"146":0,"148":0,"149":0,"150":0,"151":0,"152":0,"153":0,"154":0,"155":0,"156":0,"157":0,"158":0,"159":0,"161":0,"162":0,"163":0,"164":0,"165":0,"166":0,"167":0,"168":0,"169":0,"170":0,"171":0,"172":0,"173":0,"175":0,"176":0,"177":0,"178":0,"179":0,"180":0,"181":0,"182":0,"183":0,"184":0,"185":0,"187":0,"188":0,"191":0,"192":0,"193":0,"195":0,"197":0,"199":0,"200":0,"201":0,"202":0,"203":0,"205":0,"206":0,"207":0,"208":0,"209":0,"210":0,"213":0,"214":0,"215":0,"216":0,"217":0,"218":0,"219":0,"220":0,"221":0,"222":0,"225":0,"226":0,"227":0,"229":0,"230":0,"231":0,"233":0,"234":0,"235":0,"237":0,"238":0,"239":0,"242":0,"243":0,"244":0,"246":0,"248":0,"250":0,"251":0,"252":0,"253":0,"254":0,"256":0,"257":0,"258":0,"259":0,"260":0,"261":0,"262":0},"branchMap":{"0":{"type":"branch","line":1,"loc":{"start":{"line":1,"column":9042},"end":{"line":263,"column":1}},"locations":[{"start":{"line":1,"column":9042},"end":{"line":263,"column":1}}]}},"b":{"0":[0]},"fnMap":{"0":{"name":"(empty-report)","decl":{"start":{"line":1,"column":9042},"end":{"line":263,"column":1}},"loc":{"start":{"line":1,"column":9042},"end":{"line":263,"column":1}},"line":1}},"f":{"0":0}}
,"C:\\root_lab\\antigravity\\emmas_librarian\\frontend\\electron\\services\\ApiIntegrator.ts": {"path":"C:\\root_lab\\antigravity\\emmas_librarian\\frontend\\electron\\services\\ApiIntegrator.ts","all":false,"statementMap":{"2":{"start":{"line":3,"column":0},"end":{"line":3,"column":28}},"3":{"start":{"line":4,"column":0},"end":{"line":4,"column":58}},"4":{"start":{"line":5,"column":0},"end":{"line":5,"column":58}},"5":{"start":{"line":6,"column":0},"end":{"line":6,"column":72}},"6":{"start":{"line":7,"column":0},"end":{"line":7,"column":74}},"8":{"start":{"line":9,"column":0},"end":{"line":9,"column":137}},"9":{"start":{"line":10,"column":0},"end":{"line":10,"column":9}},"10":{"start":{"line":11,"column":0},"end":{"line":11,"column":45}},"13":{"start":{"line":14,"column":0},"end":{"line":14,"column":34}},"14":{"start":{"line":15,"column":0},"end":{"line":15,"column":42}},"15":{"start":{"line":16,"column":0},"end":{"line":16,"column":49}},"16":{"start":{"line":17,"column":0},"end":{"line":17,"column":46}},"17":{"start":{"line":18,"column":0},"end":{"line":18,"column":7}},"19":{"start":{"line":20,"column":0},"end":{"line":20,"column":70}},"20":{"start":{"line":21,"column":0},"end":{"line":21,"column":95}},"22":{"start":{"line":23,"column":0},"end":{"line":23,"column":89}},"23":{"start":{"line":24,"column":0},"end":{"line":24,"column":91}},"24":{"start":{"line":25,"column":0},"end":{"line":25,"column":67}},"26":{"start":{"line":27,"column":0},"end":{"line":27,"column":51}},"27":{"start":{"line":28,"column":0},"end":{"line":28,"column":24}},"28":{"start":{"line":29,"column":0},"end":{"line":29,"column":43}},"29":{"start":{"line":30,"column":0},"end":{"line":30,"column":43}},"30":{"start":{"line":31,"column":0},"end":{"line":31,"column":72}},"31":{"start":{"line":32,"column":0},"end":{"line":32,"column":7}},"32":{"start":{"line":33,"column":0},"end":{"line":33,"column":64}},"33":{"start":{"line":34,"column":0},"end":{"line":34,"column":82}},"34":{"start":{"line":35,"column":0},"end":{"line":35,"column":22}},"35":{"start":{"line":36,"column":0},"end":{"line":36,"column":47}},"36":{"start":{"line":37,"column":0},"end":{"line":37,"column":14}},"37":{"start":{"line":38,"column":0},"end":{"line":38,"column":5}},"38":{"start":{"line":39,"column":0},"end":{"line":39,"column":3}},"40":{"start":{"line":41,"column":0},"end":{"line":41,"column":136}},"41":{"start":{"line":42,"column":0},"end":{"line":42,"column":9}},"43":{"start":{"line":44,"column":0},"end":{"line":44,"column":45}},"44":{"start":{"line":45,"column":0},"end":{"line":45,"column":57}},"45":{"start":{"line":46,"column":0},"end":{"line":46,"column":86}},"47":{"start":{"line":48,"column":0},"end":{"line":48,"column":35}},"48":{"start":{"line":49,"column":0},"end":{"line":49,"column":59}},"49":{"start":{"line":50,"column":0},"end":{"line":50,"column":42}},"50":{"start":{"line":51,"column":0},"end":{"line":51,"column":37}},"51":{"start":{"line":52,"column":0},"end":{"line":52,"column":46}},"52":{"start":{"line":53,"column":0},"end":{"line":53,"column":42}},"53":{"start":{"line":54,"column":0},"end":{"line":54,"column":45}},"54":{"start":{"line":55,"column":0},"end":{"line":55,"column":42}},"55":{"start":{"line":56,"column":0},"end":{"line":56,"column":7}},"57":{"start":{"line":58,"column":0},"end":{"line":58,"column":43}},"59":{"start":{"line":60,"column":0},"end":{"line":60,"column":51}},"60":{"start":{"line":61,"column":0},"end":{"line":61,"column":24}},"61":{"start":{"line":62,"column":0},"end":{"line":62,"column":43}},"62":{"start":{"line":63,"column":0},"end":{"line":63,"column":48}},"63":{"start":{"line":64,"column":0},"end":{"line":64,"column":70}},"64":{"start":{"line":65,"column":0},"end":{"line":65,"column":7}},"65":{"start":{"line":66,"column":0},"end":{"line":66,"column":64}},"66":{"start":{"line":67,"column":0},"end":{"line":67,"column":82}},"67":{"start":{"line":68,"column":0},"end":{"line":68,"column":22}},"68":{"start":{"line":69,"column":0},"end":{"line":69,"column":47}},"69":{"start":{"line":70,"column":0},"end":{"line":70,"column":14}},"70":{"start":{"line":71,"column":0},"end":{"line":71,"column":5}},"71":{"start":{"line":72,"column":0},"end":{"line":72,"column":3}},"73":{"start":{"line":74,"column":0},"end":{"line":74,"column":150}},"74":{"start":{"line":75,"column":0},"end":{"line":75,"column":27}},"75":{"start":{"line":76,"column":0},"end":{"line":76,"column":9}},"76":{"start":{"line":77,"column":0},"end":{"line":77,"column":43}},"77":{"start":{"line":78,"column":0},"end":{"line":78,"column":49}},"78":{"start":{"line":79,"column":0},"end":{"line":79,"column":102}},"80":{"start":{"line":81,"column":0},"end":{"line":81,"column":83}},"81":{"start":{"line":82,"column":0},"end":{"line":82,"column":77}},"82":{"start":{"line":83,"column":0},"end":{"line":83,"column":56}},"84":{"start":{"line":85,"column":0},"end":{"line":85,"column":52}},"85":{"start":{"line":86,"column":0},"end":{"line":86,"column":73}},"86":{"start":{"line":87,"column":0},"end":{"line":87,"column":9}},"88":{"start":{"line":89,"column":0},"end":{"line":89,"column":24}},"89":{"start":{"line":90,"column":0},"end":{"line":90,"column":43}},"90":{"start":{"line":91,"column":0},"end":{"line":91,"column":60}},"91":{"start":{"line":92,"column":0},"end":{"line":92,"column":70}},"92":{"start":{"line":93,"column":0},"end":{"line":93,"column":7}},"93":{"start":{"line":94,"column":0},"end":{"line":94,"column":88}},"94":{"start":{"line":95,"column":0},"end":{"line":95,"column":64}},"95":{"start":{"line":96,"column":0},"end":{"line":96,"column":109}},"96":{"start":{"line":97,"column":0},"end":{"line":97,"column":22}},"97":{"start":{"line":98,"column":0},"end":{"line":98,"column":45}},"98":{"start":{"line":99,"column":0},"end":{"line":99,"column":14}},"99":{"start":{"line":100,"column":0},"end":{"line":100,"column":5}},"100":{"start":{"line":101,"column":0},"end":{"line":101,"column":3}},"102":{"start":{"line":103,"column":0},"end":{"line":103,"column":147}},"103":{"start":{"line":104,"column":0},"end":{"line":104,"column":27}},"104":{"start":{"line":105,"column":0},"end":{"line":105,"column":9}},"105":{"start":{"line":106,"column":0},"end":{"line":106,"column":40}},"106":{"start":{"line":107,"column":0},"end":{"line":107,"column":45}},"107":{"start":{"line":108,"column":0},"end":{"line":108,"column":52}},"108":{"start":{"line":109,"column":0},"end":{"line":109,"column":95}},"109":{"start":{"line":110,"column":0},"end":{"line":110,"column":50}},"112":{"start":{"line":113,"column":0},"end":{"line":113,"column":87}},"113":{"start":{"line":114,"column":0},"end":{"line":114,"column":92}},"114":{"start":{"line":115,"column":0},"end":{"line":115,"column":61}},"116":{"start":{"line":117,"column":0},"end":{"line":117,"column":52}},"117":{"start":{"line":118,"column":0},"end":{"line":118,"column":39}},"118":{"start":{"line":119,"column":0},"end":{"line":119,"column":9}},"120":{"start":{"line":121,"column":0},"end":{"line":121,"column":24}},"121":{"start":{"line":122,"column":0},"end":{"line":122,"column":43}},"122":{"start":{"line":123,"column":0},"end":{"line":123,"column":37}},"123":{"start":{"line":124,"column":0},"end":{"line":124,"column":64}},"124":{"start":{"line":125,"column":0},"end":{"line":125,"column":7}},"125":{"start":{"line":126,"column":0},"end":{"line":126,"column":88}},"126":{"start":{"line":127,"column":0},"end":{"line":127,"column":64}},"127":{"start":{"line":128,"column":0},"end":{"line":128,"column":88}},"128":{"start":{"line":129,"column":0},"end":{"line":129,"column":22}},"129":{"start":{"line":130,"column":0},"end":{"line":130,"column":42}},"130":{"start":{"line":131,"column":0},"end":{"line":131,"column":14}},"131":{"start":{"line":132,"column":0},"end":{"line":132,"column":5}},"132":{"start":{"line":133,"column":0},"end":{"line":133,"column":3}},"134":{"start":{"line":135,"column":0},"end":{"line":135,"column":58}},"135":{"start":{"line":136,"column":0},"end":{"line":136,"column":28}},"136":{"start":{"line":137,"column":0},"end":{"line":137,"column":42}},"137":{"start":{"line":138,"column":0},"end":{"line":138,"column":47}},"138":{"start":{"line":139,"column":0},"end":{"line":139,"column":5}},"140":{"start":{"line":141,"column":0},"end":{"line":141,"column":23}},"141":{"start":{"line":142,"column":0},"end":{"line":142,"column":49}},"142":{"start":{"line":143,"column":0},"end":{"line":143,"column":51}},"143":{"start":{"line":144,"column":0},"end":{"line":144,"column":17}},"144":{"start":{"line":145,"column":0},"end":{"line":145,"column":38}},"145":{"start":{"line":146,"column":0},"end":{"line":146,"column":31}},"146":{"start":{"line":147,"column":0},"end":{"line":147,"column":97}},"147":{"start":{"line":148,"column":0},"end":{"line":148,"column":16}},"148":{"start":{"line":149,"column":0},"end":{"line":149,"column":41}},"149":{"start":{"line":150,"column":0},"end":{"line":150,"column":9}},"150":{"start":{"line":151,"column":0},"end":{"line":151,"column":7}},"151":{"start":{"line":152,"column":0},"end":{"line":152,"column":5}},"153":{"start":{"line":154,"column":0},"end":{"line":154,"column":38}},"156":{"start":{"line":157,"column":0},"end":{"line":157,"column":37}},"157":{"start":{"line":158,"column":0},"end":{"line":158,"column":38}},"158":{"start":{"line":159,"column":0},"end":{"line":159,"column":43}},"159":{"start":{"line":160,"column":0},"end":{"line":160,"column":84}},"160":{"start":{"line":161,"column":0},"end":{"line":161,"column":52}},"161":{"start":{"line":162,"column":0},"end":{"line":162,"column":34}},"162":{"start":{"line":163,"column":0},"end":{"line":163,"column":9}},"163":{"start":{"line":164,"column":0},"end":{"line":164,"column":7}},"164":{"start":{"line":165,"column":0},"end":{"line":165,"column":40}},"165":{"start":{"line":166,"column":0},"end":{"line":166,"column":48}},"166":{"start":{"line":167,"column":0},"end":{"line":167,"column":5}},"169":{"start":{"line":170,"column":0},"end":{"line":170,"column":47}},"170":{"start":{"line":171,"column":0},"end":{"line":171,"column":81}},"171":{"start":{"line":172,"column":0},"end":{"line":172,"column":18}},"174":{"start":{"line":175,"column":0},"end":{"line":175,"column":46}},"175":{"start":{"line":176,"column":0},"end":{"line":176,"column":63}},"176":{"start":{"line":177,"column":0},"end":{"line":177,"column":18}},"179":{"start":{"line":180,"column":0},"end":{"line":180,"column":63}},"180":{"start":{"line":181,"column":0},"end":{"line":181,"column":38}},"181":{"start":{"line":182,"column":0},"end":{"line":182,"column":36}},"182":{"start":{"line":183,"column":0},"end":{"line":183,"column":45}},"183":{"start":{"line":184,"column":0},"end":{"line":184,"column":43}},"184":{"start":{"line":185,"column":0},"end":{"line":185,"column":94}},"187":{"start":{"line":188,"column":0},"end":{"line":188,"column":41}},"188":{"start":{"line":189,"column":0},"end":{"line":189,"column":49}},"189":{"start":{"line":190,"column":0},"end":{"line":190,"column":53}},"190":{"start":{"line":191,"column":0},"end":{"line":191,"column":80}},"191":{"start":{"line":192,"column":0},"end":{"line":192,"column":50}},"192":{"start":{"line":193,"column":0},"end":{"line":193,"column":9}},"193":{"start":{"line":194,"column":0},"end":{"line":194,"column":7}},"194":{"start":{"line":195,"column":0},"end":{"line":195,"column":5}},"195":{"start":{"line":196,"column":0},"end":{"line":196,"column":89}},"198":{"start":{"line":199,"column":0},"end":{"line":199,"column":51}},"199":{"start":{"line":200,"column":0},"end":{"line":200,"column":39}},"200":{"start":{"line":201,"column":0},"end":{"line":201,"column":18}},"202":{"start":{"line":203,"column":0},"end":{"line":203,"column":55}},"203":{"start":{"line":204,"column":0},"end":{"line":204,"column":54}},"204":{"start":{"line":205,"column":0},"end":{"line":205,"column":45}},"206":{"start":{"line":207,"column":0},"end":{"line":207,"column":21}},"207":{"start":{"line":208,"column":0},"end":{"line":208,"column":17}},"208":{"start":{"line":209,"column":0},"end":{"line":209,"column":30}},"209":{"start":{"line":210,"column":0},"end":{"line":210,"column":23}},"210":{"start":{"line":211,"column":0},"end":{"line":211,"column":15}},"211":{"start":{"line":212,"column":0},"end":{"line":212,"column":41}},"212":{"start":{"line":213,"column":0},"end":{"line":213,"column":21}},"213":{"start":{"line":214,"column":0},"end":{"line":214,"column":6}},"215":{"start":{"line":216,"column":0},"end":{"line":216,"column":12}},"216":{"start":{"line":217,"column":0},"end":{"line":217,"column":10}},"217":{"start":{"line":218,"column":0},"end":{"line":218,"column":29}},"218":{"start":{"line":219,"column":0},"end":{"line":219,"column":95}},"219":{"start":{"line":220,"column":0},"end":{"line":220,"column":17}},"220":{"start":{"line":221,"column":0},"end":{"line":221,"column":15}},"221":{"start":{"line":222,"column":0},"end":{"line":222,"column":21}},"222":{"start":{"line":223,"column":0},"end":{"line":223,"column":20}},"223":{"start":{"line":224,"column":0},"end":{"line":224,"column":14}},"224":{"start":{"line":225,"column":0},"end":{"line":225,"column":13}},"225":{"start":{"line":226,"column":0},"end":{"line":226,"column":12}},"226":{"start":{"line":227,"column":0},"end":{"line":227,"column":12}},"227":{"start":{"line":228,"column":0},"end":{"line":228,"column":19}},"228":{"start":{"line":229,"column":0},"end":{"line":229,"column":17}},"229":{"start":{"line":230,"column":0},"end":{"line":230,"column":19}},"230":{"start":{"line":231,"column":0},"end":{"line":231,"column":11}},"231":{"start":{"line":232,"column":0},"end":{"line":232,"column":20}},"232":{"start":{"line":233,"column":0},"end":{"line":233,"column":37}},"233":{"start":{"line":234,"column":0},"end":{"line":234,"column":23}},"234":{"start":{"line":235,"column":0},"end":{"line":235,"column":6}},"235":{"start":{"line":236,"column":0},"end":{"line":236,"column":3}},"237":{"start":{"line":238,"column":0},"end":{"line":238,"column":58}},"238":{"start":{"line":239,"column":0},"end":{"line":239,"column":74}},"239":{"start":{"line":240,"column":0},"end":{"line":240,"column":54}},"240":{"start":{"line":241,"column":0},"end":{"line":241,"column":111}},"243":{"start":{"line":244,"column":0},"end":{"line":244,"column":33}},"244":{"start":{"line":245,"column":0},"end":{"line":245,"column":51}},"245":{"start":{"line":246,"column":0},"end":{"line":246,"column":18}},"248":{"start":{"line":249,"column":0},"end":{"line":249,"column":46}},"249":{"start":{"line":250,"column":0},"end":{"line":250,"column":30}},"250":{"start":{"line":251,"column":0},"end":{"line":251,"column":18}},"252":{"start":{"line":253,"column":0},"end":{"line":253,"column":48}},"253":{"start":{"line":254,"column":0},"end":{"line":254,"column":30}},"254":{"start":{"line":255,"column":0},"end":{"line":255,"column":28}},"255":{"start":{"line":256,"column":0},"end":{"line":256,"column":27}},"258":{"start":{"line":259,"column":0},"end":{"line":259,"column":41}},"259":{"start":{"line":260,"column":0},"end":{"line":260,"column":41}},"260":{"start":{"line":261,"column":0},"end":{"line":261,"column":48}},"261":{"start":{"line":262,"column":0},"end":{"line":262,"column":62}},"262":{"start":{"line":263,"column":0},"end":{"line":263,"column":41}},"263":{"start":{"line":264,"column":0},"end":{"line":264,"column":9}},"264":{"start":{"line":265,"column":0},"end":{"line":265,"column":7}},"265":{"start":{"line":266,"column":0},"end":{"line":266,"column":5}},"266":{"start":{"line":267,"column":0},"end":{"line":267,"column":89}},"269":{"start":{"line":270,"column":0},"end":{"line":270,"column":44}},"270":{"start":{"line":271,"column":0},"end":{"line":271,"column":101}},"271":{"start":{"line":272,"column":0},"end":{"line":272,"column":18}},"273":{"start":{"line":274,"column":0},"end":{"line":274,"column":34}},"274":{"start":{"line":275,"column":0},"end":{"line":275,"column":31}},"275":{"start":{"line":276,"column":0},"end":{"line":276,"column":56}},"277":{"start":{"line":278,"column":0},"end":{"line":278,"column":21}},"278":{"start":{"line":279,"column":0},"end":{"line":279,"column":18}},"279":{"start":{"line":280,"column":0},"end":{"line":280,"column":30}},"280":{"start":{"line":281,"column":0},"end":{"line":281,"column":19}},"281":{"start":{"line":282,"column":0},"end":{"line":282,"column":19}},"282":{"start":{"line":283,"column":0},"end":{"line":283,"column":25}},"283":{"start":{"line":284,"column":0},"end":{"line":284,"column":30}},"284":{"start":{"line":285,"column":0},"end":{"line":285,"column":6}},"286":{"start":{"line":287,"column":0},"end":{"line":287,"column":12}},"287":{"start":{"line":288,"column":0},"end":{"line":288,"column":19}},"288":{"start":{"line":289,"column":0},"end":{"line":289,"column":19}},"289":{"start":{"line":290,"column":0},"end":{"line":290,"column":23}},"290":{"start":{"line":291,"column":0},"end":{"line":291,"column":17}},"291":{"start":{"line":292,"column":0},"end":{"line":292,"column":15}},"292":{"start":{"line":293,"column":0},"end":{"line":293,"column":21}},"293":{"start":{"line":294,"column":0},"end":{"line":294,"column":14}},"294":{"start":{"line":295,"column":0},"end":{"line":295,"column":13}},"295":{"start":{"line":296,"column":0},"end":{"line":296,"column":12}},"296":{"start":{"line":297,"column":0},"end":{"line":297,"column":12}},"297":{"start":{"line":298,"column":0},"end":{"line":298,"column":19}},"298":{"start":{"line":299,"column":0},"end":{"line":299,"column":17}},"299":{"start":{"line":300,"column":0},"end":{"line":300,"column":19}},"300":{"start":{"line":301,"column":0},"end":{"line":301,"column":11}},"301":{"start":{"line":302,"column":0},"end":{"line":302,"column":20}},"302":{"start":{"line":303,"column":0},"end":{"line":303,"column":37}},"303":{"start":{"line":304,"column":0},"end":{"line":304,"column":23}},"304":{"start":{"line":305,"column":0},"end":{"line":305,"column":6}},"305":{"start":{"line":306,"column":0},"end":{"line":306,"column":3}},"307":{"start":{"line":308,"column":0},"end":{"line":308,"column":56}},"308":{"start":{"line":309,"column":0},"end":{"line":309,"column":39}},"309":{"start":{"line":310,"column":0},"end":{"line":310,"column":40}},"310":{"start":{"line":311,"column":0},"end":{"line":311,"column":44}},"311":{"start":{"line":312,"column":0},"end":{"line":312,"column":46}},"312":{"start":{"line":313,"column":0},"end":{"line":313,"column":65}},"314":{"start":{"line":315,"column":0},"end":{"line":315,"column":56}},"315":{"start":{"line":316,"column":0},"end":{"line":316,"column":57}},"316":{"start":{"line":317,"column":0},"end":{"line":317,"column":62}},"317":{"start":{"line":318,"column":0},"end":{"line":318,"column":52}},"318":{"start":{"line":319,"column":0},"end":{"line":319,"column":60}},"319":{"start":{"line":320,"column":0},"end":{"line":320,"column":54}},"320":{"start":{"line":321,"column":0},"end":{"line":321,"column":96}},"321":{"start":{"line":322,"column":0},"end":{"line":322,"column":44}},"322":{"start":{"line":323,"column":0},"end":{"line":323,"column":84}},"323":{"start":{"line":324,"column":0},"end":{"line":324,"column":48}},"325":{"start":{"line":326,"column":0},"end":{"line":326,"column":12}},"326":{"start":{"line":327,"column":0},"end":{"line":327,"column":10}},"327":{"start":{"line":328,"column":0},"end":{"line":328,"column":12}},"328":{"start":{"line":329,"column":0},"end":{"line":329,"column":14}},"329":{"start":{"line":330,"column":0},"end":{"line":330,"column":11}},"330":{"start":{"line":331,"column":0},"end":{"line":331,"column":15}},"331":{"start":{"line":332,"column":0},"end":{"line":332,"column":21}},"332":{"start":{"line":333,"column":0},"end":{"line":333,"column":14}},"333":{"start":{"line":334,"column":0},"end":{"line":334,"column":13}},"334":{"start":{"line":335,"column":0},"end":{"line":335,"column":12}},"335":{"start":{"line":336,"column":0},"end":{"line":336,"column":12}},"336":{"start":{"line":337,"column":0},"end":{"line":337,"column":19}},"337":{"start":{"line":338,"column":0},"end":{"line":338,"column":20}},"338":{"start":{"line":339,"column":0},"end":{"line":339,"column":11}},"339":{"start":{"line":340,"column":0},"end":{"line":340,"column":35}},"340":{"start":{"line":341,"column":0},"end":{"line":341,"column":17}},"341":{"start":{"line":342,"column":0},"end":{"line":342,"column":40}},"342":{"start":{"line":343,"column":0},"end":{"line":343,"column":32}},"343":{"start":{"line":344,"column":0},"end":{"line":344,"column":14}},"344":{"start":{"line":345,"column":0},"end":{"line":345,"column":17}},"345":{"start":{"line":346,"column":0},"end":{"line":346,"column":62}},"346":{"start":{"line":347,"column":0},"end":{"line":347,"column":37}},"347":{"start":{"line":348,"column":0},"end":{"line":348,"column":7}},"348":{"start":{"line":349,"column":0},"end":{"line":349,"column":6}},"349":{"start":{"line":350,"column":0},"end":{"line":350,"column":3}},"351":{"start":{"line":352,"column":0},"end":{"line":352,"column":53}},"352":{"start":{"line":353,"column":0},"end":{"line":353,"column":43}},"353":{"start":{"line":354,"column":0},"end":{"line":354,"column":34}},"354":{"start":{"line":355,"column":0},"end":{"line":355,"column":89}},"355":{"start":{"line":356,"column":0},"end":{"line":356,"column":39}},"357":{"start":{"line":358,"column":0},"end":{"line":358,"column":70}},"358":{"start":{"line":359,"column":0},"end":{"line":359,"column":63}},"359":{"start":{"line":360,"column":0},"end":{"line":360,"column":46}},"360":{"start":{"line":361,"column":0},"end":{"line":361,"column":18}},"361":{"start":{"line":362,"column":0},"end":{"line":362,"column":57}},"362":{"start":{"line":363,"column":0},"end":{"line":363,"column":51}},"363":{"start":{"line":364,"column":0},"end":{"line":364,"column":49}},"364":{"start":{"line":365,"column":0},"end":{"line":365,"column":56}},"365":{"start":{"line":366,"column":0},"end":{"line":366,"column":78}},"366":{"start":{"line":367,"column":0},"end":{"line":367,"column":82}},"368":{"start":{"line":369,"column":0},"end":{"line":369,"column":12}},"369":{"start":{"line":370,"column":0},"end":{"line":370,"column":10}},"370":{"start":{"line":371,"column":0},"end":{"line":371,"column":12}},"371":{"start":{"line":372,"column":0},"end":{"line":372,"column":14}},"372":{"start":{"line":373,"column":0},"end":{"line":373,"column":11}},"373":{"start":{"line":374,"column":0},"end":{"line":374,"column":15}},"374":{"start":{"line":375,"column":0},"end":{"line":375,"column":21}},"375":{"start":{"line":376,"column":0},"end":{"line":376,"column":14}},"376":{"start":{"line":377,"column":0},"end":{"line":377,"column":13}},"377":{"start":{"line":378,"column":0},"end":{"line":378,"column":12}},"378":{"start":{"line":379,"column":0},"end":{"line":379,"column":12}},"379":{"start":{"line":380,"column":0},"end":{"line":380,"column":19}},"380":{"start":{"line":381,"column":0},"end":{"line":381,"column":20}},"381":{"start":{"line":382,"column":0},"end":{"line":382,"column":43}},"382":{"start":{"line":383,"column":0},"end":{"line":383,"column":17}},"383":{"start":{"line":384,"column":0},"end":{"line":384,"column":27}},"384":{"start":{"line":385,"column":0},"end":{"line":385,"column":32}},"385":{"start":{"line":386,"column":0},"end":{"line":386,"column":14}},"386":{"start":{"line":387,"column":0},"end":{"line":387,"column":17}},"387":{"start":{"line":388,"column":0},"end":{"line":388,"column":62}},"388":{"start":{"line":389,"column":0},"end":{"line":389,"column":87}},"389":{"start":{"line":390,"column":0},"end":{"line":390,"column":7}},"390":{"start":{"line":391,"column":0},"end":{"line":391,"column":6}},"391":{"start":{"line":392,"column":0},"end":{"line":392,"column":3}},"392":{"start":{"line":393,"column":0},"end":{"line":393,"column":1}}},"s":{"2":1,"3":1,"4":11,"5":11,"6":11,"8":1,"9":2,"10":2,"13":2,"14":2,"15":1,"16":1,"17":1,"19":2,"20":2,"22":2,"23":1,"24":1,"26":2,"27":2,"28":1,"29":1,"30":1,"31":1,"32":1,"33":2,"34":2,"35":1,"36":1,"37":1,"38":2,"40":1,"41":2,"43":2,"44":2,"45":2,"47":2,"48":0,"49":0,"50":2,"51":1,"52":1,"53":1,"54":1,"55":1,"57":2,"59":2,"60":2,"61":1,"62":1,"63":1,"64":1,"65":1,"66":2,"67":2,"68":1,"69":1,"70":1,"71":2,"73":1,"74":3,"75":2,"76":2,"77":2,"78":2,"80":3,"81":1,"82":1,"84":2,"85":2,"86":2,"88":3,"89":1,"90":1,"91":1,"92":1,"93":1,"94":0,"95":3,"96":3,"97":1,"98":1,"99":1,"100":3,"102":1,"103":3,"104":2,"105":2,"106":2,"107":2,"108":2,"109":2,"112":3,"113":2,"114":1,"116":2,"117":2,"118":2,"120":3,"121":1,"122":1,"123":1,"124":1,"125":1,"126":0,"127":3,"128":3,"129":1,"130":1,"131":1,"132":3,"134":1,"135":1,"136":1,"137":1,"138":1,"140":1,"141":1,"142":1,"143":1,"144":1,"145":1,"146":1,"147":1,"148":0,"149":0,"150":1,"151":1,"153":1,"156":1,"157":1,"158":1,"159":1,"160":4,"161":4,"162":4,"163":4,"164":1,"165":1,"166":1,"169":1,"170":1,"171":0,"174":1,"175":1,"176":0,"179":1,"180":1,"181":1,"182":1,"183":1,"184":1,"187":1,"188":1,"189":1,"190":1,"191":1,"192":1,"193":1,"194":1,"195":1,"198":1,"199":1,"200":0,"202":1,"203":1,"204":1,"206":1,"207":1,"208":1,"209":1,"210":1,"211":1,"212":1,"213":1,"215":1,"216":1,"217":1,"218":1,"219":1,"220":1,"221":1,"222":1,"223":1,"224":1,"225":1,"226":1,"227":1,"228":1,"229":1,"230":1,"231":1,"232":1,"233":1,"234":1,"235":1,"237":1,"238":1,"239":1,"240":1,"243":1,"244":1,"245":0,"248":1,"249":1,"250":0,"252":1,"253":1,"254":1,"255":1,"258":1,"259":1,"260":1,"261":1,"262":1,"263":1,"264":1,"265":1,"266":1,"269":1,"270":1,"271":0,"273":1,"274":1,"275":1,"277":1,"278":1,"279":1,"280":1,"281":1,"282":1,"283":1,"284":1,"286":1,"287":1,"288":1,"289":1,"290":1,"291":1,"292":1,"293":1,"294":1,"295":1,"296":1,"297":1,"298":1,"299":1,"300":1,"301":1,"302":1,"303":1,"304":1,"305":1,"307":1,"308":1,"309":1,"310":1,"311":1,"312":1,"314":1,"315":1,"316":1,"317":1,"318":1,"319":1,"320":1,"321":1,"322":1,"323":1,"325":1,"326":1,"327":1,"328":1,"329":1,"330":1,"331":1,"332":1,"333":1,"334":1,"335":1,"336":1,"337":1,"338":1,"339":1,"340":1,"341":1,"342":1,"343":1,"344":1,"345":1,"346":1,"347":1,"348":1,"349":1,"351":1,"352":1,"353":1,"354":1,"355":1,"357":1,"358":1,"359":1,"360":0,"361":1,"362":1,"363":1,"364":1,"365":1,"366":1,"368":1,"369":1,"370":1,"371":1,"372":1,"373":1,"374":1,"375":1,"376":1,"377":1,"378":1,"379":1,"380":1,"381":1,"382":1,"383":1,"384":1,"385":1,"386":1,"387":1,"388":1,"389":1,"390":1,"391":1,"392":1},"branchMap":{"0":{"type":"branch","line":4,"loc":{"start":{"line":4,"column":10},"end":{"line":7,"column":74}},"locations":[{"start":{"line":4,"column":10},"end":{"line":7,"column":74}}]},"1":{"type":"branch","line":9,"loc":{"start":{"line":9,"column":2},"end":{"line":39,"column":3}},"locations":[{"start":{"line":9,"column":2},"end":{"line":39,"column":3}}]},"2":{"type":"branch","line":15,"loc":{"start":{"line":15,"column":41},"end":{"line":18,"column":7}},"locations":[{"start":{"line":15,"column":41},"end":{"line":18,"column":7}}]},"3":{"type":"branch","line":23,"loc":{"start":{"line":23,"column":34},"end":{"line":25,"column":67}},"locations":[{"start":{"line":23,"column":34},"end":{"line":25,"column":67}}]},"4":{"type":"branch","line":24,"loc":{"start":{"line":24,"column":34},"end":{"line":24,"column":91}},"locations":[{"start":{"line":24,"column":34},"end":{"line":24,"column":91}}]},"5":{"type":"branch","line":28,"loc":{"start":{"line":28,"column":23},"end":{"line":34,"column":43}},"locations":[{"start":{"line":28,"column":23},"end":{"line":34,"column":43}}]},"6":{"type":"branch","line":30,"loc":{"start":{"line":30,"column":29},"end":{"line":30,"column":43}},"locations":[{"start":{"line":30,"column":29},"end":{"line":30,"column":43}}]},"7":{"type":"branch","line":34,"loc":{"start":{"line":34,"column":32},"end":{"line":34,"column":80}},"locations":[{"start":{"line":34,"column":32},"end":{"line":34,"column":80}}]},"8":{"type":"branch","line":35,"loc":{"start":{"line":35,"column":4},"end":{"line":38,"column":5}},"locations":[{"start":{"line":35,"column":4},"end":{"line":38,"column":5}}]},"9":{"type":"branch","line":31,"loc":{"start":{"line":31,"column":27},"end":{"line":31,"column":70}},"locations":[{"start":{"line":31,"column":27},"end":{"line":31,"column":70}}]},"10":{"type":"branch","line":41,"loc":{"start":{"line":41,"column":2},"end":{"line":72,"column":3}},"locations":[{"start":{"line":41,"column":2},"end":{"line":72,"column":3}}]},"11":{"type":"branch","line":48,"loc":{"start":{"line":48,"column":34},"end":{"line":51,"column":17}},"locations":[{"start":{"line":48,"column":34},"end":{"line":51,"column":17}}]},"12":{"type":"branch","line":51,"loc":{"start":{"line":51,"column":36},"end":{"line":56,"column":7}},"locations":[{"start":{"line":51,"column":36},"end":{"line":56,"column":7}}]},"13":{"type":"branch","line":61,"loc":{"start":{"line":61,"column":23},"end":{"line":67,"column":43}},"locations":[{"start":{"line":61,"column":23},"end":{"line":67,"column":43}}]},"14":{"type":"branch","line":63,"loc":{"start":{"line":63,"column":36},"end":{"line":63,"column":48}},"locations":[{"start":{"line":63,"column":36},"end":{"line":63,"column":48}}]},"15":{"type":"branch","line":67,"loc":{"start":{"line":67,"column":32},"end":{"line":67,"column":80}},"locations":[{"start":{"line":67,"column":32},"end":{"line":67,"column":80}}]},"16":{"type":"branch","line":68,"loc":{"start":{"line":68,"column":4},"end":{"line":71,"column":5}},"locations":[{"start":{"line":68,"column":4},"end":{"line":71,"column":5}}]},"17":{"type":"branch","line":64,"loc":{"start":{"line":64,"column":25},"end":{"line":64,"column":68}},"locations":[{"start":{"line":64,"column":25},"end":{"line":64,"column":68}}]},"18":{"type":"branch","line":74,"loc":{"start":{"line":74,"column":2},"end":{"line":101,"column":3}},"locations":[{"start":{"line":74,"column":2},"end":{"line":101,"column":3}}]},"19":{"type":"branch","line":75,"loc":{"start":{"line":75,"column":17},"end":{"line":75,"column":27}},"locations":[{"start":{"line":75,"column":17},"end":{"line":75,"column":27}}]},"20":{"type":"branch","line":75,"loc":{"start":{"line":75,"column":25},"end":{"line":81,"column":38}},"locations":[{"start":{"line":75,"column":25},"end":{"line":81,"column":38}}]},"21":{"type":"branch","line":81,"loc":{"start":{"line":81,"column":34},"end":{"line":83,"column":56}},"locations":[{"start":{"line":81,"column":34},"end":{"line":83,"column":56}}]},"22":{"type":"branch","line":82,"loc":{"start":{"line":82,"column":34},"end":{"line":82,"column":77}},"locations":[{"start":{"line":82,"column":34},"end":{"line":82,"column":77}}]},"23":{"type":"branch","line":83,"loc":{"start":{"line":83,"column":54},"end":{"line":89,"column":23}},"locations":[{"start":{"line":83,"column":54},"end":{"line":89,"column":23}}]},"24":{"type":"branch","line":89,"loc":{"start":{"line":89,"column":23},"end":{"line":94,"column":88}},"locations":[{"start":{"line":89,"column":23},"end":{"line":94,"column":88}}]},"25":{"type":"branch","line":91,"loc":{"start":{"line":91,"column":48},"end":{"line":91,"column":60}},"locations":[{"start":{"line":91,"column":48},"end":{"line":91,"column":60}}]},"26":{"type":"branch","line":94,"loc":{"start":{"line":94,"column":86},"end":{"line":96,"column":72}},"locations":[{"start":{"line":94,"column":86},"end":{"line":96,"column":72}}]},"27":{"type":"branch","line":96,"loc":{"start":{"line":96,"column":58},"end":{"line":96,"column":107}},"locations":[{"start":{"line":96,"column":58},"end":{"line":96,"column":107}}]},"28":{"type":"branch","line":97,"loc":{"start":{"line":97,"column":4},"end":{"line":100,"column":5}},"locations":[{"start":{"line":97,"column":4},"end":{"line":100,"column":5}}]},"29":{"type":"branch","line":92,"loc":{"start":{"line":92,"column":27},"end":{"line":92,"column":68}},"locations":[{"start":{"line":92,"column":27},"end":{"line":92,"column":68}}]},"30":{"type":"branch","line":103,"loc":{"start":{"line":103,"column":2},"end":{"line":133,"column":3}},"locations":[{"start":{"line":103,"column":2},"end":{"line":133,"column":3}}]},"31":{"type":"branch","line":104,"loc":{"start":{"line":104,"column":17},"end":{"line":104,"column":27}},"locations":[{"start":{"line":104,"column":17},"end":{"line":104,"column":27}}]},"32":{"type":"branch","line":104,"loc":{"start":{"line":104,"column":25},"end":{"line":113,"column":38}},"locations":[{"start":{"line":104,"column":25},"end":{"line":113,"column":38}}]},"33":{"type":"branch","line":113,"loc":{"start":{"line":113,"column":34},"end":{"line":113,"column":87}},"locations":[{"start":{"line":113,"column":34},"end":{"line":113,"column":87}}]},"34":{"type":"branch","line":113,"loc":{"start":{"line":113,"column":85},"end":{"line":121,"column":23}},"locations":[{"start":{"line":113,"column":85},"end":{"line":121,"column":23}}]},"35":{"type":"branch","line":114,"loc":{"start":{"line":114,"column":34},"end":{"line":115,"column":61}},"locations":[{"start":{"line":114,"column":34},"end":{"line":115,"column":61}}]},"36":{"type":"branch","line":121,"loc":{"start":{"line":121,"column":23},"end":{"line":126,"column":88}},"locations":[{"start":{"line":121,"column":23},"end":{"line":126,"column":88}}]},"37":{"type":"branch","line":123,"loc":{"start":{"line":123,"column":26},"end":{"line":123,"column":37}},"locations":[{"start":{"line":123,"column":26},"end":{"line":123,"column":37}}]},"38":{"type":"branch","line":126,"loc":{"start":{"line":126,"column":86},"end":{"line":128,"column":86}},"locations":[{"start":{"line":126,"column":86},"end":{"line":128,"column":86}}]},"39":{"type":"branch","line":129,"loc":{"start":{"line":129,"column":4},"end":{"line":132,"column":5}},"locations":[{"start":{"line":129,"column":4},"end":{"line":132,"column":5}}]},"40":{"type":"branch","line":124,"loc":{"start":{"line":124,"column":24},"end":{"line":124,"column":62}},"locations":[{"start":{"line":124,"column":24},"end":{"line":124,"column":62}}]},"41":{"type":"branch","line":135,"loc":{"start":{"line":135,"column":10},"end":{"line":236,"column":3}},"locations":[{"start":{"line":135,"column":10},"end":{"line":236,"column":3}}]},"42":{"type":"branch","line":136,"loc":{"start":{"line":136,"column":18},"end":{"line":136,"column":28}},"locations":[{"start":{"line":136,"column":18},"end":{"line":136,"column":28}}]},"43":{"type":"branch","line":138,"loc":{"start":{"line":138,"column":38},"end":{"line":138,"column":47}},"locations":[{"start":{"line":138,"column":38},"end":{"line":138,"column":47}}]},"44":{"type":"branch","line":142,"loc":{"start":{"line":142,"column":28},"end":{"line":142,"column":48}},"locations":[{"start":{"line":142,"column":28},"end":{"line":142,"column":48}}]},"45":{"type":"branch","line":143,"loc":{"start":{"line":143,"column":32},"end":{"line":143,"column":51}},"locations":[{"start":{"line":143,"column":32},"end":{"line":143,"column":51}}]},"46":{"type":"branch","line":148,"loc":{"start":{"line":148,"column":8},"end":{"line":150,"column":9}},"locations":[{"start":{"line":148,"column":8},"end":{"line":150,"column":9}}]},"47":{"type":"branch","line":160,"loc":{"start":{"line":160,"column":83},"end":{"line":164,"column":7}},"locations":[{"start":{"line":160,"column":83},"end":{"line":164,"column":7}}]},"48":{"type":"branch","line":171,"loc":{"start":{"line":171,"column":80},"end":{"line":172,"column":18}},"locations":[{"start":{"line":171,"column":80},"end":{"line":172,"column":18}}]},"49":{"type":"branch","line":176,"loc":{"start":{"line":176,"column":62},"end":{"line":177,"column":18}},"locations":[{"start":{"line":176,"column":62},"end":{"line":177,"column":18}}]},"50":{"type":"branch","line":185,"loc":{"start":{"line":185,"column":66},"end":{"line":185,"column":84}},"locations":[{"start":{"line":185,"column":66},"end":{"line":185,"column":84}}]},"51":{"type":"branch","line":185,"loc":{"start":{"line":185,"column":71},"end":{"line":185,"column":94}},"locations":[{"start":{"line":185,"column":71},"end":{"line":185,"column":94}}]},"52":{"type":"branch","line":189,"loc":{"start":{"line":189,"column":28},"end":{"line":189,"column":48}},"locations":[{"start":{"line":189,"column":28},"end":{"line":189,"column":48}}]},"53":{"type":"branch","line":190,"loc":{"start":{"line":190,"column":31},"end":{"line":190,"column":52}},"locations":[{"start":{"line":190,"column":31},"end":{"line":190,"column":52}}]},"54":{"type":"branch","line":196,"loc":{"start":{"line":196,"column":75},"end":{"line":196,"column":
[...]
column":3}},"locations":[{"start":{"line":24,"column":10},"end":{"line":54,"column":3}}]},"4":{"type":"branch","line":25,"loc":{"start":{"line":25,"column":30},"end":{"line":39,"column":11}},"locations":[{"start":{"line":25,"column":30},"end":{"line":39,"column":11}}]},"5":{"type":"branch","line":33,"loc":{"start":{"line":33,"column":36},"end":{"line":33,"column":66}},"locations":[{"start":{"line":33,"column":36},"end":{"line":33,"column":66}}]},"6":{"type":"branch","line":34,"loc":{"start":{"line":34,"column":44},"end":{"line":37,"column":7}},"locations":[{"start":{"line":34,"column":44},"end":{"line":37,"column":7}}]},"7":{"type":"branch","line":39,"loc":{"start":{"line":39,"column":4},"end":{"line":53,"column":5}},"locations":[{"start":{"line":39,"column":4},"end":{"line":53,"column":5}}]},"8":{"type":"branch","line":41,"loc":{"start":{"line":41,"column":43},"end":{"line":41,"column":53}},"locations":[{"start":{"line":41,"column":43},"end":{"line":41,"column":53}}]},"9":{"type":"branch","line":43,"loc":{"start":{"line":43,"column":43},"end":{"line":51,"column":7}},"locations":[{"start":{"line":43,"column":43},"end":{"line":51,"column":7}}]},"10":{"type":"branch","line":45,"loc":{"start":{"line":45,"column":72},"end":{"line":49,"column":9}},"locations":[{"start":{"line":45,"column":72},"end":{"line":49,"column":9}}]},"11":{"type":"branch","line":63,"loc":{"start":{"line":63,"column":10},"end":{"line":70,"column":3}},"locations":[{"start":{"line":63,"column":10},"end":{"line":70,"column":3}}]},"12":{"type":"branch","line":67,"loc":{"start":{"line":67,"column":4},"end":{"line":69,"column":5}},"locations":[{"start":{"line":67,"column":4},"end":{"line":69,"column":5}}]},"13":{"type":"branch","line":72,"loc":{"start":{"line":72,"column":10},"end":{"line":92,"column":3}},"locations":[{"start":{"line":72,"column":10},"end":{"line":92,"column":3}}]},"14":{"type":"branch","line":73,"loc":{"start":{"line":73,"column":30},"end":{"line":86,"column":11}},"locations":[{"start":{"line":73,"column":30},"end":{"line":86,"column":11}}]},"15":{"type":"branch","line":82,"loc":{"start":{"line":82,"column":44},"end":{"line":84,"column":7}},"locations":[{"start":{"line":82,"column":44},"end":{"line":84,"column":7}}]},"16":{"type":"branch","line":86,"loc":{"start":{"line":86,"column":4},"end":{"line":91,"column":5}},"locations":[{"start":{"line":86,"column":4},"end":{"line":91,"column":5}}]},"17":{"type":"branch","line":88,"loc":{"start":{"line":88,"column":43},"end":{"line":88,"column":53}},"locations":[{"start":{"line":88,"column":43},"end":{"line":88,"column":53}}]},"18":{"type":"branch","line":89,"loc":{"start":{"line":89,"column":43},"end":{"line":89,"column":79}},"locations":[{"start":{"line":89,"column":43},"end":{"line":89,"column":79}}]},"19":{"type":"branch","line":96,"loc":{"start":{"line":96,"column":10},"end":{"line":103,"column":3}},"locations":[{"start":{"line":96,"column":10},"end":{"line":103,"column":3}}]},"20":{"type":"branch","line":100,"loc":{"start":{"line":100,"column":4},"end":{"line":102,"column":5}},"locations":[{"start":{"line":100,"column":4},"end":{"line":102,"column":5}}]},"21":{"type":"branch","line":105,"loc":{"start":{"line":105,"column":10},"end":{"line":151,"column":3}},"locations":[{"start":{"line":105,"column":10},"end":{"line":151,"column":3}}]},"22":{"type":"branch","line":106,"loc":{"start":{"line":106,"column":30},"end":{"line":119,"column":11}},"locations":[{"start":{"line":106,"column":30},"end":{"line":119,"column":11}}]},"23":{"type":"branch","line":115,"loc":{"start":{"line":115,"column":44},"end":{"line":117,"column":7}},"locations":[{"start":{"line":115,"column":44},"end":{"line":117,"column":7}}]},"24":{"type":"branch","line":119,"loc":{"start":{"line":119,"column":4},"end":{"line":150,"column":5}},"locations":[{"start":{"line":119,"column":4},"end":{"line":150,"column":5}}]},"25":{"type":"branch","line":121,"loc":{"start":{"line":121,"column":43},"end":{"line":121,"column":53}},"locations":[{"start":{"line":121,"column":43},"end":{"line":121,"column":53}}]},"26":{"type":"branch","line":123,"loc":{"start":{"line":123,"column":47},"end":{"line":149,"column":7}},"locations":[{"start":{"line":123,"column":47},"end":{"line":149,"column":7}}]},"27":{"type":"branch","line":131,"loc":{"start":{"line":131,"column":25},"end":{"line":133,"column":9}},"locations":[{"start":{"line":131,"column":25},"end":{"line":133,"column":9}}]},"28":{"type":"branch","line":141,"loc":{"start":{"line":141,"column":8},"end":{"line":149,"column":7}},"locations":[{"start":{"line":141,"column":8},"end":{"line":149,"column":7}}]},"29":{"type":"branch","line":125,"loc":{"start":{"line":125,"column":45},"end":{"line":125,"column":79}},"locations":[{"start":{"line":125,"column":45},"end":{"line":125,"column":79}}]},"30":{"type":"branch","line":130,"loc":{"start":{"line":130,"column":52},"end":{"line":130,"column":74}},"locations":[{"start":{"line":130,"column":52},"end":{"line":130,"column":74}}]},"31":{"type":"branch","line":137,"loc":{"start":{"line":137,"column":38},"end":{"line":137,"column":65}},"locations":[{"start":{"line":137,"column":38},"end":{"line":137,"column":65}}]},"32":{"type":"branch","line":155,"loc":{"start":{"line":155,"column":10},"end":{"line":162,"column":3}},"locations":[{"start":{"line":155,"column":10},"end":{"line":162,"column":3}}]},"33":{"type":"branch","line":159,"loc":{"start":{"line":159,"column":4},"end":{"line":161,"column":5}},"locations":[{"start":{"line":159,"column":4},"end":{"line":161,"column":5}}]},"34":{"type":"branch","line":164,"loc":{"start":{"line":164,"column":10},"end":{"line":171,"column":3}},"locations":[{"start":{"line":164,"column":10},"end":{"line":171,"column":3}}]},"35":{"type":"branch","line":167,"loc":{"start":{"line":167,"column":56},"end":{"line":170,"column":27}},"locations":[{"start":{"line":167,"column":56},"end":{"line":170,"column":27}}]},"36":{"type":"branch","line":173,"loc":{"start":{"line":173,"column":10},"end":{"line":205,"column":3}},"locations":[{"start":{"line":173,"column":10},"end":{"line":205,"column":3}}]},"37":{"type":"branch","line":176,"loc":{"start":{"line":176,"column":30},"end":{"line":190,"column":11}},"locations":[{"start":{"line":176,"column":30},"end":{"line":190,"column":11}}]},"38":{"type":"branch","line":184,"loc":{"start":{"line":184,"column":44},"end":{"line":186,"column":7}},"locations":[{"start":{"line":184,"column":44},"end":{"line":186,"column":7}}]},"39":{"type":"branch","line":190,"loc":{"start":{"line":190,"column":4},"end":{"line":204,"column":18}},"locations":[{"start":{"line":190,"column":4},"end":{"line":204,"column":18}}]},"40":{"type":"branch","line":192,"loc":{"start":{"line":192,"column":46},"end":{"line":203,"column":5}},"locations":[{"start":{"line":192,"column":46},"end":{"line":203,"column":5}}]}},"b":{"0":[2],"1":[2],"2":[0],"3":[5],"4":[3],"5":[0],"6":[0],"7":[2],"8":[0],"9":[3],"10":[0],"11":[2],"12":[0],"13":[5],"14":[3],"15":[0],"16":[2],"17":[0],"18":[3],"19":[2],"20":[1],"21":[3],"22":[1],"23":[0],"24":[2],"25":[0],"26":[1],"27":[0],"28":[0],"29":[1],"30":[2],"31":[2],"32":[2],"33":[1],"34":[2],"35":[1],"36":[3],"37":[1],"38":[0],"39":[2],"40":[1]},"fnMap":{"0":{"name":"translate","decl":{"start":{"line":5,"column":9},"end":{"line":12,"column":3}},"loc":{"start":{"line":5,"column":9},"end":{"line":12,"column":3}},"line":5},"1":{"name":"translateToScopus","decl":{"start":{"line":15,"column":10},"end":{"line":22,"column":3}},"loc":{"start":{"line":15,"column":10},"end":{"line":22,"column":3}},"line":15},"2":{"name":"scopusVisit","decl":{"start":{"line":24,"column":10},"end":{"line":54,"column":3}},"loc":{"start":{"line":24,"column":10},"end":{"line":54,"column":3}},"line":24},"3":{"name":"scopusRuleWithoutNot","decl":{"start":{"line":56,"column":10},"end":{"line":60,"column":3}},"loc":{"start":{"line":56,"column":10},"end":{"line":60,"column":3}},"line":56},"4":{"name":"translateToWoS","decl":{"start":{"line":63,"column":10},"end":{"line":70,"column":3}},"loc":{"start":{"line":63,"column":10},"end":{"line":70,"column":3}},"line":63},"5":{"name":"wosVisit","decl":{"start":{"line":72,"column":10},"end":{"line":92,"column":3}},"loc":{"start":{"line":72,"column":10},"end":{"line":92,"column":3}},"line":72},"6":{"name":"translateToOpenAlex","decl":{"start":{"line":96,"column":10},"end":{"line":103,"column":3}},"loc":{"start":{"line":96,"column":10},"end":{"line":103,"column":3}},"line":96},"7":{"name":"openalexVisit","decl":{"start":{"line":105,"column":10},"end":{"line":151,"column":3}},"loc":{"start":{"line":105,"column":10},"end":{"line":151,"column":3}},"line":105},"8":{"name":"translateToCrossref","decl":{"start":{"line":155,"column":10},"end":{"line":162,"column":3}},"loc":{"start":{"line":155,"column":10},"end":{"line":162,"column":3}},"line":155},"9":{"name":"crossrefVisit","decl":{"start":{"line":164,"column":10},"end":{"line":171,"column":3}},"loc":{"start":{"line":164,"column":10},"end":{"line":171,"column":3}},"line":164},"10":{"name":"crossrefCollect","decl":{"start":{"line":173,"column":10},"end":{"line":205,"column":3}},"loc":{"start":{"line":173,"column":10},"end":{"line":205,"column":3}},"line":173}},"f":{"0":2,"1":2,"2":5,"3":0,"4":2,"5":5,"6":2,"7":3,"8":2,"9":2,"10":3}}
,"C:\\root_lab\\antigravity\\emmas_librarian\\frontend\\electron\\services\\SearchOrchestrator.ts": {"path":"C:\\root_lab\\antigravity\\emmas_librarian\\frontend\\electron\\services\\SearchOrchestrator.ts","all":false,"statementMap":{"6":{"start":{"line":7,"column":0},"end":{"line":7,"column":33}},"7":{"start":{"line":8,"column":0},"end":{"line":8,"column":14}},"8":{"start":{"line":9,"column":0},"end":{"line":9,"column":32}},"9":{"start":{"line":10,"column":0},"end":{"line":10,"column":40}},"10":{"start":{"line":11,"column":0},"end":{"line":11,"column":30}},"11":{"start":{"line":12,"column":0},"end":{"line":12,"column":6}},"13":{"start":{"line":14,"column":0},"end":{"line":14,"column":283}},"15":{"start":{"line":16,"column":0},"end":{"line":16,"column":65}},"16":{"start":{"line":17,"column":0},"end":{"line":17,"column":59}},"18":{"start":{"line":19,"column":0},"end":{"line":19,"column":92}},"23":{"start":{"line":24,"column":0},"end":{"line":24,"column":140}},"24":{"start":{"line":25,"column":0},"end":{"line":25,"column":140}},"25":{"start":{"line":26,"column":0},"end":{"line":26,"column":143}},"26":{"start":{"line":27,"column":0},"end":{"line":27,"column":128}},"28":{"start":{"line":29,"column":0},"end":{"line":29,"column":76}},"29":{"start":{"line":30,"column":0},"end":{"line":30,"column":71}},"30":{"start":{"line":31,"column":0},"end":{"line":31,"column":16}},"31":{"start":{"line":32,"column":0},"end":{"line":32,"column":22}},"32":{"start":{"line":33,"column":0},"end":{"line":33,"column":53}},"33":{"start":{"line":34,"column":0},"end":{"line":34,"column":21}},"34":{"start":{"line":35,"column":0},"end":{"line":35,"column":10}},"35":{"start":{"line":36,"column":0},"end":{"line":36,"column":23}},"36":{"start":{"line":37,"column":0},"end":{"line":37,"column":87}},"37":{"start":{"line":38,"column":0},"end":{"line":38,"column":20}},"38":{"start":{"line":39,"column":0},"end":{"line":39,"column":10}},"39":{"start":{"line":40,"column":0},"end":{"line":40,"column":7}},"41":{"start":{"line":42,"column":0},"end":{"line":42,"column":48}},"43":{"start":{"line":44,"column":0},"end":{"line":44,"column":59}},"46":{"start":{"line":47,"column":0},"end":{"line":47,"column":47}},"47":{"start":{"line":48,"column":0},"end":{"line":48,"column":17}},"48":{"start":{"line":49,"column":0},"end":{"line":49,"column":20}},"49":{"start":{"line":50,"column":0},"end":{"line":50,"column":16}},"50":{"start":{"line":51,"column":0},"end":{"line":51,"column":27}},"51":{"start":{"line":52,"column":0},"end":{"line":52,"column":15}},"52":{"start":{"line":53,"column":0},"end":{"line":53,"column":6}},"54":{"start":{"line":55,"column":0},"end":{"line":55,"column":23}},"55":{"start":{"line":56,"column":0},"end":{"line":56,"column":41}},"56":{"start":{"line":57,"column":0},"end":{"line":57,"column":38}},"57":{"start":{"line":58,"column":0},"end":{"line":58,"column":25}},"58":{"start":{"line":59,"column":0},"end":{"line":59,"column":29}},"59":{"start":{"line":60,"column":0},"end":{"line":60,"column":33}},"60":{"start":{"line":61,"column":0},"end":{"line":61,"column":27}},"61":{"start":{"line":62,"column":0},"end":{"line":62,"column":35}},"62":{"start":{"line":63,"column":0},"end":{"line":63,"column":48}},"63":{"start":{"line":64,"column":0},"end":{"line":64,"column":46}},"64":{"start":{"line":65,"column":0},"end":{"line":65,"column":33}},"65":{"start":{"line":66,"column":0},"end":{"line":66,"column":31}},"66":{"start":{"line":67,"column":0},"end":{"line":67,"column":29}},"67":{"start":{"line":68,"column":0},"end":{"line":68,"column":29}},"68":{"start":{"line":69,"column":0},"end":{"line":69,"column":43}},"69":{"start":{"line":70,"column":0},"end":{"line":70,"column":44}},"70":{"start":{"line":71,"column":0},"end":{"line":71,"column":44}},"71":{"start":{"line":72,"column":0},"end":{"line":72,"column":27}},"72":{"start":{"line":73,"column":0},"end":{"line":73,"column":46}},"73":{"start":{"line":74,"column":0},"end":{"line":74,"column":47}},"74":{"start":{"line":75,"column":0},"end":{"line":75,"column":67}},"75":{"start":{"line":76,"column":0},"end":{"line":76,"column":51}},"76":{"start":{"line":77,"column":0},"end":{"line":77,"column":27}},"77":{"start":{"line":78,"column":0},"end":{"line":78,"column":9}},"78":{"start":{"line":79,"column":0},"end":{"line":79,"column":19}},"79":{"start":{"line":80,"column":0},"end":{"line":80,"column":5}},"81":{"start":{"line":82,"column":0},"end":{"line":82,"column":68}},"82":{"start":{"line":83,"column":0},"end":{"line":83,"column":64}},"83":{"start":{"line":84,"column":0},"end":{"line":84,"column":3}},"85":{"start":{"line":86,"column":0},"end":{"line":86,"column":74}},"86":{"start":{"line":87,"column":0},"end":{"line":87,"column":46}},"87":{"start":{"line":88,"column":0},"end":{"line":88,"column":48}},"88":{"start":{"line":89,"column":0},"end":{"line":89,"column":49}},"90":{"start":{"line":91,"column":0},"end":{"line":91,"column":33}},"91":{"start":{"line":92,"column":0},"end":{"line":92,"column":27}},"92":{"start":{"line":93,"column":0},"end":{"line":93,"column":60}},"94":{"start":{"line":95,"column":0},"end":{"line":95,"column":42}},"96":{"start":{"line":97,"column":0},"end":{"line":97,"column":36}},"97":{"start":{"line":98,"column":0},"end":{"line":98,"column":39}},"98":{"start":{"line":99,"column":0},"end":{"line":99,"column":49}},"99":{"start":{"line":100,"column":0},"end":{"line":100,"column":43}},"100":{"start":{"line":101,"column":0},"end":{"line":101,"column":7}},"102":{"start":{"line":103,"column":0},"end":{"line":103,"column":38}},"103":{"start":{"line":104,"column":0},"end":{"line":104,"column":51}},"104":{"start":{"line":105,"column":0},"end":{"line":105,"column":51}},"105":{"start":{"line":106,"column":0},"end":{"line":106,"column":61}},"106":{"start":{"line":107,"column":0},"end":{"line":107,"column":52}},"107":{"start":{"line":108,"column":0},"end":{"line":108,"column":9}},"108":{"start":{"line":109,"column":0},"end":{"line":109,"column":14}},"109":{"start":{"line":110,"column":0},"end":{"line":110,"column":40}},"110":{"start":{"line":111,"column":0},"end":{"line":111,"column":32}},"111":{"start":{"line":112,"column":0},"end":{"line":112,"column":39}},"112":{"start":{"line":113,"column":0},"end":{"line":113,"column":45}},"113":{"start":{"line":114,"column":0},"end":{"line":114,"column":7}},"114":{"start":{"line":115,"column":0},"end":{"line":115,"column":5}},"116":{"start":{"line":117,"column":0},"end":{"line":117,"column":24}},"117":{"start":{"line":118,"column":0},"end":{"line":118,"column":3}},"118":{"start":{"line":119,"column":0},"end":{"line":119,"column":1}}},"s":{"6":1,"7":1,"8":1,"9":1,"10":1,"11":1,"13":1,"15":1,"16":1,"18":1,"23":1,"24":1,"25":1,"26":1,"28":1,"29":1,"30":2,"31":2,"32":2,"33":2,"34":2,"35":2,"36":0,"37":0,"38":2,"39":1,"41":1,"43":1,"46":1,"47":1,"48":1,"49":1,"50":1,"51":1,"52":1,"54":1,"55":1,"56":1,"57":1,"58":1,"59":1,"60":1,"61":1,"62":1,"63":1,"64":1,"65":1,"66":1,"67":1,"68":1,"69":1,"70":1,"71":1,"72":1,"73":1,"74":1,"75":1,"76":1,"77":1,"78":1,"79":1,"81":1,"82":1,"83":1,"85":1,"86":1,"87":1,"88":1,"90":1,"91":2,"92":2,"94":2,"96":2,"97":1,"98":1,"99":0,"100":0,"102":2,"103":1,"104":1,"105":1,"106":1,"107":1,"108":1,"109":1,"110":1,"111":1,"112":1,"113":1,"114":2,"116":1,"117":1,"118":1},"branchMap":{"0":{"type":"branch","line":8,"loc":{"start":{"line":8,"column":2},"end":{"line":12,"column":6}},"locations":[{"start":{"line":8,"column":2},"end":{"line":12,"column":6}}]},"1":{"type":"branch","line":14,"loc":{"start":{"line":14,"column":2},"end":{"line":84,"column":3}},"locations":[{"start":{"line":14,"column":2},"end":{"line":84,"column":3}}]},"2":{"type":"branch","line":26,"loc":{"start":{"line":26,"column":25},"end":{"line":26,"column":143}},"locations":[{"start":{"line":26,"column":25},"end":{"line":26,"column":143}}]},"3":{"type":"branch","line":27,"loc":{"start":{"line":27,"column":22},"end":{"line":27,"column":128}},"locations":[{"start":{"line":27,"column":22},"end":{"line":27,"column":128}}]},"4":{"type":"branch","line":30,"loc":{"start":{"line":30,"column":65},"end":{"line":39,"column":10}},"locations":[{"start":{"line":30,"column":65},"end":{"line":39,"column":10}}]},"5":{"type":"branch","line":32,"loc":{"start":{"line":32,"column":14},"end":{"line":35,"column":9}},"locations":[{"start":{"line":32,"column":14},"end":{"line":35,"column":9}}]},"6":{"type":"branch","line":86,"loc":{"start":{"line":86,"column":10},"end":{"line":118,"column":3}},"locations":[{"start":{"line":86,"column":10},"end":{"line":118,"column":3}}]},"7":{"type":"branch","line":91,"loc":{"start":{"line":91,"column":32},"end":{"line":115,"column":5}},"locations":[{"start":{"line":91,"column":32},"end":{"line":115,"column":5}}]},"8":{"type":"branch","line":93,"loc":{"start":{"line":93,"column":26},"end":{"line":93,"column":39}},"locations":[{"start":{"line":93,"column":26},"end":{"line":93,"column":39}}]},"9":{"type":"branch","line":97,"loc":{"start":{"line":97,"column":35},"end":{"line":101,"column":7}},"locations":[{"start":{"line":97,"column":35},"end":{"line":101,"column":7}}]},"10":{"type":"branch","line":99,"loc":{"start":{"line":99,"column":48},"end":{"line":101,"column":7}},"locations":[{"start":{"line":99,"column":48},"end":{"line":101,"column":7}}]},"11":{"type":"branch","line":103,"loc":{"start":{"line":103,"column":37},"end":{"line":114,"column":7}},"locations":[{"start":{"line":103,"column":37},"end":{"line":114,"column":7}}]}},"b":{"0":[1],"1":[1],"2":[0],"3":[0],"4":[2],"5":[2],"6":[1],"7":[2],"8":[0],"9":[1],"10":[0],"11":[1]},"fnMap":{"0":{"name":"SearchOrchestrator","decl":{"start":{"line":8,"column":2},"end":{"line":12,"column":6}},"loc":{"start":{"line":8,"column":2},"end":{"line":12,"column":6}},"line":8},"1":{"name":"searchAndPersist","decl":{"start":{"line":14,"column":2},"end":{"line":84,"column":3}},"loc":{"start":{"line":14,"column":2},"end":{"line":84,"column":3}},"line":14},"2":{"name":"deduplicate","decl":{"start":{"line":86,"column":10},"end":{"line":118,"column":3}},"loc":{"start":{"line":86,"column":10},"end":{"line":118,"column":3}},"line":86}},"f":{"0":1,"1":1,"2":1}}
,"C:\\root_lab\\antigravity\\emmas_librarian\\frontend\\electron\\services\\types.ts": {"path":"C:\\root_lab\\antigravity\\emmas_librarian\\frontend\\electron\\services\\types.ts","all":true,"statementMap":{},"s":{},"branchMap":{"0":{"type":"branch","line":1,"loc":{"start":{"line":1,"column":573},"end":{"line":27,"column":1}},"locations":[{"start":{"line":1,"column":573},"end":{"line":27,"column":1}}]}},"b":{"0":[1]},"fnMap":{"0":{"name":"(empty-report)","decl":{"start":{"line":1,"column":573},"end":{"line":27,"column":1}},"loc":{"start":{"line":1,"column":573},"end":{"line":27,"column":1}},"line":1}},"f":{"0":1}}
}
